{"/home/runner/work/tester.com/tester.com/src/App.jsx": {"path":"/home/runner/work/tester.com/tester.com/src/App.jsx","statementMap":{"0":{"start":{"line":33,"column":6},"end":{"line":116,"column":2}},"1":{"start":{"line":123,"column":6},"end":{"line":395,"column":null}},"2":{"start":{"line":124,"column":52},"end":{"line":124,"column":71}},"3":{"start":{"line":125,"column":28},"end":{"line":125,"column":48}},"4":{"start":{"line":127,"column":2},"end":{"line":395,"column":null}},"5":{"start":{"line":214,"column":29},"end":{"line":214,"column":54}},"6":{"start":{"line":399,"column":6},"end":{"line":405,"column":null}},"7":{"start":{"line":400,"column":10},"end":{"line":400,"column":34}},"8":{"start":{"line":401,"column":8},"end":{"line":401,"column":32}},"9":{"start":{"line":402,"column":2},"end":{"line":403,"column":null}},"10":{"start":{"line":403,"column":4},"end":{"line":403,"column":null}},"11":{"start":{"line":405,"column":2},"end":{"line":405,"column":null}},"12":{"start":{"line":408,"column":6},"end":{"line":500,"column":null}},"13":{"start":{"line":409,"column":20},"end":{"line":409,"column":48}},"14":{"start":{"line":410,"column":17},"end":{"line":410,"column":42}},"15":{"start":{"line":411,"column":10},"end":{"line":411,"column":29}},"16":{"start":{"line":413,"column":20},"end":{"line":413,"column":75}},"17":{"start":{"line":413,"column":52},"end":{"line":413,"column":73}},"18":{"start":{"line":415,"column":8},"end":{"line":429,"column":null}},"19":{"start":{"line":416,"column":4},"end":{"line":429,"column":null}},"20":{"start":{"line":417,"column":25},"end":{"line":417,"column":73}},"21":{"start":{"line":417,"column":50},"end":{"line":417,"column":73}},"22":{"start":{"line":418,"column":6},"end":{"line":427,"column":null}},"23":{"start":{"line":419,"column":8},"end":{"line":419,"column":null}},"24":{"start":{"line":420,"column":8},"end":{"line":424,"column":null}},"25":{"start":{"line":421,"column":10},"end":{"line":423,"column":null}},"26":{"start":{"line":426,"column":8},"end":{"line":426,"column":null}},"27":{"start":{"line":427,"column":8},"end":{"line":427,"column":null}},"28":{"start":{"line":432,"column":8},"end":{"line":438,"column":null}},"29":{"start":{"line":433,"column":4},"end":{"line":438,"column":null}},"30":{"start":{"line":434,"column":6},"end":{"line":434,"column":null}},"31":{"start":{"line":435,"column":6},"end":{"line":437,"column":null}},"32":{"start":{"line":436,"column":8},"end":{"line":436,"column":null}},"33":{"start":{"line":441,"column":8},"end":{"line":445,"column":null}},"34":{"start":{"line":442,"column":4},"end":{"line":445,"column":null}},"35":{"start":{"line":443,"column":6},"end":{"line":443,"column":null}},"36":{"start":{"line":444,"column":6},"end":{"line":444,"column":null}},"37":{"start":{"line":444,"column":40},"end":{"line":444,"column":63}},"38":{"start":{"line":448,"column":2},"end":{"line":500,"column":null}},"39":{"start":{"line":472,"column":49},"end":{"line":472,"column":65}},"40":{"start":{"line":480,"column":49},"end":{"line":480,"column":65}},"41":{"start":{"line":505,"column":6},"end":{"line":514,"column":null}},"42":{"start":{"line":506,"column":2},"end":{"line":514,"column":null}}},"fnMap":{"0":{"name":"(anonymous_0)","decl":{"start":{"line":123,"column":6},"end":{"line":123,"column":16}},"loc":{"start":{"line":123,"column":53},"end":{"line":395,"column":null}},"line":123},"1":{"name":"(anonymous_1)","decl":{"start":{"line":214,"column":12},"end":{"line":214,"column":23}},"loc":{"start":{"line":214,"column":29},"end":{"line":214,"column":54}},"line":214},"2":{"name":"(anonymous_2)","decl":{"start":{"line":399,"column":6},"end":{"line":399,"column":24}},"loc":{"start":{"line":399,"column":41},"end":{"line":405,"column":null}},"line":399},"3":{"name":"(anonymous_3)","decl":{"start":{"line":408,"column":6},"end":{"line":408,"column":23}},"loc":{"start":{"line":408,"column":23},"end":{"line":500,"column":null}},"line":408},"4":{"name":"(anonymous_4)","decl":{"start":{"line":413,"column":30},"end":{"line":413,"column":38}},"loc":{"start":{"line":413,"column":52},"end":{"line":413,"column":73}},"line":413},"5":{"name":"(anonymous_5)","decl":{"start":{"line":415,"column":8},"end":{"line":415,"column":27}},"loc":{"start":{"line":415,"column":49},"end":{"line":429,"column":null}},"line":415},"6":{"name":"(anonymous_6)","decl":{"start":{"line":416,"column":4},"end":{"line":416,"column":18}},"loc":{"start":{"line":416,"column":32},"end":{"line":429,"column":null}},"line":416},"7":{"name":"(anonymous_7)","decl":{"start":{"line":417,"column":35},"end":{"line":417,"column":41}},"loc":{"start":{"line":417,"column":50},"end":{"line":417,"column":73}},"line":417},"8":{"name":"(anonymous_8)","decl":{"start":{"line":420,"column":25},"end":{"line":420,"column":30}},"loc":{"start":{"line":421,"column":10},"end":{"line":423,"column":null}},"line":421},"9":{"name":"(anonymous_9)","decl":{"start":{"line":432,"column":8},"end":{"line":432,"column":28}},"loc":{"start":{"line":432,"column":50},"end":{"line":438,"column":null}},"line":432},"10":{"name":"(anonymous_10)","decl":{"start":{"line":433,"column":4},"end":{"line":433,"column":18}},"loc":{"start":{"line":433,"column":32},"end":{"line":438,"column":null}},"line":433},"11":{"name":"(anonymous_11)","decl":{"start":{"line":435,"column":23},"end":{"line":435,"column":28}},"loc":{"start":{"line":436,"column":8},"end":{"line":436,"column":null}},"line":436},"12":{"name":"(anonymous_12)","decl":{"start":{"line":441,"column":8},"end":{"line":441,"column":32}},"loc":{"start":{"line":441,"column":44},"end":{"line":445,"column":null}},"line":441},"13":{"name":"(anonymous_13)","decl":{"start":{"line":442,"column":4},"end":{"line":442,"column":18}},"loc":{"start":{"line":442,"column":32},"end":{"line":445,"column":null}},"line":442},"14":{"name":"(anonymous_14)","decl":{"start":{"line":444,"column":23},"end":{"line":444,"column":31}},"loc":{"start":{"line":444,"column":40},"end":{"line":444,"column":63}},"line":444},"15":{"name":"(anonymous_15)","decl":{"start":{"line":472,"column":32},"end":{"line":472,"column":49}},"loc":{"start":{"line":472,"column":49},"end":{"line":472,"column":65}},"line":472},"16":{"name":"(anonymous_16)","decl":{"start":{"line":480,"column":32},"end":{"line":480,"column":49}},"loc":{"start":{"line":480,"column":49},"end":{"line":480,"column":65}},"line":480},"17":{"name":"(anonymous_17)","decl":{"start":{"line":505,"column":6},"end":{"line":505,"column":18}},"loc":{"start":{"line":505,"column":18},"end":{"line":514,"column":null}},"line":505}},"branchMap":{"0":{"loc":{"start":{"line":264,"column":9},"end":{"line":321,"column":null}},"type":"cond-expr","locations":[{"start":{"line":265,"column":10},"end":{"line":303,"column":11}},{"start":{"line":303,"column":10},"end":{"line":321,"column":null}}],"line":264},"1":{"loc":{"start":{"line":402,"column":2},"end":{"line":403,"column":null}},"type":"if","locations":[{"start":{"line":402,"column":2},"end":{"line":403,"column":null}},{"start":{},"end":{}}],"line":402},"2":{"loc":{"start":{"line":418,"column":6},"end":{"line":427,"column":null}},"type":"if","locations":[{"start":{"line":418,"column":6},"end":{"line":427,"column":null}},{"start":{"line":425,"column":13},"end":{"line":427,"column":null}}],"line":418},"3":{"loc":{"start":{"line":421,"column":10},"end":{"line":423,"column":null}},"type":"cond-expr","locations":[{"start":{"line":422,"column":14},"end":{"line":422,"column":null}},{"start":{"line":423,"column":14},"end":{"line":423,"column":null}}],"line":421},"4":{"loc":{"start":{"line":436,"column":8},"end":{"line":436,"column":null}},"type":"cond-expr","locations":[{"start":{"line":436,"column":33},"end":{"line":436,"column":68}},{"start":{"line":436,"column":68},"end":{"line":436,"column":null}}],"line":436}},"s":{"0":1,"1":1,"2":14,"3":14,"4":14,"5":0,"6":1,"7":1,"8":1,"9":1,"10":1,"11":0,"12":1,"13":14,"14":14,"15":14,"16":14,"17":6,"18":14,"19":5,"20":5,"21":2,"22":5,"23":1,"24":1,"25":1,"26":4,"27":4,"28":14,"29":1,"30":1,"31":1,"32":0,"33":14,"34":1,"35":1,"36":1,"37":0,"38":14,"39":0,"40":0,"41":1,"42":6},"f":{"0":14,"1":0,"2":1,"3":14,"4":6,"5":5,"6":5,"7":2,"8":1,"9":1,"10":1,"11":0,"12":1,"13":1,"14":0,"15":0,"16":0,"17":6},"b":{"0":[0,14],"1":[1,0],"2":[1,4],"3":[1,0],"4":[0,0]},"meta":{"lastBranch":5,"lastFunction":18,"lastStatement":43,"seen":{"s:33:6:116:2":0,"s:123:6:395:Infinity":1,"f:123:6:123:16":0,"s:124:52:124:71":2,"s:125:28:125:48":3,"s:127:2:395:Infinity":4,"f:214:12:214:23":1,"s:214:29:214:54":5,"b:265:10:303:11:303:10:321:Infinity":0,"s:399:6:405:Infinity":6,"f:399:6:399:24":2,"s:400:10:400:34":7,"s:401:8:401:32":8,"b:402:2:403:Infinity:undefined:undefined:undefined:undefined":1,"s:402:2:403:Infinity":9,"s:403:4:403:Infinity":10,"s:405:2:405:Infinity":11,"s:408:6:500:Infinity":12,"f:408:6:408:23":3,"s:409:20:409:48":13,"s:410:17:410:42":14,"s:411:10:411:29":15,"s:413:20:413:75":16,"f:413:30:413:38":4,"s:413:52:413:73":17,"s:415:8:429:Infinity":18,"f:415:8:415:27":5,"s:416:4:429:Infinity":19,"f:416:4:416:18":6,"s:417:25:417:73":20,"f:417:35:417:41":7,"s:417:50:417:73":21,"b:418:6:427:Infinity:425:13:427:Infinity":2,"s:418:6:427:Infinity":22,"s:419:8:419:Infinity":23,"s:420:8:424:Infinity":24,"f:420:25:420:30":8,"s:421:10:423:Infinity":25,"b:422:14:422:Infinity:423:14:423:Infinity":3,"s:426:8:426:Infinity":26,"s:427:8:427:Infinity":27,"s:432:8:438:Infinity":28,"f:432:8:432:28":9,"s:433:4:438:Infinity":29,"f:433:4:433:18":10,"s:434:6:434:Infinity":30,"s:435:6:437:Infinity":31,"f:435:23:435:28":11,"s:436:8:436:Infinity":32,"b:436:33:436:68:436:68:436:Infinity":4,"s:441:8:445:Infinity":33,"f:441:8:441:32":12,"s:442:4:445:Infinity":34,"f:442:4:442:18":13,"s:443:6:443:Infinity":35,"s:444:6:444:Infinity":36,"f:444:23:444:31":14,"s:444:40:444:63":37,"s:448:2:500:Infinity":38,"f:472:32:472:49":15,"s:472:49:472:65":39,"f:480:32:480:49":16,"s:480:49:480:65":40,"s:505:6:514:Infinity":41,"f:505:6:505:18":17,"s:506:2:514:Infinity":42}}}
,"/home/runner/work/tester.com/tester.com/src/components/Cart.jsx": {"path":"/home/runner/work/tester.com/tester.com/src/components/Cart.jsx","statementMap":{"0":{"start":{"line":19,"column":6},"end":{"line":146,"column":null}},"1":{"start":{"line":25,"column":10},"end":{"line":25,"column":29}},"2":{"start":{"line":26,"column":24},"end":{"line":26,"column":65}},"3":{"start":{"line":27,"column":21},"end":{"line":29,"column":null}},"4":{"start":{"line":28,"column":21},"end":{"line":28,"column":null}},"5":{"start":{"line":32,"column":21},"end":{"line":32,"column":80}},"6":{"start":{"line":32,"column":57},"end":{"line":32,"column":78}},"7":{"start":{"line":34,"column":2},"end":{"line":146,"column":null}},"8":{"start":{"line":77,"column":18},"end":{"line":84,"column":null}}},"fnMap":{"0":{"name":"(anonymous_0)","decl":{"start":{"line":19,"column":6},"end":{"line":19,"column":14}},"loc":{"start":{"line":24,"column":6},"end":{"line":146,"column":null}},"line":24},"1":{"name":"(anonymous_1)","decl":{"start":{"line":21,"column":2},"end":{"line":21,"column":23}},"loc":{"start":{"line":21,"column":23},"end":{"line":21,"column":null}},"line":21},"2":{"name":"(anonymous_2)","decl":{"start":{"line":22,"column":2},"end":{"line":22,"column":27}},"loc":{"start":{"line":22,"column":27},"end":{"line":22,"column":null}},"line":22},"3":{"name":"(anonymous_3)","decl":{"start":{"line":23,"column":2},"end":{"line":23,"column":23}},"loc":{"start":{"line":23,"column":23},"end":{"line":23,"column":null}},"line":23},"4":{"name":"(anonymous_4)","decl":{"start":{"line":27,"column":35},"end":{"line":27,"column":null}},"loc":{"start":{"line":28,"column":21},"end":{"line":28,"column":null}},"line":28},"5":{"name":"(anonymous_5)","decl":{"start":{"line":32,"column":35},"end":{"line":32,"column":43}},"loc":{"start":{"line":32,"column":57},"end":{"line":32,"column":78}},"line":32},"6":{"name":"(anonymous_6)","decl":{"start":{"line":76,"column":31},"end":{"line":76,"column":36}},"loc":{"start":{"line":77,"column":18},"end":{"line":84,"column":null}},"line":77}},"branchMap":{"0":{"loc":{"start":{"line":20,"column":2},"end":{"line":20,"column":16}},"type":"default-arg","locations":[{"start":{"line":20,"column":14},"end":{"line":20,"column":16}}],"line":20},"1":{"loc":{"start":{"line":21,"column":2},"end":{"line":21,"column":null}},"type":"default-arg","locations":[{"start":{"line":21,"column":2},"end":{"line":21,"column":null}}],"line":21},"2":{"loc":{"start":{"line":22,"column":2},"end":{"line":22,"column":null}},"type":"default-arg","locations":[{"start":{"line":22,"column":2},"end":{"line":22,"column":null}}],"line":22},"3":{"loc":{"start":{"line":23,"column":2},"end":{"line":23,"column":null}},"type":"default-arg","locations":[{"start":{"line":23,"column":2},"end":{"line":23,"column":null}}],"line":23},"4":{"loc":{"start":{"line":26,"column":24},"end":{"line":26,"column":65}},"type":"cond-expr","locations":[{"start":{"line":26,"column":51},"end":{"line":26,"column":63}},{"start":{"line":26,"column":63},"end":{"line":26,"column":65}}],"line":26},"5":{"loc":{"start":{"line":40,"column":7},"end":{"line":146,"column":null}},"type":"cond-expr","locations":[{"start":{"line":41,"column":8},"end":{"line":71,"column":9}},{"start":{"line":71,"column":8},"end":{"line":146,"column":null}}],"line":40},"6":{"loc":{"start":{"line":83,"column":21},"end":{"line":84,"column":null}},"type":"binary-expr","locations":[{"start":{"line":83,"column":21},"end":{"line":83,"column":57}},{"start":{"line":83,"column":57},"end":{"line":84,"column":null}}],"line":83}},"s":{"0":1,"1":10,"2":10,"3":10,"4":16,"5":10,"6":16,"7":10,"8":16},"f":{"0":10,"1":0,"2":0,"3":0,"4":16,"5":16,"6":16},"b":{"0":[10],"1":[0],"2":[0],"3":[0],"4":[9,1],"5":[2,8],"6":[16,8]},"meta":{"lastBranch":7,"lastFunction":7,"lastStatement":9,"seen":{"s:19:6:146:Infinity":0,"f:19:6:19:14":0,"b:20:14:20:16":0,"b:21:2:21:Infinity":1,"f:21:2:21:23":1,"b:22:2:22:Infinity":2,"f:22:2:22:27":2,"b:23:2:23:Infinity":3,"f:23:2:23:23":3,"s:25:10:25:29":1,"s:26:24:26:65":2,"b:26:51:26:63:26:63:26:65":4,"s:27:21:29:Infinity":3,"f:27:35:27:Infinity":4,"s:28:21:28:Infinity":4,"s:32:21:32:80":5,"f:32:35:32:43":5,"s:32:57:32:78":6,"s:34:2:146:Infinity":7,"b:41:8:71:9:71:8:146:Infinity":5,"f:76:31:76:36":6,"s:77:18:84:Infinity":8,"b:83:21:83:57:83:57:84:Infinity":6}}}
,"/home/runner/work/tester.com/tester.com/src/components/CartItem.jsx": {"path":"/home/runner/work/tester.com/tester.com/src/components/CartItem.jsx","statementMap":{"0":{"start":{"line":16,"column":6},"end":{"line":102,"column":null}},"1":{"start":{"line":17,"column":10},"end":{"line":17,"column":29}},"2":{"start":{"line":18,"column":27},"end":{"line":18,"column":null}},"3":{"start":{"line":19,"column":31},"end":{"line":19,"column":null}},"4":{"start":{"line":20,"column":19},"end":{"line":26,"column":null}},"5":{"start":{"line":27,"column":2},"end":{"line":102,"column":null}},"6":{"start":{"line":75,"column":26},"end":{"line":75,"column":50}},"7":{"start":{"line":76,"column":14},"end":{"line":76,"column":null}},"8":{"start":{"line":76,"column":27},"end":{"line":76,"column":null}},"9":{"start":{"line":97,"column":27},"end":{"line":97,"column":57}}},"fnMap":{"0":{"name":"(anonymous_0)","decl":{"start":{"line":16,"column":6},"end":{"line":16,"column":18}},"loc":{"start":{"line":16,"column":83},"end":{"line":102,"column":null}},"line":16},"1":{"name":"(anonymous_1)","decl":{"start":{"line":18,"column":43},"end":{"line":18,"column":62}},"loc":{"start":{"line":18,"column":62},"end":{"line":18,"column":null}},"line":18},"2":{"name":"(anonymous_2)","decl":{"start":{"line":19,"column":51},"end":{"line":19,"column":70}},"loc":{"start":{"line":19,"column":70},"end":{"line":19,"column":null}},"line":19},"3":{"name":"(anonymous_3)","decl":{"start":{"line":74,"column":12},"end":{"line":74,"column":23}},"loc":{"start":{"line":74,"column":29},"end":{"line":76,"column":null}},"line":74},"4":{"name":"(anonymous_4)","decl":{"start":{"line":97,"column":12},"end":{"line":97,"column":27}},"loc":{"start":{"line":97,"column":27},"end":{"line":97,"column":57}},"line":97}},"branchMap":{"0":{"loc":{"start":{"line":18,"column":27},"end":{"line":18,"column":null}},"type":"binary-expr","locations":[{"start":{"line":18,"column":27},"end":{"line":18,"column":43}},{"start":{"line":18,"column":43},"end":{"line":18,"column":62}},{"start":{"line":18,"column":43},"end":{"line":18,"column":null}}],"line":18},"1":{"loc":{"start":{"line":19,"column":31},"end":{"line":19,"column":null}},"type":"binary-expr","locations":[{"start":{"line":19,"column":31},"end":{"line":19,"column":51}},{"start":{"line":19,"column":51},"end":{"line":19,"column":70}},{"start":{"line":19,"column":51},"end":{"line":19,"column":null}}],"line":19},"2":{"loc":{"start":{"line":22,"column":11},"end":{"line":22,"column":null}},"type":"binary-expr","locations":[{"start":{"line":22,"column":11},"end":{"line":22,"column":26}},{"start":{"line":22,"column":26},"end":{"line":22,"column":null}}],"line":22},"3":{"loc":{"start":{"line":23,"column":10},"end":{"line":23,"column":null}},"type":"binary-expr","locations":[{"start":{"line":23,"column":10},"end":{"line":23,"column":24}},{"start":{"line":23,"column":24},"end":{"line":23,"column":null}}],"line":23},"4":{"loc":{"start":{"line":24,"column":11},"end":{"line":24,"column":null}},"type":"cond-expr","locations":[{"start":{"line":24,"column":42},"end":{"line":24,"column":55}},{"start":{"line":24,"column":55},"end":{"line":24,"column":null}}],"line":24},"5":{"loc":{"start":{"line":25,"column":14},"end":{"line":25,"column":null}},"type":"cond-expr","locations":[{"start":{"line":25,"column":69},"end":{"line":25,"column":85}},{"start":{"line":25,"column":85},"end":{"line":25,"column":null}}],"line":25},"6":{"loc":{"start":{"line":25,"column":14},"end":{"line":25,"column":69}},"type":"binary-expr","locations":[{"start":{"line":25,"column":14},"end":{"line":25,"column":45}},{"start":{"line":25,"column":49},"end":{"line":25,"column":69}}],"line":25},"7":{"loc":{"start":{"line":76,"column":14},"end":{"line":76,"column":null}},"type":"if","locations":[{"start":{"line":76,"column":14},"end":{"line":76,"column":null}},{"start":{},"end":{}}],"line":76}},"s":{"0":1,"1":8,"2":8,"3":8,"4":8,"5":8,"6":4,"7":4,"8":3,"9":3},"f":{"0":8,"1":1,"2":1,"3":4,"4":3},"b":{"0":[8,7,1],"1":[8,7,1],"2":[8,1],"3":[8,1],"4":[7,1],"5":[7,1],"6":[8,8],"7":[3,1]},"meta":{"lastBranch":8,"lastFunction":5,"lastStatement":10,"seen":{"s:16:6:102:Infinity":0,"f:16:6:16:18":0,"s:17:10:17:29":1,"s:18:27:18:Infinity":2,"b:18:27:18:43:18:43:18:62:18:43:18:Infinity":0,"f:18:43:18:62":1,"s:19:31:19:Infinity":3,"b:19:31:19:51:19:51:19:70:19:51:19:Infinity":1,"f:19:51:19:70":2,"s:20:19:26:Infinity":4,"b:22:11:22:26:22:26:22:Infinity":2,"b:23:10:23:24:23:24:23:Infinity":3,"b:24:42:24:55:24:55:24:Infinity":4,"b:25:69:25:85:25:85:25:Infinity":5,"b:25:14:25:45:25:49:25:69":6,"s:27:2:102:Infinity":5,"f:74:12:74:23":3,"s:75:26:75:50":6,"b:76:14:76:Infinity:undefined:undefined:undefined:undefined":7,"s:76:14:76:Infinity":7,"s:76:27:76:Infinity":8,"f:97:12:97:27":4,"s:97:27:97:57":9}}}
,"/home/runner/work/tester.com/tester.com/src/components/Catalog.jsx": {"path":"/home/runner/work/tester.com/tester.com/src/components/Catalog.jsx","statementMap":{"0":{"start":{"line":17,"column":6},"end":{"line":115,"column":null}},"1":{"start":{"line":18,"column":10},"end":{"line":18,"column":29}},"2":{"start":{"line":19,"column":19},"end":{"line":19,"column":46}},"3":{"start":{"line":20,"column":27},"end":{"line":20,"column":62}},"4":{"start":{"line":21,"column":20},"end":{"line":21,"column":50}},"5":{"start":{"line":24,"column":2},"end":{"line":28,"column":null}},"6":{"start":{"line":25,"column":4},"end":{"line":26,"column":null}},"7":{"start":{"line":26,"column":8},"end":{"line":26,"column":null}},"8":{"start":{"line":30,"column":2},"end":{"line":43,"column":null}},"9":{"start":{"line":31,"column":26},"end":{"line":39,"column":null}},"10":{"start":{"line":32,"column":8},"end":{"line":32,"column":null}},"11":{"start":{"line":33,"column":8},"end":{"line":39,"column":null}},"12":{"start":{"line":34,"column":25},"end":{"line":34,"column":44}},"13":{"start":{"line":35,"column":12},"end":{"line":35,"column":null}},"14":{"start":{"line":37,"column":12},"end":{"line":37,"column":null}},"15":{"start":{"line":39,"column":12},"end":{"line":39,"column":null}},"16":{"start":{"line":42,"column":4},"end":{"line":42,"column":null}},"17":{"start":{"line":45,"column":21},"end":{"line":45,"column":95}},"18":{"start":{"line":45,"column":82},"end":{"line":45,"column":93}},"19":{"start":{"line":47,"column":19},"end":{"line":52,"column":null}},"20":{"start":{"line":48,"column":24},"end":{"line":48,"column":75}},"21":{"start":{"line":50,"column":6},"end":{"line":50,"column":null}},"22":{"start":{"line":51,"column":4},"end":{"line":51,"column":null}},"23":{"start":{"line":54,"column":2},"end":{"line":115,"column":null}},"24":{"start":{"line":69,"column":29},"end":{"line":69,"column":54}},"25":{"start":{"line":81,"column":14},"end":{"line":88,"column":null}},"26":{"start":{"line":86,"column":31},"end":{"line":86,"column":55}},"27":{"start":{"line":103,"column":12},"end":{"line":105,"column":null}}},"fnMap":{"0":{"name":"(anonymous_0)","decl":{"start":{"line":17,"column":6},"end":{"line":17,"column":17}},"loc":{"start":{"line":17,"column":83},"end":{"line":115,"column":null}},"line":17},"1":{"name":"(anonymous_1)","decl":{"start":{"line":17,"column":19},"end":{"line":17,"column":39}},"loc":{"start":{"line":17,"column":39},"end":{"line":17,"column":43}},"line":17},"2":{"name":"(anonymous_2)","decl":{"start":{"line":17,"column":56},"end":{"line":17,"column":74}},"loc":{"start":{"line":17,"column":74},"end":{"line":17,"column":83}},"line":17},"3":{"name":"(anonymous_3)","decl":{"start":{"line":24,"column":2},"end":{"line":24,"column":18}},"loc":{"start":{"line":24,"column":18},"end":{"line":28,"column":6}},"line":24},"4":{"name":"(anonymous_4)","decl":{"start":{"line":30,"column":2},"end":{"line":30,"column":18}},"loc":{"start":{"line":30,"column":18},"end":{"line":43,"column":7}},"line":30},"5":{"name":"(anonymous_5)","decl":{"start":{"line":31,"column":26},"end":{"line":31,"column":38}},"loc":{"start":{"line":31,"column":38},"end":{"line":39,"column":null}},"line":31},"6":{"name":"(anonymous_6)","decl":{"start":{"line":45,"column":71},"end":{"line":45,"column":76}},"loc":{"start":{"line":45,"column":82},"end":{"line":45,"column":93}},"line":45},"7":{"name":"(anonymous_7)","decl":{"start":{"line":47,"column":28},"end":{"line":47,"column":36}},"loc":{"start":{"line":47,"column":42},"end":{"line":52,"column":null}},"line":47},"8":{"name":"(anonymous_8)","decl":{"start":{"line":69,"column":12},"end":{"line":69,"column":23}},"loc":{"start":{"line":69,"column":29},"end":{"line":69,"column":54}},"line":69},"9":{"name":"(anonymous_9)","decl":{"start":{"line":80,"column":24},"end":{"line":80,"column":29}},"loc":{"start":{"line":81,"column":14},"end":{"line":88,"column":null}},"line":81},"10":{"name":"(anonymous_10)","decl":{"start":{"line":86,"column":16},"end":{"line":86,"column":31}},"loc":{"start":{"line":86,"column":31},"end":{"line":86,"column":55}},"line":86},"11":{"name":"(anonymous_11)","decl":{"start":{"line":102,"column":19},"end":{"line":102,"column":24}},"loc":{"start":{"line":103,"column":12},"end":{"line":105,"column":null}},"line":103}},"branchMap":{"0":{"loc":{"start":{"line":17,"column":19},"end":{"line":17,"column":43}},"type":"default-arg","locations":[{"start":{"line":17,"column":19},"end":{"line":17,"column":43}}],"line":17},"1":{"loc":{"start":{"line":17,"column":43},"end":{"line":17,"column":56}},"type":"default-arg","locations":[{"start":{"line":17,"column":52},"end":{"line":17,"column":56}}],"line":17},"2":{"loc":{"start":{"line":17,"column":56},"end":{"line":17,"column":83}},"type":"default-arg","locations":[{"start":{"line":17,"column":56},"end":{"line":17,"column":83}}],"line":17},"3":{"loc":{"start":{"line":25,"column":4},"end":{"line":26,"column":null}},"type":"if","locations":[{"start":{"line":25,"column":4},"end":{"line":26,"column":null}},{"start":{},"end":{}}],"line":25},"4":{"loc":{"start":{"line":25,"column":8},"end":{"line":25,"column":56}},"type":"binary-expr","locations":[{"start":{"line":25,"column":8},"end":{"line":25,"column":29}},{"start":{"line":25,"column":29},"end":{"line":25,"column":56}}],"line":25},"5":{"loc":{"start":{"line":35,"column":24},"end":{"line":35,"column":55}},"type":"cond-expr","locations":[{"start":{"line":35,"column":46},"end":{"line":35,"column":53}},{"start":{"line":35,"column":53},"end":{"line":35,"column":55}}],"line":35},"6":{"loc":{"start":{"line":50,"column":6},"end":{"line":50,"column":null}},"type":"binary-expr","locations":[{"start":{"line":50,"column":6},"end":{"line":50,"column":54}},{"start":{"line":50,"column":58},"end":{"line":50,"column":null}}],"line":50},"7":{"loc":{"start":{"line":51,"column":11},"end":{"line":51,"column":null}},"type":"binary-expr","locations":[{"start":{"line":51,"column":11},"end":{"line":51,"column":26}},{"start":{"line":51,"column":26},"end":{"line":51,"column":null}}],"line":51},"8":{"loc":{"start":{"line":61,"column":73},"end":{"line":61,"column":107}},"type":"cond-expr","locations":[{"start":{"line":61,"column":97},"end":{"line":61,"column":103}},{"start":{"line":61,"column":103},"end":{"line":61,"column":107}}],"line":61},"9":{"loc":{"start":{"line":85,"column":23},"end":{"line":85,"column":null}},"type":"cond-expr","locations":[{"start":{"line":85,"column":50},"end":{"line":85,"column":62}},{"start":{"line":85,"column":62},"end":{"line":85,"column":null}}],"line":85},"10":{"loc":{"start":{"line":87,"column":25},"end":{"line":87,"column":null}},"type":"cond-expr","locations":[{"start":{"line":87,"column":52},"end":{"line":87,"column":63}},{"start":{"line":87,"column":63},"end":{"line":87,"column":null}}],"line":87},"11":{"loc":{"start":{"line":95,"column":9},"end":{"line":105,"column":null}},"type":"cond-expr","locations":[{"start":{"line":96,"column":11},"end":{"line":102,"column":19}},{"start":{"line":102,"column":10},"end":{"line":105,"column":null}}],"line":95},"12":{"loc":{"start":{"line":110,"column":7},"end":{"line":115,"column":null}},"type":"binary-expr","locations":[{"start":{"line":110,"column":7},"end":{"line":110,"column":21}},{"start":{"line":110,"column":21},"end":{"line":110,"column":null}},{"start":{"line":111,"column":8},"end":{"line":115,"column":null}}],"line":110}},"s":{"0":1,"1":25,"2":25,"3":25,"4":25,"5":25,"6":24,"7":10,"8":25,"9":10,"10":10,"11":10,"12":10,"13":10,"14":0,"15":10,"16":10,"17":25,"18":0,"19":25,"20":0,"21":0,"22":0,"23":25,"24":6,"25":24,"26":0,"27":0},"f":{"0":25,"1":0,"2":0,"3":24,"4":10,"5":10,"6":0,"7":0,"8":6,"9":24,"10":0,"11":0},"b":{"0":[0],"1":[25],"2":[0],"3":[10,14],"4":[24,10],"5":[10,0],"6":[0,0],"7":[0,0],"8":[24,0],"9":[14,10],"10":[14,10],"11":[20,4],"12":[25,4,4]},"meta":{"lastBranch":13,"lastFunction":12,"lastStatement":28,"seen":{"s:17:6:115:Infinity":0,"f:17:6:17:17":0,"b:17:19:17:43":0,"f:17:19:17:39":1,"b:17:52:17:56":1,"b:17:56:17:83":2,"f:17:56:17:74":2,"s:18:10:18:29":1,"s:19:19:19:46":2,"s:20:27:20:62":3,"s:21:20:21:50":4,"s:24:2:28:Infinity":5,"f:24:2:24:18":3,"b:25:4:26:Infinity:undefined:undefined:undefined:undefined":3,"s:25:4:26:Infinity":6,"b:25:8:25:29:25:29:25:56":4,"s:26:8:26:Infinity":7,"s:30:2:43:Infinity":8,"f:30:2:30:18":4,"s:31:26:39:Infinity":9,"f:31:26:31:38":5,"s:32:8:32:Infinity":10,"s:33:8:39:Infinity":11,"s:34:25:34:44":12,"s:35:12:35:Infinity":13,"b:35:46:35:53:35:53:35:55":5,"s:37:12:37:Infinity":14,"s:39:12:39:Infinity":15,"s:42:4:42:Infinity":16,"s:45:21:45:95":17,"f:45:71:45:76":6,"s:45:82:45:93":18,"s:47:19:52:Infinity":19,"f:47:28:47:36":7,"s:48:24:48:75":20,"s:50:6:50:Infinity":21,"b:50:6:50:54:50:58:50:Infinity":6,"s:51:4:51:Infinity":22,"b:51:11:51:26:51:26:51:Infinity":7,"s:54:2:115:Infinity":23,"b:61:97:61:103:61:103:61:107":8,"f:69:12:69:23":8,"s:69:29:69:54":24,"f:80:24:80:29":9,"s:81:14:88:Infinity":25,"b:85:50:85:62:85:62:85:Infinity":9,"f:86:16:86:31":10,"s:86:31:86:55":26,"b:87:52:87:63:87:63:87:Infinity":10,"b:96:11:102:19:102:10:105:Infinity":11,"f:102:19:102:24":11,"s:103:12:105:Infinity":27,"b:110:7:110:21:110:21:110:Infinity:111:8:115:Infinity":12}}}
,"/home/runner/work/tester.com/tester.com/src/components/CheckoutButton.jsx": {"path":"/home/runner/work/tester.com/tester.com/src/components/CheckoutButton.jsx","statementMap":{"0":{"start":{"line":11,"column":6},"end":{"line":70,"column":null}},"1":{"start":{"line":12,"column":8},"end":{"line":12,"column":32}},"2":{"start":{"line":13,"column":8},"end":{"line":13,"column":32}},"3":{"start":{"line":14,"column":10},"end":{"line":14,"column":29}},"4":{"start":{"line":15,"column":8},"end":{"line":15,"column":24}},"5":{"start":{"line":16,"column":21},"end":{"line":16,"column":null}},"6":{"start":{"line":17,"column":24},"end":{"line":17,"column":65}},"7":{"start":{"line":19,"column":25},"end":{"line":54,"column":null}},"8":{"start":{"line":20,"column":4},"end":{"line":22,"column":null}},"9":{"start":{"line":21,"column":6},"end":{"line":21,"column":null}},"10":{"start":{"line":22,"column":6},"end":{"line":22,"column":null}},"11":{"start":{"line":25,"column":4},"end":{"line":29,"column":null}},"12":{"start":{"line":26,"column":6},"end":{"line":26,"column":null}},"13":{"start":{"line":28,"column":6},"end":{"line":28,"column":null}},"14":{"start":{"line":29,"column":6},"end":{"line":29,"column":null}},"15":{"start":{"line":32,"column":4},"end":{"line":54,"column":null}},"16":{"start":{"line":34,"column":8},"end":{"line":36,"column":null}},"17":{"start":{"line":38,"column":25},"end":{"line":43,"column":137}},"18":{"start":{"line":39,"column":24},"end":{"line":42,"column":11}},"19":{"start":{"line":43,"column":26},"end":{"line":43,"column":137}},"20":{"start":{"line":45,"column":20},"end":{"line":45,"column":76}},"21":{"start":{"line":46,"column":6},"end":{"line":46,"column":null}},"22":{"start":{"line":47,"column":6},"end":{"line":52,"column":null}},"23":{"start":{"line":54,"column":6},"end":{"line":54,"column":null}},"24":{"start":{"line":58,"column":2},"end":{"line":70,"column":null}}},"fnMap":{"0":{"name":"(anonymous_0)","decl":{"start":{"line":11,"column":6},"end":{"line":11,"column":24}},"loc":{"start":{"line":11,"column":47},"end":{"line":70,"column":null}},"line":11},"1":{"name":"(anonymous_1)","decl":{"start":{"line":19,"column":25},"end":{"line":19,"column":37}},"loc":{"start":{"line":19,"column":37},"end":{"line":54,"column":null}},"line":19},"2":{"name":"(anonymous_2)","decl":{"start":{"line":39,"column":9},"end":{"line":39,"column":14}},"loc":{"start":{"line":39,"column":24},"end":{"line":42,"column":11}},"line":39},"3":{"name":"(anonymous_3)","decl":{"start":{"line":43,"column":9},"end":{"line":43,"column":17}},"loc":{"start":{"line":43,"column":26},"end":{"line":43,"column":137}},"line":43}},"branchMap":{"0":{"loc":{"start":{"line":11,"column":26},"end":{"line":11,"column":40}},"type":"default-arg","locations":[{"start":{"line":11,"column":38},"end":{"line":11,"column":40}}],"line":11},"1":{"loc":{"start":{"line":16,"column":21},"end":{"line":16,"column":null}},"type":"binary-expr","locations":[{"start":{"line":16,"column":21},"end":{"line":16,"column":41}},{"start":{"line":16,"column":41},"end":{"line":16,"column":66}},{"start":{"line":16,"column":66},"end":{"line":16,"column":null}}],"line":16},"2":{"loc":{"start":{"line":17,"column":24},"end":{"line":17,"column":65}},"type":"cond-expr","locations":[{"start":{"line":17,"column":51},"end":{"line":17,"column":63}},{"start":{"line":17,"column":63},"end":{"line":17,"column":65}}],"line":17},"3":{"loc":{"start":{"line":20,"column":4},"end":{"line":22,"column":null}},"type":"if","locations":[{"start":{"line":20,"column":4},"end":{"line":22,"column":null}},{"start":{},"end":{}}],"line":20},"4":{"loc":{"start":{"line":25,"column":4},"end":{"line":29,"column":null}},"type":"if","locations":[{"start":{"line":25,"column":4},"end":{"line":29,"column":null}},{"start":{},"end":{}}],"line":25},"5":{"loc":{"start":{"line":34,"column":8},"end":{"line":36,"column":null}},"type":"cond-expr","locations":[{"start":{"line":35,"column":12},"end":{"line":35,"column":31}},{"start":{"line":36,"column":12},"end":{"line":36,"column":null}}],"line":34},"6":{"loc":{"start":{"line":34,"column":8},"end":{"line":34,"column":null}},"type":"binary-expr","locations":[{"start":{"line":34,"column":8},"end":{"line":34,"column":41}},{"start":{"line":34,"column":41},"end":{"line":34,"column":null}}],"line":34},"7":{"loc":{"start":{"line":40,"column":28},"end":{"line":40,"column":57}},"type":"binary-expr","locations":[{"start":{"line":40,"column":28},"end":{"line":40,"column":48}},{"start":{"line":40,"column":48},"end":{"line":40,"column":57}}],"line":40},"8":{"loc":{"start":{"line":41,"column":27},"end":{"line":41,"column":null}},"type":"binary-expr","locations":[{"start":{"line":41,"column":27},"end":{"line":41,"column":45}},{"start":{"line":41,"column":45},"end":{"line":41,"column":null}}],"line":41},"9":{"loc":{"start":{"line":43,"column":26},"end":{"line":43,"column":137}},"type":"binary-expr","locations":[{"start":{"line":43,"column":26},"end":{"line":43,"column":58}},{"start":{"line":43,"column":62},"end":{"line":43,"column":84}},{"start":{"line":43,"column":84},"end":{"line":43,"column":115}},{"start":{"line":43,"column":119},"end":{"line":43,"column":137}}],"line":43},"10":{"loc":{"start":{"line":54,"column":18},"end":{"line":54,"column":64}},"type":"binary-expr","locations":[{"start":{"line":54,"column":18},"end":{"line":54,"column":34}},{"start":{"line":54,"column":34},"end":{"line":54,"column":64}}],"line":54},"11":{"loc":{"start":{"line":64,"column":17},"end":{"line":64,"column":null}},"type":"cond-expr","locations":[{"start":{"line":64,"column":30},"end":{"line":64,"column":62}},{"start":{"line":64,"column":61},"end":{"line":64,"column":null}}],"line":64},"12":{"loc":{"start":{"line":69,"column":7},"end":{"line":69,"column":null}},"type":"cond-expr","locations":[{"start":{"line":69,"column":20},"end":{"line":69,"column":40}},{"start":{"line":69,"column":43},"end":{"line":69,"column":null}}],"line":69}},"s":{"0":1,"1":11,"2":11,"3":11,"4":11,"5":11,"6":11,"7":11,"8":5,"9":0,"10":0,"11":5,"12":2,"13":2,"14":2,"15":3,"16":3,"17":5,"18":3,"19":3,"20":5,"21":2,"22":2,"23":1,"24":11},"f":{"0":11,"1":5,"2":3,"3":3},"b":{"0":[11],"1":[11,1,0],"2":[10,1],"3":[0,5],"4":[2,3],"5":[3,0],"6":[3,3],"7":[3,3],"8":[3,1],"9":[3,3,3,3],"10":[1,0],"11":[5,6],"12":[5,6]},"meta":{"lastBranch":13,"lastFunction":4,"lastStatement":25,"seen":{"s:11:6:70:Infinity":0,"f:11:6:11:24":0,"b:11:38:11:40":0,"s:12:8:12:32":1,"s:13:8:13:32":2,"s:14:10:14:29":3,"s:15:8:15:24":4,"s:16:21:16:Infinity":5,"b:16:21:16:41:16:41:16:66:16:66:16:Infinity":1,"s:17:24:17:65":6,"b:17:51:17:63:17:63:17:65":2,"s:19:25:54:Infinity":7,"f:19:25:19:37":1,"b:20:4:22:Infinity:undefined:undefined:undefined:undefined":3,"s:20:4:22:Infinity":8,"s:21:6:21:Infinity":9,"s:22:6:22:Infinity":10,"b:25:4:29:Infinity:undefined:undefined:undefined:undefined":4,"s:25:4:29:Infinity":11,"s:26:6:26:Infinity":12,"s:28:6:28:Infinity":13,"s:29:6:29:Infinity":14,"s:32:4:54:Infinity":15,"s:34:8:36:Infinity":16,"b:35:12:35:31:36:12:36:Infinity":5,"b:34:8:34:41:34:41:34:Infinity":6,"s:38:25:43:137":17,"f:39:9:39:14":2,"s:39:24:42:11":18,"b:40:28:40:48:40:48:40:57":7,"b:41:27:41:45:41:45:41:Infinity":8,"f:43:9:43:17":3,"s:43:26:43:137":19,"b:43:26:43:58:43:62:43:84:43:84:43:115:43:119:43:137":9,"s:45:20:45:76":20,"s:46:6:46:Infinity":21,"s:47:6:52:Infinity":22,"s:54:6:54:Infinity":23,"b:54:18:54:34:54:34:54:64":10,"s:58:2:70:Infinity":24,"b:64:30:64:62:64:61:64:Infinity":11,"b:69:20:69:40:69:43:69:Infinity":12}}}
,"/home/runner/work/tester.com/tester.com/src/components/Login.jsx": {"path":"/home/runner/work/tester.com/tester.com/src/components/Login.jsx","statementMap":{"0":{"start":{"line":26,"column":6},"end":{"line":276,"column":null}},"1":{"start":{"line":27,"column":8},"end":{"line":27,"column":32}},"2":{"start":{"line":28,"column":8},"end":{"line":28,"column":32}},"3":{"start":{"line":29,"column":10},"end":{"line":29,"column":29}},"4":{"start":{"line":32,"column":17},"end":{"line":32,"column":53}},"5":{"start":{"line":33,"column":19},"end":{"line":33,"column":null}},"6":{"start":{"line":35,"column":16},"end":{"line":35,"column":40}},"7":{"start":{"line":36,"column":19},"end":{"line":36,"column":46}},"8":{"start":{"line":37,"column":23},"end":{"line":37,"column":57}},"9":{"start":{"line":38,"column":16},"end":{"line":38,"column":40}},"10":{"start":{"line":39,"column":18},"end":{"line":39,"column":47}},"11":{"start":{"line":53,"column":23},"end":{"line":88,"column":null}},"12":{"start":{"line":54,"column":4},"end":{"line":54,"column":null}},"13":{"start":{"line":55,"column":4},"end":{"line":55,"column":null}},"14":{"start":{"line":57,"column":4},"end":{"line":59,"column":null}},"15":{"start":{"line":58,"column":6},"end":{"line":58,"column":null}},"16":{"start":{"line":59,"column":6},"end":{"line":59,"column":null}},"17":{"start":{"line":62,"column":4},"end":{"line":62,"column":null}},"18":{"start":{"line":63,"column":4},"end":{"line":88,"column":null}},"19":{"start":{"line":64,"column":28},"end":{"line":64,"column":92}},"20":{"start":{"line":65,"column":21},"end":{"line":65,"column":null}},"21":{"start":{"line":66,"column":26},"end":{"line":66,"column":null}},"22":{"start":{"line":68,"column":6},"end":{"line":69,"column":null}},"23":{"start":{"line":69,"column":8},"end":{"line":69,"column":null}},"24":{"start":{"line":72,"column":6},"end":{"line":81,"column":null}},"25":{"start":{"line":83,"column":6},"end":{"line":83,"column":null}},"26":{"start":{"line":84,"column":6},"end":{"line":84,"column":null}},"27":{"start":{"line":86,"column":6},"end":{"line":86,"column":null}},"28":{"start":{"line":88,"column":6},"end":{"line":88,"column":null}},"29":{"start":{"line":92,"column":2},"end":{"line":276,"column":null}},"30":{"start":{"line":151,"column":31},"end":{"line":151,"column":43}},"31":{"start":{"line":165,"column":31},"end":{"line":165,"column":55}},"32":{"start":{"line":177,"column":31},"end":{"line":177,"column":58}},"33":{"start":{"line":184,"column":37},"end":{"line":184,"column":63}},"34":{"start":{"line":184,"column":60},"end":{"line":184,"column":63}}},"fnMap":{"0":{"name":"(anonymous_0)","decl":{"start":{"line":26,"column":6},"end":{"line":26,"column":20}},"loc":{"start":{"line":26,"column":20},"end":{"line":276,"column":null}},"line":26},"1":{"name":"(anonymous_1)","decl":{"start":{"line":53,"column":23},"end":{"line":53,"column":30}},"loc":{"start":{"line":53,"column":36},"end":{"line":88,"column":null}},"line":53},"2":{"name":"(anonymous_2)","decl":{"start":{"line":151,"column":16},"end":{"line":151,"column":31}},"loc":{"start":{"line":151,"column":31},"end":{"line":151,"column":43}},"line":151},"3":{"name":"(anonymous_3)","decl":{"start":{"line":165,"column":14},"end":{"line":165,"column":25}},"loc":{"start":{"line":165,"column":31},"end":{"line":165,"column":55}},"line":165},"4":{"name":"(anonymous_4)","decl":{"start":{"line":177,"column":14},"end":{"line":177,"column":25}},"loc":{"start":{"line":177,"column":31},"end":{"line":177,"column":58}},"line":177},"5":{"name":"(anonymous_5)","decl":{"start":{"line":184,"column":22},"end":{"line":184,"column":37}},"loc":{"start":{"line":184,"column":37},"end":{"line":184,"column":63}},"line":184},"6":{"name":"(anonymous_6)","decl":{"start":{"line":184,"column":37},"end":{"line":184,"column":54}},"loc":{"start":{"line":184,"column":60},"end":{"line":184,"column":63}},"line":184}},"branchMap":{"0":{"loc":{"start":{"line":33,"column":19},"end":{"line":33,"column":null}},"type":"binary-expr","locations":[{"start":{"line":33,"column":19},"end":{"line":33,"column":37}},{"start":{"line":33,"column":41},"end":{"line":33,"column":null}}],"line":33},"1":{"loc":{"start":{"line":57,"column":4},"end":{"line":59,"column":null}},"type":"if","locations":[{"start":{"line":57,"column":4},"end":{"line":59,"column":null}},{"start":{},"end":{}}],"line":57},"2":{"loc":{"start":{"line":57,"column":8},"end":{"line":57,"column":36}},"type":"binary-expr","locations":[{"start":{"line":57,"column":8},"end":{"line":57,"column":21}},{"start":{"line":57,"column":25},"end":{"line":57,"column":36}}],"line":57},"3":{"loc":{"start":{"line":65,"column":21},"end":{"line":65,"column":null}},"type":"binary-expr","locations":[{"start":{"line":65,"column":21},"end":{"line":65,"column":43}},{"start":{"line":65,"column":43},"end":{"line":65,"column":null}}],"line":65},"4":{"loc":{"start":{"line":68,"column":6},"end":{"line":69,"column":null}},"type":"if","locations":[{"start":{"line":68,"column":6},"end":{"line":69,"column":null}},{"start":{},"end":{}}],"line":68},"5":{"loc":{"start":{"line":86,"column":15},"end":{"line":86,"column":72}},"type":"binary-expr","locations":[{"start":{"line":86,"column":15},"end":{"line":86,"column":30}},{"start":{"line":86,"column":30},"end":{"line":86,"column":72}}],"line":86},"6":{"loc":{"start":{"line":146,"column":13},"end":{"line":154,"column":null}},"type":"binary-expr","locations":[{"start":{"line":146,"column":13},"end":{"line":146,"column":null}},{"start":{"line":147,"column":14},"end":{"line":154,"column":null}}],"line":146},"7":{"loc":{"start":{"line":174,"column":20},"end":{"line":174,"column":null}},"type":"cond-expr","locations":[{"start":{"line":174,"column":35},"end":{"line":174,"column":44}},{"start":{"line":174,"column":44},"end":{"line":174,"column":null}}],"line":174},"8":{"loc":{"start":{"line":186,"column":23},"end":{"line":189,"column":null}},"type":"cond-expr","locations":[{"start":{"line":187,"column":24},"end":{"line":189,"column":25}},{"start":{"line":189,"column":24},"end":{"line":189,"column":null}}],"line":186},"9":{"loc":{"start":{"line":219,"column":16},"end":{"line":222,"column":null}},"type":"cond-expr","locations":[{"start":{"line":220,"column":18},"end":{"line":222,"column":19}},{"start":{"line":222,"column":18},"end":{"line":222,"column":null}}],"line":219},"10":{"loc":{"start":{"line":236,"column":15},"end":{"line":236,"column":null}},"type":"cond-expr","locations":[{"start":{"line":236,"column":25},"end":{"line":236,"column":41}},{"start":{"line":236,"column":41},"end":{"line":236,"column":null}}],"line":236}},"s":{"0":1,"1":135,"2":135,"3":135,"4":135,"5":135,"6":135,"7":135,"8":135,"9":135,"10":135,"11":135,"12":8,"13":8,"14":8,"15":2,"16":2,"17":6,"18":6,"19":6,"20":5,"21":8,"22":8,"23":1,"24":4,"25":4,"26":4,"27":2,"28":6,"29":135,"30":1,"31":78,"32":30,"33":2,"34":2},"f":{"0":135,"1":8,"2":1,"3":78,"4":30,"5":2,"6":2},"b":{"0":[135,114],"1":[2,6],"2":[8,6],"3":[5,1],"4":[1,7],"5":[2,1],"6":[135,4],"7":[1,134],"8":[1,134],"9":[6,129],"10":[6,129]},"meta":{"lastBranch":11,"lastFunction":7,"lastStatement":35,"seen":{"s:26:6:276:Infinity":0,"f:26:6:26:20":0,"s:27:8:27:32":1,"s:28:8:28:32":2,"s:29:10:29:29":3,"s:32:17:32:53":4,"s:33:19:33:Infinity":5,"b:33:19:33:37:33:41:33:Infinity":0,"s:35:16:35:40":6,"s:36:19:36:46":7,"s:37:23:37:57":8,"s:38:16:38:40":9,"s:39:18:39:47":10,"s:53:23:88:Infinity":11,"f:53:23:53:30":1,"s:54:4:54:Infinity":12,"s:55:4:55:Infinity":13,"b:57:4:59:Infinity:undefined:undefined:undefined:undefined":1,"s:57:4:59:Infinity":14,"b:57:8:57:21:57:25:57:36":2,"s:58:6:58:Infinity":15,"s:59:6:59:Infinity":16,"s:62:4:62:Infinity":17,"s:63:4:88:Infinity":18,"s:64:28:64:92":19,"s:65:21:65:Infinity":20,"b:65:21:65:43:65:43:65:Infinity":3,"s:66:26:66:Infinity":21,"b:68:6:69:Infinity:undefined:undefined:undefined:undefined":4,"s:68:6:69:Infinity":22,"s:69:8:69:Infinity":23,"s:72:6:81:Infinity":24,"s:83:6:83:Infinity":25,"s:84:6:84:Infinity":26,"s:86:6:86:Infinity":27,"b:86:15:86:30:86:30:86:72":5,"s:88:6:88:Infinity":28,"s:92:2:276:Infinity":29,"b:146:13:146:Infinity:147:14:154:Infinity":6,"f:151:16:151:31":2,"s:151:31:151:43":30,"f:165:14:165:25":3,"s:165:31:165:55":31,"b:174:35:174:44:174:44:174:Infinity":7,"f:177:14:177:25":4,"s:177:31:177:58":32,"f:184:22:184:37":5,"s:184:37:184:63":33,"f:184:37:184:54":6,"s:184:60:184:63":34,"b:187:24:189:25:189:24:189:Infinity":8,"b:220:18:222:19:222:18:222:Infinity":9,"b:236:25:236:41:236:41:236:Infinity":10}}}
,"/home/runner/work/tester.com/tester.com/src/components/PaymentsPage.jsx": {"path":"/home/runner/work/tester.com/tester.com/src/components/PaymentsPage.jsx","statementMap":{"0":{"start":{"line":27,"column":23},"end":{"line":27,"column":null}},"1":{"start":{"line":30,"column":12},"end":{"line":30,"column":49}},"2":{"start":{"line":31,"column":2},"end":{"line":31,"column":null}},"3":{"start":{"line":31,"column":20},"end":{"line":31,"column":null}},"4":{"start":{"line":32,"column":2},"end":{"line":32,"column":null}},"5":{"start":{"line":32,"column":34},"end":{"line":32,"column":null}},"6":{"start":{"line":33,"column":2},"end":{"line":33,"column":null}},"7":{"start":{"line":33,"column":24},"end":{"line":33,"column":null}},"8":{"start":{"line":34,"column":2},"end":{"line":34,"column":null}},"9":{"start":{"line":34,"column":90},"end":{"line":34,"column":null}},"10":{"start":{"line":35,"column":2},"end":{"line":35,"column":null}},"11":{"start":{"line":35,"column":38},"end":{"line":35,"column":null}},"12":{"start":{"line":36,"column":2},"end":{"line":36,"column":null}},"13":{"start":{"line":36,"column":23},"end":{"line":36,"column":null}},"14":{"start":{"line":37,"column":2},"end":{"line":37,"column":null}},"15":{"start":{"line":37,"column":21},"end":{"line":37,"column":null}},"16":{"start":{"line":38,"column":2},"end":{"line":38,"column":null}},"17":{"start":{"line":41,"column":24},"end":{"line":47,"column":null}},"18":{"start":{"line":49,"column":6},"end":{"line":309,"column":null}},"19":{"start":{"line":50,"column":10},"end":{"line":50,"column":29}},"20":{"start":{"line":51,"column":8},"end":{"line":51,"column":32}},"21":{"start":{"line":52,"column":8},"end":{"line":52,"column":32}},"22":{"start":{"line":54,"column":16},"end":{"line":54,"column":null}},"23":{"start":{"line":55,"column":20},"end":{"line":55,"column":92}},"24":{"start":{"line":57,"column":16},"end":{"line":57,"column":47}},"25":{"start":{"line":59,"column":18},"end":{"line":59,"column":47}},"26":{"start":{"line":60,"column":17},"end":{"line":60,"column":48}},"27":{"start":{"line":61,"column":23},"end":{"line":61,"column":57}},"28":{"start":{"line":62,"column":23},"end":{"line":62,"column":57}},"29":{"start":{"line":63,"column":22},"end":{"line":63,"column":96}},"30":{"start":{"line":64,"column":19},"end":{"line":64,"column":59}},"31":{"start":{"line":66,"column":8},"end":{"line":68,"column":null}},"32":{"start":{"line":67,"column":10},"end":{"line":67,"column":46}},"33":{"start":{"line":71,"column":8},"end":{"line":74,"column":26}},"34":{"start":{"line":72,"column":18},"end":{"line":72,"column":58}},"35":{"start":{"line":73,"column":4},"end":{"line":73,"column":null}},"36":{"start":{"line":76,"column":8},"end":{"line":80,"column":17}},"37":{"start":{"line":77,"column":4},"end":{"line":77,"column":null}},"38":{"start":{"line":77,"column":26},"end":{"line":77,"column":null}},"39":{"start":{"line":78,"column":4},"end":{"line":78,"column":null}},"40":{"start":{"line":78,"column":29},"end":{"line":78,"column":null}},"41":{"start":{"line":79,"column":4},"end":{"line":79,"column":null}},"42":{"start":{"line":82,"column":8},"end":{"line":83,"column":null}},"43":{"start":{"line":82,"column":28},"end":{"line":83,"column":null}},"44":{"start":{"line":83,"column":4},"end":{"line":83,"column":null}},"45":{"start":{"line":83,"column":27},"end":{"line":83,"column":69}},"46":{"start":{"line":86,"column":8},"end":{"line":101,"column":null}},"47":{"start":{"line":87,"column":20},"end":{"line":90,"column":null}},"48":{"start":{"line":92,"column":4},"end":{"line":98,"column":null}},"49":{"start":{"line":93,"column":6},"end":{"line":93,"column":null}},"50":{"start":{"line":94,"column":6},"end":{"line":94,"column":null}},"51":{"start":{"line":95,"column":6},"end":{"line":95,"column":null}},"52":{"start":{"line":96,"column":6},"end":{"line":96,"column":null}},"53":{"start":{"line":97,"column":6},"end":{"line":97,"column":null}},"54":{"start":{"line":98,"column":6},"end":{"line":98,"column":null}},"55":{"start":{"line":101,"column":4},"end":{"line":101,"column":null}},"56":{"start":{"line":104,"column":23},"end":{"line":165,"column":null}},"57":{"start":{"line":105,"column":4},"end":{"line":108,"column":null}},"58":{"start":{"line":106,"column":6},"end":{"line":106,"column":null}},"59":{"start":{"line":107,"column":6},"end":{"line":107,"column":null}},"60":{"start":{"line":108,"column":6},"end":{"line":108,"column":null}},"61":{"start":{"line":111,"column":4},"end":{"line":118,"column":null}},"62":{"start":{"line":112,"column":6},"end":{"line":114,"column":null}},"63":{"start":{"line":113,"column":8},"end":{"line":113,"column":null}},"64":{"start":{"line":114,"column":8},"end":{"line":114,"column":null}},"65":{"start":{"line":116,"column":6},"end":{"line":118,"column":null}},"66":{"start":{"line":117,"column":8},"end":{"line":117,"column":null}},"67":{"start":{"line":118,"column":8},"end":{"line":118,"column":null}},"68":{"start":{"line":122,"column":4},"end":{"line":165,"column":null}},"69":{"start":{"line":123,"column":6},"end":{"line":123,"column":null}},"70":{"start":{"line":125,"column":23},"end":{"line":125,"column":25}},"71":{"start":{"line":126,"column":27},"end":{"line":126,"column":126}},"72":{"start":{"line":127,"column":6},"end":{"line":127,"column":null}},"73":{"start":{"line":129,"column":6},"end":{"line":131,"column":null}},"74":{"start":{"line":130,"column":8},"end":{"line":130,"column":null}},"75":{"start":{"line":131,"column":8},"end":{"line":131,"column":null}},"76":{"start":{"line":134,"column":6},"end":{"line":140,"column":null}},"77":{"start":{"line":135,"column":30},"end":{"line":135,"column":110}},"78":{"start":{"line":136,"column":8},"end":{"line":136,"column":null}},"79":{"start":{"line":138,"column":8},"end":{"line":140,"column":null}},"80":{"start":{"line":139,"column":10},"end":{"line":139,"column":null}},"81":{"start":{"line":140,"column":10},"end":{"line":140,"column":null}},"82":{"start":{"line":144,"column":25},"end":{"line":144,"column":69}},"83":{"start":{"line":144,"column":46},"end":{"line":144,"column":69}},"84":{"start":{"line":145,"column":6},"end":{"line":148,"column":null}},"85":{"start":{"line":146,"column":8},"end":{"line":146,"column":null}},"86":{"start":{"line":148,"column":8},"end":{"line":148,"column":null}},"87":{"start":{"line":151,"column":6},"end":{"line":151,"column":null}},"88":{"start":{"line":152,"column":6},"end":{"line":161,"column":null}},"89":{"start":{"line":163,"column":6},"end":{"line":163,"column":null}},"90":{"start":{"line":165,"column":6},"end":{"line":165,"column":null}},"91":{"start":{"line":169,"column":2},"end":{"line":175,"column":null}},"92":{"start":{"line":170,"column":4},"end":{"line":175,"column":null}},"93":{"start":{"line":179,"column":2},"end":{"line":309,"column":null}},"94":{"start":{"line":195,"column":71},"end":{"line":195,"column":108}},"95":{"start":{"line":206,"column":35},"end":{"line":206,"column":66}},"96":{"start":{"line":208,"column":48},"end":{"line":208,"column":61}},"97":{"start":{"line":209,"column":20},"end":{"line":209,"column":null}},"98":{"start":{"line":218,"column":33},"end":{"line":218,"column":71}}},"fnMap":{"0":{"name":"detectCardBrand","decl":{"start":{"line":29,"column":9},"end":{"line":29,"column":25}},"loc":{"start":{"line":29,"column":42},"end":{"line":38,"column":null}},"line":29},"1":{"name":"(anonymous_1)","decl":{"start":{"line":49,"column":6},"end":{"line":49,"column":22}},"loc":{"start":{"line":49,"column":51},"end":{"line":309,"column":null}},"line":49},"2":{"name":"(anonymous_2)","decl":{"start":{"line":49,"column":24},"end":{"line":49,"column":42}},"loc":{"start":{"line":49,"column":42},"end":{"line":49,"column":51}},"line":49},"3":{"name":"(anonymous_3)","decl":{"start":{"line":66,"column":22},"end":{"line":66,"column":null}},"loc":{"start":{"line":67,"column":10},"end":{"line":67,"column":46}},"line":67},"4":{"name":"(anonymous_4)","decl":{"start":{"line":71,"column":20},"end":{"line":71,"column":34}},"loc":{"start":{"line":71,"column":34},"end":{"line":74,"column":6}},"line":71},"5":{"name":"(anonymous_5)","decl":{"start":{"line":76,"column":19},"end":{"line":76,"column":33}},"loc":{"start":{"line":76,"column":33},"end":{"line":80,"column":6}},"line":76},"6":{"name":"(anonymous_6)","decl":{"start":{"line":82,"column":8},"end":{"line":82,"column":28}},"loc":{"start":{"line":82,"column":28},"end":{"line":83,"column":null}},"line":82},"7":{"name":"(anonymous_7)","decl":{"start":{"line":82,"column":28},"end":{"line":82,"column":39}},"loc":{"start":{"line":82,"column":49},"end":{"line":83,"column":null}},"line":82},"8":{"name":"(anonymous_8)","decl":{"start":{"line":83,"column":4},"end":{"line":83,"column":17}},"loc":{"start":{"line":83,"column":27},"end":{"line":83,"column":69}},"line":83},"9":{"name":"(anonymous_9)","decl":{"start":{"line":86,"column":8},"end":{"line":86,"column":31}},"loc":{"start":{"line":86,"column":60},"end":{"line":101,"column":null}},"line":86},"10":{"name":"(anonymous_10)","decl":{"start":{"line":104,"column":23},"end":{"line":104,"column":35}},"loc":{"start":{"line":104,"column":35},"end":{"line":165,"column":null}},"line":104},"11":{"name":"(anonymous_11)","decl":{"start":{"line":144,"column":34},"end":{"line":144,"column":40}},"loc":{"start":{"line":144,"column":46},"end":{"line":144,"column":69}},"line":144},"12":{"name":"(anonymous_12)","decl":{"start":{"line":195,"column":54},"end":{"line":195,"column":65}},"loc":{"start":{"line":195,"column":71},"end":{"line":195,"column":108}},"line":195},"13":{"name":"(anonymous_13)","decl":{"start":{"line":206,"column":18},"end":{"line":206,"column":29}},"loc":{"start":{"line":206,"column":35},"end":{"line":206,"column":66}},"line":206},"14":{"name":"(anonymous_14)","decl":{"start":{"line":208,"column":34},"end":{"line":208,"column":42}},"loc":{"start":{"line":208,"column":48},"end":{"line":208,"column":61}},"line":208},"15":{"name":"(anonymous_15)","decl":{"start":{"line":208,"column":62},"end":{"line":208,"column":67}},"loc":{"start":{"line":209,"column":20},"end":{"line":209,"column":null}},"line":209},"16":{"name":"(anonymous_16)","decl":{"start":{"line":218,"column":16},"end":{"line":218,"column":27}},"loc":{"start":{"line":218,"column":33},"end":{"line":218,"column":71}},"line":218}},"branchMap":{"0":{"loc":{"start":{"line":29,"column":25},"end":{"line":29,"column":42}},"type":"default-arg","locations":[{"start":{"line":29,"column":38},"end":{"line":29,"column":42}}],"line":29},"1":{"loc":{"start":{"line":31,"column":2},"end":{"line":31,"column":null}},"type":"if","locations":[{"start":{"line":31,"column":2},"end":{"line":31,"column":null}},{"start":{},"end":{}}],"line":31},"2":{"loc":{"start":{"line":32,"column":2},"end":{"line":32,"column":null}},"type":"if","locations":[{"start":{"line":32,"column":2},"end":{"line":32,"column":null}},{"start":{},"end":{}}],"line":32},"3":{"loc":{"start":{"line":33,"column":2},"end":{"line":33,"column":null}},"type":"if","locations":[{"start":{"line":33,"column":2},"end":{"line":33,"column":null}},{"start":{},"end":{}}],"line":33},"4":{"loc":{"start":{"line":34,"column":2},"end":{"line":34,"column":null}},"type":"if","locations":[{"start":{"line":34,"column":2},"end":{"line":34,"column":null}},{"start":{},"end":{}}],"line":34},"5":{"loc":{"start":{"line":35,"column":2},"end":{"line":35,"column":null}},"type":"if","locations":[{"start":{"line":35,"column":2},"end":{"line":35,"column":null}},{"start":{},"end":{}}],"line":35},"6":{"loc":{"start":{"line":36,"column":2},"end":{"line":36,"column":null}},"type":"if","locations":[{"start":{"line":36,"column":2},"end":{"line":36,"column":null}},{"start":{},"end":{}}],"line":36},"7":{"loc":{"start":{"line":37,"column":2},"end":{"line":37,"column":null}},"type":"if","locations":[{"start":{"line":37,"column":2},"end":{"line":37,"column":null}},{"start":{},"end":{}}],"line":37},"8":{"loc":{"start":{"line":49,"column":24},"end":{"line":49,"column":51}},"type":"default-arg","locations":[{"start":{"line":49,"column":24},"end":{"line":49,"column":51}}],"line":49},"9":{"loc":{"start":{"line":55,"column":20},"end":{"line":55,"column":92}},"type":"cond-expr","locations":[{"start":{"line":55,"column":63},"end":{"line":55,"column":90}},{"start":{"line":55,"column":90},"end":{"line":55,"column":92}}],"line":55},"10":{"loc":{"start":{"line":57,"column":23},"end":{"line":57,"column":47}},"type":"binary-expr","locations":[{"start":{"line":57,"column":23},"end":{"line":57,"column":45}},{"start":{"line":57,"column":45},"end":{"line":57,"column":47}}],"line":57},"11":{"loc":{"start":{"line":63,"column":49},"end":{"line":63,"column":96}},"type":"cond-expr","locations":[{"start":{"line":63,"column":61},"end":{"line":63,"column":91}},{"start":{"line":63,"column":94},"end":{"line":63,"column":96}}],"line":63},"12":{"loc":{"start":{"line":72,"column":41},"end":{"line":72,"column":58}},"type":"binary-expr","locations":[{"start":{"line":72,"column":41},"end":{"line":72,"column":56}},{"start":{"line":72,"column":56},"end":{"line":72,"column":58}}],"line":72},"13":{"loc":{"start":{"line":77,"column":4},"end":{"line":77,"column":null}},"type":"if","locations":[{"start":{"line":77,"column":4},"end":{"line":77,"column":null}},{"start":{},"end":{}}],"line":77},"14":{"loc":{"start":{"line":78,"column":4},"end":{"line":78,"column":null}},"type":"if","locations":[{"start":{"line":78,"column":4},"end":{"line":78,"column":null}},{"start":{},"end":{}}],"line":78},"15":{"loc":{"start":{"line":92,"column":4},"end":{"line":98,"column":null}},"type":"if","locations":[{"start":{"line":92,"column":4},"end":{"line":98,"column":null}},{"start":{},"end":{}}],"line":92},"16":{"loc":{"start":{"line":92,"column":8},"end":{"line":92,"column":61}},"type":"binary-expr","locations":[{"start":{"line":92,"column":8},"end":{"line":92,"column":36}},{"start":{"line":92,"column":36},"end":{"line":92,"column":61}}],"line":92},"17":{"loc":{"start":{"line":97,"column":36},"end":{"line":97,"column":63}},"type":"binary-expr","locations":[{"start":{"line":97,"column":36},"end":{"line":97,"column":61}},{"start":{"line":97,"column":61},"end":{"line":97,"column":63}}],"line":97},"18":{"loc":{"start":{"line":105,"column":4},"end":{"line":108,"column":null}},"type":"if","locations":[{"start":{"line":105,"column":4},"end":{"line":108,"column":null}},{"start":{},"end":{}}],"line":105},"19":{"loc":{"start":{"line":111,"column":4},"end":{"line":118,"column":null}},"type":"if","locations":[{"start":{"line":111,"column":4},"end":{"line":118,"column":null}},{"start":{},"end":{}}],"line":111},"20":{"loc":{"start":{"line":112,"column":6},"end":{"line":114,"column":null}},"type":"if","locations":[{"start":{"line":112,"column":6},"end":{"line":114,"column":null}},{"start":{},"end":{}}],"line":112},"21":{"loc":{"start":{"line":112,"column":10},"end":{"line":112,"column":62}},"type":"binary-expr","locations":[{"start":{"line":112,"column":10},"end":{"line":112,"column":26}},{"start":{"line":112,"column":26},"end":{"line":112,"column":46}},{"start":{"line":112,"column":46},"end":{"line":112,"column":62}}],"line":112},"22":{"loc":{"start":{"line":116,"column":6},"end":{"line":118,"column":null}},"type":"if","locations":[{"start":{"line":116,"column":6},"end":{"line":118,"column":null}},{"start":{},"end":{}}],"line":116},"23":{"loc":{"start":{"line":126,"column":90},"end":{"line":126,"column":125}},"type":"cond-expr","locations":[{"start":{"line":126,"column":105},"end":{"line":126,"column":119}},{"start":{"line":126,"column":119},"end":{"line":126,"column":125}}],"line":126},"24":{"loc":{"start":{"line":129,"column":6},"end":{"line":131,"column":null}},"type":"if","locations":[{"start":{"line":129,"column":6},"end":{"line":131,"column":null}},{"start":{},"end":{}}],"line":129},"25":{"loc":{"start":{"line":134,"column":6},"end":{"line":140,"column":null}},"type":"if","locations":[{"start":{"line":134,"column":6},"end":{"line":140,"column":null}},{"start":{},"end":{}}],"line":134},"26":{"loc":{"start":{"line":138,"column":8},"end":{"line":140,"column":null}},"type":"if","locations":[{"start":{"line":138,"column":8},"end":{"line":140,"column":null}},{"start":{},"end":{}}],"line":138},"27":{"loc":{"start":{"line":145,"column":6},"end":{"line":148,"column":null}},"type":"if","locations":[{"start":{"line":145,"column":6},"end":{"line":148,"column":null}},{"start":{"line":147,"column":13},"end":{"line":148,"column":null}}],"line":145},"28":{"loc":{"start":{"line":157,"column":27},"end":{"line":157,"column":null}},"type":"cond-expr","locations":[{"start":{"line":157,"column":40},"end":{"line":157,"column":52}},{"start":{"line":157,"column":52},"end":{"line":157,"column":null}}],"line":157},"29":{"loc":{"start":{"line":163,"column":18},"end":{"line":163,"column":65}},"type":"binary-expr","locations":[{"start":{"line":163,"column":18},"end":{"line":163,"column":34}},{"start":{"line":163,"column":34},"end":{"line":163,"column":65}}],"line":163},"30":{"loc":{"start":{"line":169,"column":2},"end":{"line":175,"column":null}},"type":"if","locations":[{"start":{"line":169,"column":2},"end":{"line":175,"column":null}},{"start":{},"end":{}}],"line":169},"31":{"loc":{"start":{"line":199,"column":11},"end":{"line":222,"column":null}},"type":"binary-expr","locations":[{"start":{"line":199,"column":11},"end":{"line":199,"column":null}},{"start":{"line":200,"column":12},"end":{"line":222,"column":null}}],"line":199},"32":{"loc":{"start":{"line":227,"column":12},"end":{"line":265,"column":null}},"type":"binary-expr","locations":[{"start":{"line":227,"column":12},"end":{"line":227,"column":35}},{"start":{"line":227,"column":35},"end":{"line":227,"column":null}},{"start":{"line":228,"column":12},"end":{"line":265,"column":null}}],"line":227},"33":{"loc":{"start":{"line":254,"column":17},"end":{"line":262,"column":null}},"type":"binary-expr","locations":[{"start":{"line":254,"column":17},"end":{"line":254,"column":null}},{"start":{"line":255,"column":18},"end":{"line":262,"column":null}}],"line":254},"34":{"loc":{"start":{"line":269,"column":11},"end":{"line":270,"column":null}},"type":"binary-expr","locations":[{"start":{"line":269,"column":11},"end":{"line":269,"column":null}},{"start":{"line":270,"column":12},"end":{"line":270,"column":null}}],"line":269},"35":{"loc":{"start":{"line":273,"column":11},"end":{"line":274,"column":null}},"type":"binary-expr","locations":[{"start":{"line":273,"column":11},"end":{"line":273,"column":null}},{"start":{"line":274,"column":12},"end":{"line":274,"column":null}}],"line":273},"36":{"loc":{"start":{"line":286,"column":13},"end":{"line":286,"column":null}},"type":"cond-expr","locations":[{"start":{"line":286,"column":23},"end":{"line":286,"column":42}},{"start":{"line":286,"column":42},"end":{"line":286,"column":null}}],"line":286}},"s":{"0":2,"1":5,"2":5,"3":0,"4":5,"5":0,"6":5,"7":0,"8":5,"9":0,"10":5,"11":0,"12":5,"13":0,"14":5,"15":0,"16":5,"17":2,"18":2,"19":13,"20":13,"21":13,"22":13,"23":13,"24":13,"25":13,"26":13,"27":13,"28":13,"29":13,"30":13,"31":13,"32":5,"33":13,"34":5,"35":5,"36":13,"37":13,"38":0,"39":13,"40":3,"41":10,"42":13,"43":50,"44":0,"45":0,"46":13,"47":3,"48":3,"49":2,"50":2,"51":2,"52":2,"53":2,"54":2,"55":3,"56":13,"57":3,"58":0,"59":0,"60":0,"61":3,"62":0,"63":0,"64":0,"65":0,"66":0,"67":0,"68":3,"69":3,"70":3,"71":3,"72":3,"73":3,"74":1,"75":1,"76":2,"77":0,"78":0,"79":0,"80":0,"81":0,"82":2,"83":2,"84":2,"85":1,"86":1,"87":2,"88":2,"89":0,"90":3,"91":13,"92":0,"93":13,"94":1,"95":0,"96":4,"97":3,"98":0},"f":{"0":5,"1":13,"2":1,"3":5,"4":5,"5":13,"6":50,"7":0,"8":0,"9":3,"10":3,"11":2,"12":1,"13":0,"14":4,"15":3,"16":0},"b":{"0":[5],"1":[0,5],"2":[0,5],"3":[0,5],"4":[0,5],"5":[0,5],"6":[0,5],"7":[0,5],"8":[1],"9":[13,0],"10":[13,0],"11":[13,0],"12":[5,0],"13":[0,13],"14":[3,10],"15":[2,1],"16":[3,1],"17":[2,0],"18":[0,3],"19":[0,3],"20":[0,0],"21":[0,0,0],"22":[0,0],"23":[0,3],"24":[1,2],"25":[0,2],"26":[0,0],"27":[1,1],"28":[1,1],"29":[0,0],"30":[0,13],"31":[13,1],"32":[13,3,10],"33":[10,10],"34":[13,0],"35":[13,3],"36":[3,10]},"meta":{"lastBranch":37,"lastFunction":17,"lastStatement":99,"seen":{"s:27:23:27:Infinity":0,"f:29:9:29:25":0,"b:29:38:29:42":0,"s:30:12:30:49":1,"b:31:2:31:Infinity:undefined:undefined:undefined:undefined":1,"s:31:2:31:Infinity":2,"s:31:20:31:Infinity":3,"b:32:2:32:Infinity:undefined:undefined:undefined:undefined":2,"s:32:2:32:Infinity":4,"s:32:34:32:Infinity":5,"b:33:2:33:Infinity:undefined:undefined:undefined:undefined":3,"s:33:2:33:Infinity":6,"s:33:24:33:Infinity":7,"b:34:2:34:Infinity:undefined:undefined:undefined:undefined":4,"s:34:2:34:Infinity":8,"s:34:90:34:Infinity":9,"b:35:2:35:Infinity:undefined:undefined:undefined:undefined":5,"s:35:2:35:Infinity":10,"s:35:38:35:Infinity":11,"b:36:2:36:Infinity:undefined:undefined:undefined:undefined":6,"s:36:2:36:Infinity":12,"s:36:23:36:Infinity":13,"b:37:2:37:Infinity:undefined:undefined:undefined:undefined":7,"s:37:2:37:Infinity":14,"s:37:21:37:Infinity":15,"s:38:2:38:Infinity":16,"s:41:24:47:Infinity":17,"s:49:6:309:Infinity":18,"f:49:6:49:22":1,"b:49:24:49:51":8,"f:49:24:49:42":2,"s:50:10:50:29":19,"s:51:8:51:32":20,"s:52:8:52:32":21,"s:54:16:54:Infinity":22,"s:55:20:55:92":23,"b:55:63:55:90:55:90:55:92":9,"s:57:16:57:47":24,"b:57:23:57:45:57:45:57:47":10,"s:59:18:59:47":25,"s:60:17:60:48":26,"s:61:23:61:57":27,"s:62:23:62:57":28,"s:63:22:63:96":29,"b:63:61:63:91:63:94:63:96":11,"s:64:19:64:59":30,"s:66:8:68:Infinity":31,"f:66:22:66:Infinity":3,"s:67:10:67:46":32,"s:71:8:74:26":33,"f:71:20:71:34":4,"s:72:18:72:58":34,"b:72:41:72:56:72:56:72:58":12,"s:73:4:73:Infinity":35,"s:76:8:80:17":36,"f:76:19:76:33":5,"b:77:4:77:Infinity:undefined:undefined:undefined:undefined":13,"s:77:4:77:Infinity":37,"s:77:26:77:Infinity":38,"b:78:4:78:Infinity:undefined:undefined:undefined:undefined":14,"s:78:4:78:Infinity":39,"s:78:29:78:Infinity":40,"s:79:4:79:Infinity":41,"s:82:8:83:Infinity":42,"f:82:8:82:28":6,"s:82:28:83:Infinity":43,"f:82:28:82:39":7,"s:83:4:83:Infinity":44,"f:83:4:83:17":8,"s:83:27:83:69":45,"s:86:8:101:Infinity":46,"f:86:8:86:31":9,"s:87:20:90:Infinity":47,"b:92:4:98:Infinity:undefined:undefined:undefined:undefined":15,"s:92:4:98:Infinity":48,"b:92:8:92:36:92:36:92:61":16,"s:93:6:93:Infinity":49,"s:94:6:94:Infinity":50,"s:95:6:95:Infinity":51,"s:96:6:96:Infinity":52,"s:97:6:97:Infinity":53,"b:97:36:97:61:97:61:97:63":17,"s:98:6:98:Infinity":54,"s:101:4:101:Infinity":55,"s:104:23:165:Infinity":56,"f:104:23:104:35":10,"b:105:4:108:Infinity:undefined:undefined:undefined:undefined":18,"s:105:4:108:Infinity":57,"s:106:6:106:Infinity":58,"s:107:6:107:Infinity":59,"s:108:6:108:Infinity":60,"b:111:4:118:Infinity:undefined:undefined:undefined:undefined":19,"s:111:4:118:Infinity":61,"b:112:6:114:Infinity:undefined:undefined:undefined:undefined":20,"s:112:6:114:Infinity":62,"b:112:10:112:26:112:26:112:46:112:46:112:62":21,"s:113:8:113:Infinity":63,"s:114:8:114:Infinity":64,"b:116:6:118:Infinity:undefined:undefined:undefined:undefined":22,"s:116:6:118:Infinity":65,"s:117:8:117:Infinity":66,"s:118:8:118:Infinity":67,"s:122:4:165:Infinity":68,"s:123:6:123:Infinity":69,"s:125:23:125:25":70,"s:126:27:126:126":71,"b:126:105:126:119:126:119:126:125":23,"s:127:6:127:Infinity":72,"b:129:6:131:Infinity:undefined:undefined:undefined:undefined":24,"s:129:6:131:Infinity":73,"s:130:8:130:Infinity":74,"s:131:8:131:Infinity":75,"b:134:6:140:Infinity:undefined:undefined:undefined:undefined":25,"s:134:6:140:Infinity":76,"s:135:30:135:110":77,"s:136:8:136:Infinity":78,"b:138:8:140:Infinity:undefined:undefined:undefined:undefined":26,"s:138:8:140:Infinity":79,"s:139:10:139:Infinity":80,"s:140:10:140:Infinity":81,"s:144:25:144:69":82,"f:144:34:144:40":11,"s:144:46:144:69":83,"b:145:6:148:Infinity:147:13:148:Infinity":27,"s:145:6:148:Infinity":84,"s:146:8:146:Infinity":85,"s:148:8:148:Infinity":86,"s:151:6:151:Infinity":87,"s:152:6:161:Infinity":88,"b:157:40:157:52:157:52:157:Infinity":28,"s:163:6:163:Infinity":89,"b:163:18:163:34:163:34:163:65":29,"s:165:6:165:Infinity":90,"b:169:2:175:Infinity:undefined:undefined:undefined:undefined":30,"s:169:2:175:Infinity":91,"s:170:4:175:Infinity":92,"s:179:2:309:Infinity":93,"f:195:54:195:65":12,"s:195:71:195:108":94,"b:199:11:199:Infinity:200:12:222:Infinity":31,"f:206:18:206:29":13,"s:206:35:206:66":95,"f:208:34:208:42":14,"s:208:48:208:61":96,"f:208:62:208:67":15,"s:209:20:209:Infinity":97,"f:218:16:218:27":16,"s:218:33:218:71":98,"b:227:12:227:35:227:35:227:Infinity:228:12:265:Infinity":32,"b:254:17:254:Infinity:255:18:262:Infinity":33,"b:269:11:269:Infinity:270:12:270:Infinity":34,"b:273:11:273:Infinity:274:12:274:Infinity":35,"b:286:23:286:42:286:42:286:Infinity":36}}}
,"/home/runner/work/tester.com/tester.com/src/components/Product.jsx": {"path":"/home/runner/work/tester.com/tester.com/src/components/Product.jsx","statementMap":{"0":{"start":{"line":21,"column":6},"end":{"line":111,"column":null}},"1":{"start":{"line":22,"column":19},"end":{"line":22,"column":45}},"2":{"start":{"line":23,"column":10},"end":{"line":23,"column":29}},"3":{"start":{"line":24,"column":8},"end":{"line":24,"column":32}},"4":{"start":{"line":25,"column":22},"end":{"line":32,"column":null}},"5":{"start":{"line":34,"column":2},"end":{"line":111,"column":null}},"6":{"start":{"line":48,"column":23},"end":{"line":48,"column":61}},"7":{"start":{"line":72,"column":25},"end":{"line":72,"column":63}},"8":{"start":{"line":91,"column":29},"end":{"line":91,"column":56}},"9":{"start":{"line":94,"column":14},"end":{"line":96,"column":null}},"10":{"start":{"line":106,"column":27},"end":{"line":106,"column":61}}},"fnMap":{"0":{"name":"(anonymous_0)","decl":{"start":{"line":21,"column":6},"end":{"line":21,"column":17}},"loc":{"start":{"line":21,"column":62},"end":{"line":111,"column":null}},"line":21},"1":{"name":"(anonymous_1)","decl":{"start":{"line":21,"column":33},"end":{"line":21,"column":53}},"loc":{"start":{"line":21,"column":53},"end":{"line":21,"column":62}},"line":21},"2":{"name":"(anonymous_2)","decl":{"start":{"line":48,"column":8},"end":{"line":48,"column":23}},"loc":{"start":{"line":48,"column":23},"end":{"line":48,"column":61}},"line":48},"3":{"name":"(anonymous_3)","decl":{"start":{"line":72,"column":10},"end":{"line":72,"column":25}},"loc":{"start":{"line":72,"column":25},"end":{"line":72,"column":63}},"line":72},"4":{"name":"(anonymous_4)","decl":{"start":{"line":91,"column":12},"end":{"line":91,"column":23}},"loc":{"start":{"line":91,"column":29},"end":{"line":91,"column":56}},"line":91},"5":{"name":"(anonymous_5)","decl":{"start":{"line":93,"column":35},"end":{"line":93,"column":40}},"loc":{"start":{"line":94,"column":14},"end":{"line":96,"column":null}},"line":94},"6":{"name":"(anonymous_6)","decl":{"start":{"line":106,"column":12},"end":{"line":106,"column":27}},"loc":{"start":{"line":106,"column":27},"end":{"line":106,"column":61}},"line":106}},"branchMap":{"0":{"loc":{"start":{"line":21,"column":19},"end":{"line":21,"column":31}},"type":"default-arg","locations":[{"start":{"line":21,"column":29},"end":{"line":21,"column":31}}],"line":21},"1":{"loc":{"start":{"line":21,"column":33},"end":{"line":21,"column":62}},"type":"default-arg","locations":[{"start":{"line":21,"column":33},"end":{"line":21,"column":62}}],"line":21},"2":{"loc":{"start":{"line":26,"column":8},"end":{"line":26,"column":null}},"type":"binary-expr","locations":[{"start":{"line":26,"column":8},"end":{"line":26,"column":22}},{"start":{"line":26,"column":22},"end":{"line":26,"column":null}}],"line":26},"3":{"loc":{"start":{"line":27,"column":11},"end":{"line":27,"column":null}},"type":"binary-expr","locations":[{"start":{"line":27,"column":11},"end":{"line":27,"column":28}},{"start":{"line":27,"column":28},"end":{"line":27,"column":null}}],"line":27},"4":{"loc":{"start":{"line":28,"column":10},"end":{"line":28,"column":null}},"type":"binary-expr","locations":[{"start":{"line":28,"column":10},"end":{"line":28,"column":26}},{"start":{"line":28,"column":26},"end":{"line":28,"column":null}}],"line":28},"5":{"loc":{"start":{"line":29,"column":17},"end":{"line":29,"column":null}},"type":"binary-expr","locations":[{"start":{"line":29,"column":17},"end":{"line":29,"column":40}},{"start":{"line":29,"column":40},"end":{"line":29,"column":null}}],"line":29},"6":{"loc":{"start":{"line":30,"column":14},"end":{"line":30,"column":null}},"type":"binary-expr","locations":[{"start":{"line":30,"column":14},"end":{"line":30,"column":34}},{"start":{"line":30,"column":34},"end":{"line":30,"column":null}}],"line":30},"7":{"loc":{"start":{"line":31,"column":11},"end":{"line":31,"column":null}},"type":"cond-expr","locations":[{"start":{"line":31,"column":44},"end":{"line":31,"column":60}},{"start":{"line":31,"column":60},"end":{"line":31,"column":null}}],"line":31}},"s":{"0":2,"1":10,"2":10,"3":10,"4":10,"5":10,"6":0,"7":0,"8":0,"9":100,"10":1},"f":{"0":10,"1":1,"2":0,"3":0,"4":0,"5":100,"6":1},"b":{"0":[10],"1":[1],"2":[10,0],"3":[10,10],"4":[10,0],"5":[10,0],"6":[10,0],"7":[10,0]},"meta":{"lastBranch":8,"lastFunction":7,"lastStatement":11,"seen":{"s:21:6:111:Infinity":0,"f:21:6:21:17":0,"b:21:29:21:31":0,"b:21:33:21:62":1,"f:21:33:21:53":1,"s:22:19:22:45":1,"s:23:10:23:29":2,"s:24:8:24:32":3,"s:25:22:32:Infinity":4,"b:26:8:26:22:26:22:26:Infinity":2,"b:27:11:27:28:27:28:27:Infinity":3,"b:28:10:28:26:28:26:28:Infinity":4,"b:29:17:29:40:29:40:29:Infinity":5,"b:30:14:30:34:30:34:30:Infinity":6,"b:31:44:31:60:31:60:31:Infinity":7,"s:34:2:111:Infinity":5,"f:48:8:48:23":2,"s:48:23:48:61":6,"f:72:10:72:25":3,"s:72:25:72:63":7,"f:91:12:91:23":4,"s:91:29:91:56":8,"f:93:35:93:40":5,"s:94:14:96:Infinity":9,"f:106:12:106:27":6,"s:106:27:106:61":10}}}
,"/home/runner/work/tester.com/tester.com/src/components/ProductDetails.jsx": {"path":"/home/runner/work/tester.com/tester.com/src/components/ProductDetails.jsx","statementMap":{"0":{"start":{"line":28,"column":6},"end":{"line":197,"column":null}},"1":{"start":{"line":29,"column":10},"end":{"line":29,"column":28}},"2":{"start":{"line":30,"column":8},"end":{"line":30,"column":32}},"3":{"start":{"line":31,"column":10},"end":{"line":31,"column":29}},"4":{"start":{"line":32,"column":18},"end":{"line":32,"column":46}},"5":{"start":{"line":33,"column":19},"end":{"line":33,"column":45}},"6":{"start":{"line":34,"column":20},"end":{"line":34,"column":50}},"7":{"start":{"line":36,"column":2},"end":{"line":49,"column":null}},"8":{"start":{"line":37,"column":25},"end":{"line":45,"column":null}},"9":{"start":{"line":38,"column":6},"end":{"line":38,"column":null}},"10":{"start":{"line":39,"column":6},"end":{"line":45,"column":null}},"11":{"start":{"line":40,"column":21},"end":{"line":40,"column":45}},"12":{"start":{"line":41,"column":8},"end":{"line":41,"column":null}},"13":{"start":{"line":43,"column":8},"end":{"line":43,"column":null}},"14":{"start":{"line":45,"column":8},"end":{"line":45,"column":null}},"15":{"start":{"line":48,"column":4},"end":{"line":48,"column":null}},"16":{"start":{"line":51,"column":2},"end":{"line":57,"column":null}},"17":{"start":{"line":52,"column":4},"end":{"line":57,"column":null}},"18":{"start":{"line":61,"column":2},"end":{"line":73,"column":null}},"19":{"start":{"line":62,"column":4},"end":{"line":73,"column":null}},"20":{"start":{"line":69,"column":25},"end":{"line":69,"column":38}},"21":{"start":{"line":78,"column":2},"end":{"line":197,"column":null}},"22":{"start":{"line":82,"column":23},"end":{"line":82,"column":36}},"23":{"start":{"line":172,"column":37},"end":{"line":172,"column":64}},"24":{"start":{"line":175,"column":22},"end":{"line":177,"column":null}},"25":{"start":{"line":187,"column":33},"end":{"line":187,"column":63}}},"fnMap":{"0":{"name":"(anonymous_0)","decl":{"start":{"line":28,"column":6},"end":{"line":28,"column":24}},"loc":{"start":{"line":28,"column":44},"end":{"line":197,"column":null}},"line":28},"1":{"name":"(anonymous_1)","decl":{"start":{"line":36,"column":2},"end":{"line":36,"column":18}},"loc":{"start":{"line":36,"column":18},"end":{"line":49,"column":6}},"line":36},"2":{"name":"(anonymous_2)","decl":{"start":{"line":37,"column":25},"end":{"line":37,"column":37}},"loc":{"start":{"line":37,"column":37},"end":{"line":45,"column":null}},"line":37},"3":{"name":"(anonymous_3)","decl":{"start":{"line":69,"column":10},"end":{"line":69,"column":25}},"loc":{"start":{"line":69,"column":25},"end":{"line":69,"column":38}},"line":69},"4":{"name":"(anonymous_4)","decl":{"start":{"line":82,"column":8},"end":{"line":82,"column":23}},"loc":{"start":{"line":82,"column":23},"end":{"line":82,"column":36}},"line":82},"5":{"name":"(anonymous_5)","decl":{"start":{"line":172,"column":20},"end":{"line":172,"column":31}},"loc":{"start":{"line":172,"column":37},"end":{"line":172,"column":64}},"line":172},"6":{"name":"(anonymous_6)","decl":{"start":{"line":174,"column":43},"end":{"line":174,"column":48}},"loc":{"start":{"line":175,"column":22},"end":{"line":177,"column":null}},"line":175},"7":{"name":"(anonymous_7)","decl":{"start":{"line":187,"column":18},"end":{"line":187,"column":33}},"loc":{"start":{"line":187,"column":33},"end":{"line":187,"column":63}},"line":187}},"branchMap":{"0":{"loc":{"start":{"line":51,"column":2},"end":{"line":57,"column":null}},"type":"if","locations":[{"start":{"line":51,"column":2},"end":{"line":57,"column":null}},{"start":{},"end":{}}],"line":51},"1":{"loc":{"start":{"line":61,"column":2},"end":{"line":73,"column":null}},"type":"if","locations":[{"start":{"line":61,"column":2},"end":{"line":73,"column":null}},{"start":{},"end":{}}],"line":61},"2":{"loc":{"start":{"line":129,"column":19},"end":{"line":137,"column":null}},"type":"binary-expr","locations":[{"start":{"line":129,"column":19},"end":{"line":129,"column":null}},{"start":{"line":130,"column":20},"end":{"line":137,"column":null}}],"line":129},"3":{"loc":{"start":{"line":139,"column":19},"end":{"line":147,"column":null}},"type":"binary-expr","locations":[{"start":{"line":139,"column":19},"end":{"line":139,"column":null}},{"start":{"line":140,"column":20},"end":{"line":147,"column":null}}],"line":139},"4":{"loc":{"start":{"line":149,"column":19},"end":{"line":157,"column":null}},"type":"binary-expr","locations":[{"start":{"line":149,"column":19},"end":{"line":149,"column":null}},{"start":{"line":150,"column":20},"end":{"line":157,"column":null}}],"line":149}},"s":{"0":1,"1":19,"2":19,"3":19,"4":19,"5":19,"6":19,"7":19,"8":7,"9":7,"10":7,"11":7,"12":5,"13":1,"14":6,"15":7,"16":19,"17":7,"18":12,"19":3,"20":1,"21":9,"22":1,"23":1,"24":90,"25":1},"f":{"0":19,"1":7,"2":7,"3":1,"4":1,"5":1,"6":90,"7":1},"b":{"0":[7,12],"1":[3,9],"2":[9,3],"3":[19,3],"4":[19,3]},"meta":{"lastBranch":5,"lastFunction":8,"lastStatement":26,"seen":{"s:28:6:197:Infinity":0,"f:28:6:28:24":0,"s:29:10:29:28":1,"s:30:8:30:32":2,"s:31:10:31:29":3,"s:32:18:32:46":4,"s:33:19:33:45":5,"s:34:20:34:50":6,"s:36:2:49:Infinity":7,"f:36:2:36:18":1,"s:37:25:45:Infinity":8,"f:37:25:37:37":2,"s:38:6:38:Infinity":9,"s:39:6:45:Infinity":10,"s:40:21:40:45":11,"s:41:8:41:Infinity":12,"s:43:8:43:Infinity":13,"s:45:8:45:Infinity":14,"s:48:4:48:Infinity":15,"b:51:2:57:Infinity:undefined:undefined:undefined:undefined":0,"s:51:2:57:Infinity":16,"s:52:4:57:Infinity":17,"b:61:2:73:Infinity:undefined:undefined:undefined:undefined":1,"s:61:2:73:Infinity":18,"s:62:4:73:Infinity":19,"f:69:10:69:25":3,"s:69:25:69:38":20,"s:78:2:197:Infinity":21,"f:82:8:82:23":4,"s:82:23:82:36":22,"b:129:19:129:Infinity:130:20:137:Infinity":2,"b:139:19:139:Infinity:140:20:147:Infinity":3,"b:149:19:149:Infinity:150:20:157:Infinity":4,"f:172:20:172:31":5,"s:172:37:172:64":23,"f:174:43:174:48":6,"s:175:22:177:Infinity":24,"f:187:1
[...]
t":{"line":290,"column":6},"end":{"line":290,"column":null}},"22":{"start":{"line":292,"column":4},"end":{"line":292,"column":null}},"23":{"start":{"line":295,"column":2},"end":{"line":298,"column":null}},"24":{"start":{"line":310,"column":13},"end":{"line":315,"column":null}},"25":{"start":{"line":311,"column":8},"end":{"line":311,"column":45}},"26":{"start":{"line":312,"column":2},"end":{"line":313,"column":null}},"27":{"start":{"line":313,"column":4},"end":{"line":313,"column":null}},"28":{"start":{"line":315,"column":2},"end":{"line":315,"column":null}}},"fnMap":{"0":{"name":"(anonymous_0)","decl":{"start":{"line":235,"column":13},"end":{"line":235,"column":33}},"loc":{"start":{"line":235,"column":50},"end":{"line":298,"column":null}},"line":235},"1":{"name":"(anonymous_1)","decl":{"start":{"line":239,"column":2},"end":{"line":239,"column":18}},"loc":{"start":{"line":239,"column":18},"end":{"line":244,"column":7}},"line":239},"2":{"name":"(anonymous_2)","decl":{"start":{"line":252,"column":8},"end":{"line":252,"column":31}},"loc":{"start":{"line":252,"column":31},"end":{"line":257,"column":null}},"line":252},"3":{"name":"(anonymous_3)","decl":{"start":{"line":253,"column":4},"end":{"line":253,"column":17}},"loc":{"start":{"line":253,"column":30},"end":{"line":257,"column":null}},"line":253},"4":{"name":"(anonymous_4)","decl":{"start":{"line":267,"column":8},"end":{"line":267,"column":26}},"loc":{"start":{"line":267,"column":35},"end":{"line":270,"column":null}},"line":267},"5":{"name":"(anonymous_5)","decl":{"start":{"line":287,"column":8},"end":{"line":287,"column":13}},"loc":{"start":{"line":287,"column":34},"end":{"line":292,"column":null}},"line":287},"6":{"name":"(anonymous_6)","decl":{"start":{"line":289,"column":24},"end":{"line":289,"column":33}},"loc":{"start":{"line":289,"column":43},"end":{"line":291,"column":null}},"line":289},"7":{"name":"(anonymous_7)","decl":{"start":{"line":310,"column":13},"end":{"line":310,"column":33}},"loc":{"start":{"line":310,"column":33},"end":{"line":315,"column":null}},"line":310}},"branchMap":{"0":{"loc":{"start":{"line":241,"column":4},"end":{"line":242,"column":null}},"type":"if","locations":[{"start":{"line":241,"column":4},"end":{"line":242,"column":null}},{"start":{},"end":{}}],"line":241},"1":{"loc":{"start":{"line":241,"column":8},"end":{"line":241,"column":46}},"type":"binary-expr","locations":[{"start":{"line":241,"column":8},"end":{"line":241,"column":21}},{"start":{"line":241,"column":21},"end":{"line":241,"column":46}}],"line":241},"2":{"loc":{"start":{"line":254,"column":22},"end":{"line":254,"column":null}},"type":"cond-expr","locations":[{"start":{"line":254,"column":42},"end":{"line":254,"column":49}},{"start":{"line":254,"column":49},"end":{"line":254,"column":null}}],"line":254},"3":{"loc":{"start":{"line":268,"column":4},"end":{"line":270,"column":null}},"type":"if","locations":[{"start":{"line":268,"column":4},"end":{"line":270,"column":null}},{"start":{},"end":{}}],"line":268},"4":{"loc":{"start":{"line":287,"column":18},"end":{"line":287,"column":29}},"type":"default-arg","locations":[{"start":{"line":287,"column":27},"end":{"line":287,"column":29}}],"line":287},"5":{"loc":{"start":{"line":288,"column":15},"end":{"line":288,"column":null}},"type":"binary-expr","locations":[{"start":{"line":288,"column":15},"end":{"line":288,"column":46}},{"start":{"line":288,"column":46},"end":{"line":288,"column":null}}],"line":288},"6":{"loc":{"start":{"line":312,"column":2},"end":{"line":313,"column":null}},"type":"if","locations":[{"start":{"line":312,"column":2},"end":{"line":313,"column":null}},{"start":{},"end":{}}],"line":312}},"s":{"0":1,"1":1,"2":1,"3":1,"4":9,"5":9,"6":5,"7":5,"8":1,"9":9,"10":2,"11":2,"12":2,"13":2,"14":9,"15":2,"16":1,"17":1,"18":9,"19":4,"20":4,"21":2,"22":4,"23":9,"24":1,"25":13,"26":13,"27":4,"28":9},"f":{"0":9,"1":5,"2":2,"3":2,"4":2,"5":4,"6":2,"7":13},"b":{"0":[1,4],"1":[5,1],"2":[1,1],"3":[1,1],"4":[4],"5":[4,1],"6":[4,9]},"meta":{"lastBranch":7,"lastFunction":8,"lastStatement":29,"seen":{"s:3:21:228:Infinity":0,"s:231:0:231:Infinity":1,"s:233:6:233:39":2,"s:235:13:298:Infinity":3,"f:235:13:235:33":0,"s:236:19:236:48":4,"s:239:2:244:Infinity":5,"f:239:2:239:18":1,"s:240:22:240:58":6,"b:241:4:242:Infinity:undefined:undefined:undefined:undefined":0,"s:241:4:242:Infinity":7,"b:241:8:241:21:241:21:241:46":1,"s:242:6:242:Infinity":8,"s:252:8:257:Infinity":9,"f:252:8:252:31":2,"s:253:4:257:Infinity":10,"f:253:4:253:17":3,"s:254:22:254:Infinity":11,"b:254:42:254:49:254:49:254:Infinity":2,"s:255:6:255:Infinity":12,"s:256:6:256:Infinity":13,"s:267:8:270:Infinity":14,"f:267:8:267:26":4,"b:268:4:270:Infinity:undefined:undefined:undefined:undefined":3,"s:268:4:270:Infinity":15,"s:269:6:269:Infinity":16,"s:270:6:270:Infinity":17,"s:287:8:292:Infinity":18,"f:287:8:287:13":5,"b:287:27:287:29":4,"s:288:15:288:Infinity":19,"b:288:15:288:46:288:46:288:Infinity":5,"s:289:4:291:Infinity":20,"f:289:24:289:33":6,"s:290:6:290:Infinity":21,"s:292:4:292:Infinity":22,"s:295:2:298:Infinity":23,"s:310:13:315:Infinity":24,"f:310:13:310:33":7,"s:311:8:311:45":25,"b:312:2:313:Infinity:undefined:undefined:undefined:undefined":6,"s:312:2:313:Infinity":26,"s:313:4:313:Infinity":27,"s:315:2:315:Infinity":28}}}
,"/home/runner/work/tester.com/tester.com/src/db/api.js": {"path":"/home/runner/work/tester.com/tester.com/src/db/api.js","statementMap":{"0":{"start":{"line":8,"column":13},"end":{"line":8,"column":19}},"1":{"start":{"line":11,"column":18},"end":{"line":11,"column":91}},"2":{"start":{"line":12,"column":27},"end":{"line":12,"column":96}},"3":{"start":{"line":14,"column":20},"end":{"line":21,"column":5}},"4":{"start":{"line":22,"column":4},"end":{"line":22,"column":null}},"5":{"start":{"line":22,"column":28},"end":{"line":22,"column":null}},"6":{"start":{"line":24,"column":16},"end":{"line":24,"column":54}},"7":{"start":{"line":25,"column":17},"end":{"line":25,"column":51}},"8":{"start":{"line":25,"column":47},"end":{"line":25,"column":49}},"9":{"start":{"line":27,"column":4},"end":{"line":30,"column":null}},"10":{"start":{"line":28,"column":8},"end":{"line":28,"column":null}},"11":{"start":{"line":29,"column":8},"end":{"line":29,"column":null}},"12":{"start":{"line":32,"column":4},"end":{"line":34,"column":null}},"13":{"start":{"line":33,"column":8},"end":{"line":33,"column":null}},"14":{"start":{"line":35,"column":4},"end":{"line":35,"column":null}},"15":{"start":{"line":40,"column":27},"end":{"line":41,"column":90}},"16":{"start":{"line":41,"column":4},"end":{"line":41,"column":90}},"17":{"start":{"line":43,"column":30},"end":{"line":44,"column":34}},"18":{"start":{"line":44,"column":4},"end":{"line":44,"column":34}},"19":{"start":{"line":48,"column":28},"end":{"line":49,"column":45}},"20":{"start":{"line":49,"column":4},"end":{"line":49,"column":45}},"21":{"start":{"line":51,"column":30},"end":{"line":52,"column":50}},"22":{"start":{"line":52,"column":4},"end":{"line":52,"column":50}},"23":{"start":{"line":54,"column":25},"end":{"line":55,"column":53}},"24":{"start":{"line":55,"column":4},"end":{"line":55,"column":53}},"25":{"start":{"line":59,"column":28},"end":{"line":60,"column":41}},"26":{"start":{"line":60,"column":4},"end":{"line":60,"column":41}},"27":{"start":{"line":62,"column":30},"end":{"line":63,"column":39}},"28":{"start":{"line":63,"column":4},"end":{"line":63,"column":39}},"29":{"start":{"line":65,"column":30},"end":{"line":66,"column":43}},"30":{"start":{"line":66,"column":4},"end":{"line":66,"column":43}},"31":{"start":{"line":70,"column":27},"end":{"line":97,"column":1}},"32":{"start":{"line":79,"column":20},"end":{"line":79,"column":22}},"33":{"start":{"line":80,"column":4},"end":{"line":82,"column":null}},"34":{"start":{"line":81,"column":8},"end":{"line":81,"column":null}},"35":{"start":{"line":84,"column":4},"end":{"line":96,"column":null}},"36":{"start":{"line":99,"column":25},"end":{"line":109,"column":1}},"37":{"start":{"line":100,"column":19},"end":{"line":100,"column":40}},"38":{"start":{"line":101,"column":4},"end":{"line":105,"column":null}},"39":{"start":{"line":102,"column":8},"end":{"line":104,"column":null}},"40":{"start":{"line":103,"column":12},"end":{"line":103,"column":null}},"41":{"start":{"line":107,"column":18},"end":{"line":107,"column":35}},"42":{"start":{"line":108,"column":4},"end":{"line":108,"column":null}},"43":{"start":{"line":111,"column":28},"end":{"line":112,"column":32}},"44":{"start":{"line":112,"column":4},"end":{"line":112,"column":32}},"45":{"start":{"line":114,"column":34},"end":{"line":115,"column":56}},"46":{"start":{"line":115,"column":4},"end":{"line":115,"column":56}},"47":{"start":{"line":117,"column":37},"end":{"line":118,"column":59}},"48":{"start":{"line":118,"column":4},"end":{"line":118,"column":59}}},"fnMap":{"0":{"name":"http","decl":{"start":{"line":10,"column":15},"end":{"line":10,"column":19}},"loc":{"start":{"line":10,"column":59},"end":{"line":36,"column":null}},"line":10},"1":{"name":"(anonymous_1)","decl":{"start":{"line":25,"column":40},"end":{"line":25,"column":41}},"loc":{"start":{"line":25,"column":47},"end":{"line":25,"column":49}},"line":25},"2":{"name":"(anonymous_2)","decl":{"start":{"line":40,"column":27},"end":{"line":40,"column":28}},"loc":{"start":{"line":41,"column":4},"end":{"line":41,"column":90}},"line":41},"3":{"name":"(anonymous_3)","decl":{"start":{"line":43,"column":30},"end":{"line":43,"column":31}},"loc":{"start":{"line":44,"column":4},"end":{"line":44,"column":34}},"line":44},"4":{"name":"(anonymous_4)","decl":{"start":{"line":48,"column":28},"end":{"line":48,"column":29}},"loc":{"start":{"line":49,"column":4},"end":{"line":49,"column":45}},"line":49},"5":{"name":"(anonymous_5)","decl":{"start":{"line":51,"column":30},"end":{"line":51,"column":31}},"loc":{"start":{"line":52,"column":4},"end":{"line":52,"column":50}},"line":52},"6":{"name":"(anonymous_6)","decl":{"start":{"line":54,"column":25},"end":{"line":54,"column":26}},"loc":{"start":{"line":55,"column":4},"end":{"line":55,"column":53}},"line":55},"7":{"name":"(anonymous_7)","decl":{"start":{"line":59,"column":28},"end":{"line":59,"column":29}},"loc":{"start":{"line":60,"column":4},"end":{"line":60,"column":41}},"line":60},"8":{"name":"(anonymous_8)","decl":{"start":{"line":62,"column":30},"end":{"line":62,"column":31}},"loc":{"start":{"line":63,"column":4},"end":{"line":63,"column":39}},"line":63},"9":{"name":"(anonymous_9)","decl":{"start":{"line":65,"column":30},"end":{"line":65,"column":31}},"loc":{"start":{"line":66,"column":4},"end":{"line":66,"column":43}},"line":66},"10":{"name":"(anonymous_10)","decl":{"start":{"line":70,"column":27},"end":{"line":70,"column":28}},"loc":{"start":{"line":78,"column":11},"end":{"line":97,"column":1}},"line":78},"11":{"name":"(anonymous_11)","decl":{"start":{"line":99,"column":25},"end":{"line":99,"column":26}},"loc":{"start":{"line":99,"column":42},"end":{"line":109,"column":1}},"line":99},"12":{"name":"(anonymous_12)","decl":{"start":{"line":101,"column":35},"end":{"line":101,"column":36}},"loc":{"start":{"line":101,"column":53},"end":{"line":105,"column":5}},"line":101},"13":{"name":"(anonymous_13)","decl":{"start":{"line":111,"column":28},"end":{"line":111,"column":29}},"loc":{"start":{"line":112,"column":4},"end":{"line":112,"column":32}},"line":112},"14":{"name":"(anonymous_14)","decl":{"start":{"line":114,"column":34},"end":{"line":114,"column":35}},"loc":{"start":{"line":115,"column":4},"end":{"line":115,"column":56}},"line":115},"15":{"name":"(anonymous_15)","decl":{"start":{"line":117,"column":37},"end":{"line":117,"column":38}},"loc":{"start":{"line":118,"column":4},"end":{"line":118,"column":59}},"line":118}},"branchMap":{"0":{"loc":{"start":{"line":10,"column":40},"end":{"line":10,"column":57}},"type":"default-arg","locations":[{"start":{"line":10,"column":55},"end":{"line":10,"column":57}}],"line":10},"1":{"loc":{"start":{"line":11,"column":18},"end":{"line":11,"column":91}},"type":"cond-expr","locations":[{"start":{"line":11,"column":50},"end":{"line":11,"column":84}},{"start":{"line":11,"column":87},"end":{"line":11,"column":91}}],"line":11},"2":{"loc":{"start":{"line":12,"column":27},"end":{"line":12,"column":96}},"type":"binary-expr","locations":[{"start":{"line":12,"column":27},"end":{"line":12,"column":58}},{"start":{"line":12,"column":62},"end":{"line":12,"column":96}}],"line":12},"3":{"loc":{"start":{"line":18,"column":16},"end":{"line":18,"column":84}},"type":"cond-expr","locations":[{"start":{"line":18,"column":43},"end":{"line":18,"column":79}},{"start":{"line":18,"column":82},"end":{"line":18,"column":84}}],"line":18},"4":{"loc":{"start":{"line":18,"column":16},"end":{"line":18,"column":40}},"type":"binary-expr","locations":[{"start":{"line":18,"column":16},"end":{"line":18,"column":21}},{"start":{"line":18,"column":25},"end":{"line":18,"column":40}}],"line":18},"5":{"loc":{"start":{"line":22,"column":4},"end":{"line":22,"column":null}},"type":"if","locations":[{"start":{"line":22,"column":4},"end":{"line":22,"column":null}},{"start":{},"end":{}}],"line":22},"6":{"loc":{"start":{"line":27,"column":4},"end":{"line":30,"column":null}},"type":"if","locations":[{"start":{"line":27,"column":4},"end":{"line":30,"column":null}},{"start":{},"end":{}}],"line":27},"7":{"loc":{"start":{"line":27,"column":8},"end":{"line":27,"column":59}},"type":"binary-expr","locations":[{"start":{"line":27,"column":8},"end":{"line":27,"column":26}},{"start":{"line":27,"column":30},"end":{"line":27,"column":59}}],"line":27},"8":{"loc":{"start":{"line":32,"column":4},"end":{"line":34,"column":null}},"type":"if","locations":[{"start":{"line":32,"column":4},"end":{"line":34,"column":null}},{"start":{},"end":{}}],"line":32},"9":{"loc":{"start":{"line":33,"column":24},"end":{"line":33,"column":58}},"type":"binary-expr","locations":[{"start":{"line":33,"column":24},"end":{"line":33,"column":34}},{"start":{"line":33,"column":38},"end":{"line":33,"column":58}}],"line":33},"10":{"loc":{"start":{"line":41,"column":28},"end":{"line":41,"column":87}},"type":"cond-expr","locations":[{"start":{"line":41,"column":39},"end":{"line":41,"column":82}},{"start":{"line":41,"column":85},"end":{"line":41,"column":87}}],"line":41},"11":{"loc":{"start":{"line":70,"column":28},"end":{"line":78,"column":6}},"type":"default-arg","locations":[{"start":{"line":78,"column":4},"end":{"line":78,"column":6}}],"line":70},"12":{"loc":{"start":{"line":71,"column":4},"end":{"line":71,"column":21}},"type":"default-arg","locations":[{"start":{"line":71,"column":20},"end":{"line":71,"column":21}}],"line":71},"13":{"loc":{"start":{"line":72,"column":4},"end":{"line":72,"column":21}},"type":"default-arg","locations":[{"start":{"line":72,"column":20},"end":{"line":72,"column":21}}],"line":72},"14":{"loc":{"start":{"line":73,"column":4},"end":{"line":73,"column":24}},"type":"default-arg","locations":[{"start":{"line":73,"column":20},"end":{"line":73,"column":24}}],"line":73},"15":{"loc":{"start":{"line":74,"column":4},"end":{"line":74,"column":26}},"type":"default-arg","locations":[{"start":{"line":74,"column":22},"end":{"line":74,"column":26}}],"line":74},"16":{"loc":{"start":{"line":75,"column":4},"end":{"line":75,"column":22}},"type":"default-arg","locations":[{"start":{"line":75,"column":18},"end":{"line":75,"column":22}}],"line":75},"17":{"loc":{"start":{"line":76,"column":4},"end":{"line":76,"column":16}},"type":"default-arg","locations":[{"start":{"line":76,"column":12},"end":{"line":76,"column":16}}],"line":76},"18":{"loc":{"start":{"line":77,"column":4},"end":{"line":77,"column":25}},"type":"default-arg","locations":[{"start":{"line":77,"column":21},"end":{"line":77,"column":25}}],"line":77},"19":{"loc":{"start":{"line":80,"column":4},"end":{"line":82,"column":null}},"type":"if","locations":[{"start":{"line":80,"column":4},"end":{"line":82,"column":null}},{"start":{},"end":{}}],"line":80},"20":{"loc":{"start":{"line":99,"column":26},"end":{"line":99,"column":37}},"type":"default-arg","locations":[{"start":{"line":99,"column":35},"end":{"line":99,"column":37}}],"line":99},"21":{"loc":{"start":{"line":102,"column":8},"end":{"line":104,"column":null}},"type":"if","locations":[{"start":{"line":102,"column":8},"end":{"line":104,"column":null}},{"start":{},"end":{}}],"line":102},"22":{"loc":{"start":{"line":102,"column":12},"end":{"line":102,"column":65}},"type":"binary-expr","locations":[{"start":{"line":102,"column":12},"end":{"line":102,"column":31}},{"start":{"line":102,"column":35},"end":{"line":102,"column":49}},{"start":{"line":102,"column":53},"end":{"line":102,"column":65}}],"line":102},"23":{"loc":{"start":{"line":108,"column":33},"end":{"line":108,"column":57}},"type":"cond-expr","locations":[{"start":{"line":108,"column":41},"end":{"line":108,"column":52}},{"start":{"line":108,"column":55},"end":{"line":108,"column":57}}],"line":108},"24":{"loc":{"start":{"line":114,"column":44},"end":{"line":114,"column":56}},"type":"default-arg","locations":[{"start":{"line":114,"column":54},"end":{"line":114,"column":56}}],"line":114}},"s":{"0":3,"1":21,"2":21,"3":21,"4":21,"5":5,"6":21,"7":21,"8":0,"9":21,"10":1,"11":1,"12":21,"13":2,"14":19,"15":3,"16":13,"17":3,"18":1,"19":3,"20":1,"21":3,"22":1,"23":3,"24":1,"25":3,"26":2,"27":3,"28":1,"29":3,"30":1,"31":3,"32":0,"33":0,"34":0,"35":0,"36":3,"37":0,"38":0,"39":0,"40":0,"41":0,"42":0,"43":3,"44":0,"45":3,"46":0,"47":3,"48":0},"f":{"0":21,"1":0,"2":13,"3":1,"4":1,"5":1,"6":1,"7":2,"8":1,"9":1,"10":0,"11":0,"12":0,"13":0,"14":0,"15":0},"b":{"0":[21],"1":[21,0],"2":[21,19],"3":[2,19],"4":[21,3],"5":[5,16],"6":[1,20],"7":[21,1],"8":[2,19],"9":[2,0],"10":[1,12],"11":[0],"12":[0],"13":[0],"14":[0],"15":[0],"16":[0],"17":[0],"18":[0],"19":[0,0],"20":[0],"21":[0,0],"22":[0,0,0],"23":[0,0],"24":[0]},"meta":{"lastBranch":25,"lastFunction":16,"lastStatement":49,"seen":{"s:8:13:8:19":0,"f:10:15:10:19":0,"b:10:55:10:57":0,"s:11:18:11:91":1,"b:11:50:11:84:11:87:11:91":1,"s:12:27:12:96":2,"b:12:27:12:58:12:62:12:96":2,"s:14:20:21:5":3,"b:18:43:18:79:18:82:18:84":3,"b:18:16:18:21:18:25:18:40":4,"b:22:4:22:Infinity:undefined:undefined:undefined:undefined":5,"s:22:4:22:Infinity":4,"s:22:28:22:Infinity":5,"s:24:16:24:54":6,"s:25:17:25:51":7,"f:25:40:25:41":1,"s:25:47:25:49":8,"b:27:4:30:Infinity:undefined:undefined:undefined:undefined":6,"s:27:4:30:Infinity":9,"b:27:8:27:26:27:30:27:59":7,"s:28:8:28:Infinity":10,"s:29:8:29:Infinity":11,"b:32:4:34:Infinity:undefined:undefined:undefined:undefined":8,"s:32:4:34:Infinity":12,"s:33:8:33:Infinity":13,"b:33:24:33:34:33:38:33:58":9,"s:35:4:35:Infinity":14,"s:40:27:41:90":15,"f:40:27:40:28":2,"s:41:4:41:90":16,"b:41:39:41:82:41:85:41:87":10,"s:43:30:44:34":17,"f:43:30:43:31":3,"s:44:4:44:34":18,"s:48:28:49:45":19,"f:48:28:48:29":4,"s:49:4:49:45":20,"s:51:30:52:50":21,"f:51:30:51:31":5,"s:52:4:52:50":22,"s:54:25:55:53":23,"f:54:25:54:26":6,"s:55:4:55:53":24,"s:59:28:60:41":25,"f:59:28:59:29":7,"s:60:4:60:41":26,"s:62:30:63:39":27,"f:62:30:62:31":8,"s:63:4:63:39":28,"s:65:30:66:43":29,"f:65:30:65:31":9,"s:66:4:66:43":30,"s:70:27:97:1":31,"f:70:27:70:28":10,"b:78:4:78:6":11,"b:71:20:71:21":12,"b:72:20:72:21":13,"b:73:20:73:24":14,"b:74:22:74:26":15,"b:75:18:75:22":16,"b:76:12:76:16":17,"b:77:21:77:25":18,"s:79:20:79:22":32,"b:80:4:82:Infinity:undefined:undefined:undefined:undefined":19,"s:80:4:82:Infinity":33,"s:81:8:81:Infinity":34,"s:84:4:96:Infinity":35,"s:99:25:109:1":36,"f:99:25:99:26":11,"b:99:35:99:37":20,"s:100:19:100:40":37,"s:101:4:105:Infinity":38,"f:101:35:101:36":12,"b:102:8:104:Infinity:undefined:undefined:undefined:undefined":21,"s:102:8:104:Infinity":39,"b:102:12:102:31:102:35:102:49:102:53:102:65":22,"s:103:12:103:Infinity":40,"s:107:18:107:35":41,"s:108:4:108:Infinity":42,"b:108:41:108:52:108:55:108:57":23,"s:111:28:112:32":43,"f:111:28:111:29":13,"s:112:4:112:32":44,"s:114:34:115:56":45,"f:114:34:114:35":14,"s:115:4:115:56":46,"b:114:54:114:56":24,"s:117:37:118:59":47,"f:117:37:117:38":15,"s:118:4:118:59":48}}}
}
