TN:
SF:src/App.jsx
FN:122,(anonymous_0)
FN:213,(anonymous_1)
FN:398,(anonymous_2)
FN:407,(anonymous_3)
FN:412,(anonymous_4)
FN:414,(anonymous_5)
FN:415,(anonymous_6)
FN:416,(anonymous_7)
FN:419,(anonymous_8)
FN:431,(anonymous_9)
FN:432,(anonymous_10)
FN:434,(anonymous_11)
FN:440,(anonymous_12)
FN:441,(anonymous_13)
FN:443,(anonymous_14)
FN:471,(anonymous_15)
FN:496,(anonymous_16)
FNF:17
FNH:13
FNDA:14,(anonymous_0)
FNDA:0,(anonymous_1)
FNDA:1,(anonymous_2)
FNDA:14,(anonymous_3)
FNDA:6,(anonymous_4)
FNDA:5,(anonymous_5)
FNDA:5,(anonymous_6)
FNDA:2,(anonymous_7)
FNDA:1,(anonymous_8)
FNDA:1,(anonymous_9)
FNDA:1,(anonymous_10)
FNDA:0,(anonymous_11)
FNDA:1,(anonymous_12)
FNDA:1,(anonymous_13)
FNDA:0,(anonymous_14)
FNDA:0,(anonymous_15)
FNDA:6,(anonymous_16)
DA:32,1
DA:122,1
DA:123,14
DA:124,14
DA:126,14
DA:213,0
DA:398,1
DA:399,1
DA:400,1
DA:401,1
DA:402,1
DA:404,0
DA:407,1
DA:408,14
DA:409,14
DA:410,14
DA:412,14
DA:414,14
DA:415,5
DA:416,5
DA:417,5
DA:418,1
DA:419,1
DA:420,1
DA:425,4
DA:426,4
DA:431,14
DA:432,1
DA:433,1
DA:434,1
DA:435,0
DA:440,14
DA:441,1
DA:442,1
DA:443,1
DA:447,14
DA:471,0
DA:496,1
DA:497,6
LF:39
LH:35
BRDA:263,0,0,0
BRDA:263,0,1,14
BRDA:401,1,0,1
BRDA:401,1,1,0
BRDA:417,2,0,1
BRDA:417,2,1,4
BRDA:420,3,0,1
BRDA:420,3,1,0
BRDA:435,4,0,0
BRDA:435,4,1,0
BRF:10
BRH:5
end_of_record
TN:
SF:src/components/Cart.jsx
FN:19,(anonymous_0)
FN:21,(anonymous_1)
FN:22,(anonymous_2)
FN:23,(anonymous_3)
FN:27,(anonymous_4)
FN:32,(anonymous_5)
FN:76,(anonymous_6)
FNF:7
FNH:4
FNDA:10,(anonymous_0)
FNDA:0,(anonymous_1)
FNDA:0,(anonymous_2)
FNDA:0,(anonymous_3)
FNDA:16,(anonymous_4)
FNDA:16,(anonymous_5)
FNDA:16,(anonymous_6)
DA:19,1
DA:25,10
DA:26,10
DA:27,10
DA:28,16
DA:32,16
DA:34,10
DA:77,16
LF:8
LH:8
BRDA:20,0,0,10
BRDA:21,1,0,0
BRDA:22,2,0,0
BRDA:23,3,0,0
BRDA:26,4,0,9
BRDA:26,4,1,1
BRDA:40,5,0,2
BRDA:40,5,1,8
BRDA:83,6,0,16
BRDA:83,6,1,8
BRF:10
BRH:7
end_of_record
TN:
SF:src/components/CartItem.jsx
FN:16,(anonymous_0)
FN:18,(anonymous_1)
FN:19,(anonymous_2)
FN:74,(anonymous_3)
FN:97,(anonymous_4)
FNF:5
FNH:5
FNDA:8,(anonymous_0)
FNDA:1,(anonymous_1)
FNDA:1,(anonymous_2)
FNDA:4,(anonymous_3)
FNDA:3,(anonymous_4)
DA:16,1
DA:17,8
DA:18,8
DA:19,8
DA:20,8
DA:27,8
DA:75,4
DA:76,4
DA:97,3
LF:9
LH:9
BRDA:18,0,0,8
BRDA:18,0,1,7
BRDA:18,0,2,1
BRDA:19,1,0,8
BRDA:19,1,1,7
BRDA:19,1,2,1
BRDA:22,2,0,8
BRDA:22,2,1,1
BRDA:23,3,0,8
BRDA:23,3,1,1
BRDA:24,4,0,7
BRDA:24,4,1,1
BRDA:25,5,0,7
BRDA:25,5,1,1
BRDA:25,6,0,8
BRDA:25,6,1,8
BRDA:76,7,0,3
BRDA:76,7,1,1
BRF:18
BRH:18
end_of_record
TN:
SF:src/components/Catalog.jsx
FN:17,(anonymous_0)
FN:17,(anonymous_1)
FN:17,(anonymous_2)
FN:24,(anonymous_3)
FN:30,(anonymous_4)
FN:31,(anonymous_5)
FN:45,(anonymous_6)
FN:47,(anonymous_7)
FN:69,(anonymous_8)
FN:80,(anonymous_9)
FN:86,(anonymous_10)
FN:102,(anonymous_11)
FNF:12
FNH:6
FNDA:25,(anonymous_0)
FNDA:0,(anonymous_1)
FNDA:0,(anonymous_2)
FNDA:24,(anonymous_3)
FNDA:10,(anonymous_4)
FNDA:10,(anonymous_5)
FNDA:0,(anonymous_6)
FNDA:0,(anonymous_7)
FNDA:6,(anonymous_8)
FNDA:24,(anonymous_9)
FNDA:0,(anonymous_10)
FNDA:0,(anonymous_11)
DA:17,1
DA:18,25
DA:19,25
DA:20,25
DA:21,25
DA:24,25
DA:25,24
DA:26,10
DA:30,25
DA:31,10
DA:32,10
DA:33,10
DA:34,10
DA:35,10
DA:37,0
DA:39,10
DA:42,10
DA:45,25
DA:47,25
DA:48,0
DA:50,0
DA:51,0
DA:54,25
DA:69,6
DA:81,24
DA:86,0
DA:103,0
LF:27
LH:21
BRDA:17,0,0,0
BRDA:17,1,0,25
BRDA:17,2,0,0
BRDA:25,3,0,10
BRDA:25,3,1,14
BRDA:25,4,0,24
BRDA:25,4,1,10
BRDA:35,5,0,10
BRDA:35,5,1,0
BRDA:50,6,0,0
BRDA:50,6,1,0
BRDA:51,7,0,0
BRDA:51,7,1,0
BRDA:61,8,0,24
BRDA:61,8,1,0
BRDA:85,9,0,14
BRDA:85,9,1,10
BRDA:87,10,0,14
BRDA:87,10,1,10
BRDA:95,11,0,20
BRDA:95,11,1,4
BRDA:110,12,0,25
BRDA:110,12,1,4
BRDA:110,12,2,4
BRF:24
BRH:16
end_of_record
TN:
SF:src/components/CheckoutButton.jsx
FN:10,(anonymous_0)
FN:10,(anonymous_1)
FN:18,(anonymous_2)
FNF:3
FNH:2
FNDA:10,(anonymous_0)
FNDA:0,(anonymous_1)
FNDA:4,(anonymous_2)
DA:10,1
DA:11,10
DA:12,10
DA:13,10
DA:14,10
DA:15,10
DA:16,10
DA:18,10
DA:19,4
DA:20,0
DA:21,0
DA:24,4
DA:25,2
DA:27,2
DA:28,2
DA:31,2
DA:32,2
DA:35,10
LF:18
LH:16
BRDA:10,0,0,10
BRDA:10,1,0,0
BRDA:15,2,0,10
BRDA:15,2,1,1
BRDA:15,2,2,0
BRDA:16,3,0,9
BRDA:16,3,1,1
BRDA:19,4,0,0
BRDA:19,4,1,4
BRDA:24,5,0,2
BRDA:24,5,1,2
BRDA:41,6,0,4
BRDA:41,6,1,6
BRDA:46,7,0,4
BRDA:46,7,1,6
BRF:15
BRH:12
end_of_record
TN:
SF:src/components/Login.jsx
FN:26,(anonymous_0)
FN:53,(anonymous_1)
FN:151,(anonymous_2)
FN:165,(anonymous_3)
FN:177,(anonymous_4)
FN:184,(anonymous_5)
FN:184,(anonymous_6)
FNF:7
FNH:7
FNDA:135,(anonymous_0)
FNDA:8,(anonymous_1)
FNDA:1,(anonymous_2)
FNDA:78,(anonymous_3)
FNDA:30,(anonymous_4)
FNDA:2,(anonymous_5)
FNDA:2,(anonymous_6)
DA:26,1
DA:27,135
DA:28,135
DA:29,135
DA:32,135
DA:33,135
DA:35,135
DA:36,135
DA:37,135
DA:38,135
DA:39,135
DA:53,135
DA:54,8
DA:55,8
DA:57,8
DA:58,2
DA:59,2
DA:62,6
DA:63,6
DA:64,6
DA:65,5
DA:66,8
DA:68,8
DA:69,1
DA:72,4
DA:83,4
DA:84,4
DA:86,2
DA:88,6
DA:92,135
DA:151,1
DA:165,78
DA:177,30
DA:184,2
LF:34
LH:34
BRDA:33,0,0,135
BRDA:33,0,1,114
BRDA:57,1,0,2
BRDA:57,1,1,6
BRDA:57,2,0,8
BRDA:57,2,1,6
BRDA:65,3,0,5
BRDA:65,3,1,1
BRDA:68,4,0,1
BRDA:68,4,1,7
BRDA:86,5,0,2
BRDA:86,5,1,1
BRDA:146,6,0,135
BRDA:146,6,1,4
BRDA:174,7,0,1
BRDA:174,7,1,134
BRDA:186,8,0,1
BRDA:186,8,1,134
BRDA:219,9,0,6
BRDA:219,9,1,129
BRDA:236,10,0,6
BRDA:236,10,1,129
BRF:22
BRH:22
end_of_record
TN:
SF:src/components/Product.jsx
FN:21,(anonymous_0)
FN:21,(anonymous_1)
FN:48,(anonymous_2)
FN:72,(anonymous_3)
FN:91,(anonymous_4)
FN:93,(anonymous_5)
FN:106,(anonymous_6)
FNF:7
FNH:4
FNDA:10,(anonymous_0)
FNDA:1,(anonymous_1)
FNDA:0,(anonymous_2)
FNDA:0,(anonymous_3)
FNDA:0,(anonymous_4)
FNDA:100,(anonymous_5)
FNDA:1,(anonymous_6)
DA:21,2
DA:22,10
DA:23,10
DA:24,10
DA:25,10
DA:34,10
DA:48,0
DA:72,0
DA:91,0
DA:94,100
DA:106,1
LF:11
LH:8
BRDA:21,0,0,10
BRDA:21,1,0,1
BRDA:26,2,0,10
BRDA:26,2,1,0
BRDA:27,3,0,10
BRDA:27,3,1,10
BRDA:28,4,0,10
BRDA:28,4,1,0
BRDA:29,5,0,10
BRDA:29,5,1,0
BRDA:30,6,0,10
BRDA:30,6,1,0
BRDA:31,7,0,10
BRDA:31,7,1,0
BRF:14
BRH:9
end_of_record
TN:
SF:src/components/ProductDetails.jsx
FN:28,(anonymous_0)
FN:36,(anonymous_1)
FN:37,(anonymous_2)
FN:69,(anonymous_3)
FN:82,(anonymous_4)
FN:172,(anonymous_5)
FN:174,(anonymous_6)
FN:187,(anonymous_7)
FNF:8
FNH:8
FNDA:19,(anonymous_0)
FNDA:7,(anonymous_1)
FNDA:7,(anonymous_2)
FNDA:1,(anonymous_3)
FNDA:1,(anonymous_4)
FNDA:1,(anonymous_5)
FNDA:90,(anonymous_6)
FNDA:1,(anonymous_7)
DA:28,1
DA:29,19
DA:30,19
DA:31,19
DA:32,19
DA:33,19
DA:34,19
DA:36,19
DA:37,7
DA:38,7
DA:39,7
DA:40,7
DA:41,5
DA:43,1
DA:45,6
DA:48,7
DA:51,19
DA:52,7
DA:61,12
DA:62,3
DA:69,1
DA:78,9
DA:82,1
DA:172,1
DA:175,90
DA:187,1
LF:26
LH:26
BRDA:51,0,0,7
BRDA:51,0,1,12
BRDA:61,1,0,3
BRDA:61,1,1,9
BRDA:129,2,0,9
BRDA:129,2,1,3
BRDA:139,3,0,19
BRDA:139,3,1,3
BRDA:149,4,0,19
BRDA:149,4,1,3
BRF:10
BRH:10
end_of_record
TN:
SF:src/components/Register.jsx
FN:47,(anonymous_0)
FN:69,(anonymous_1)
FN:73,(anonymous_2)
FN:74,(anonymous_3)
FN:75,(anonymous_4)
FN:94,(anonymous_5)
FN:103,(anonymous_6)
FN:116,(anonymous_7)
FN:130,(anonymous_8)
FN:142,(anonymous_9)
FN:158,(anonymous_10)
FN:194,(anonymous_11)
FN:201,(anonymous_12)
FN:219,(anonymous_13)
FN:220,(anonymous_14)
FN:221,(anonymous_15)
FN:233,(anonymous_16)
FN:245,(anonymous_17)
FN:248,(anonymous_18)
FN:258,(anonymous_19)
FN:274,(anonymous_20)
FN:305,(anonymous_21)
FN:323,(anonymous_22)
FN:327,(anonymous_23)
FN:340,(anonymous_24)
FN:366,(anonymous_25)
FN:427,(anonymous_26)
FN:464,(anonymous_27)
FN:503,(anonymous_28)
FN:514,(anonymous_29)
FN:536,(anonymous_30)
FN:548,(anonymous_31)
FN:563,(anonymous_32)
FN:579,(anonymous_33)
FN:592,(anonymous_34)
FN:607,(anonymous_35)
FN:616,(anonymous_36)
FN:616,(anonymous_37)
FN:647,(anonymous_38)
FN:656,(anonymous_39)
FN:656,(anonymous_40)
FN:696,(anonymous_41)
FN:723,(anonymous_42)
FN:735,(anonymous_43)
FN:751,(anonymous_44)
FN:762,(anonymous_45)
FN:776,(anonymous_46)
FN:788,(anonymous_47)
FN:810,(anonymous_48)
FN:818,(anonymous_49)
FN:894,(anonymous_50)
FNF:51
FNH:41
FNDA:13,(anonymous_0)
FNDA:1,(anonymous_1)
FNDA:0,(anonymous_2)
FNDA:0,(anonymous_3)
FNDA:0,(anonymous_4)
FNDA:14,(anonymous_5)
FNDA:132,(anonymous_6)
FNDA:14,(anonymous_7)
FNDA:143,(anonymous_8)
FNDA:56,(anonymous_9)
FNDA:345,(anonymous_10)
FNDA:18,(anonymous_11)
FNDA:960,(anonymous_12)
FNDA:908,(anonymous_13)
FNDA:908,(anonymous_14)
FNDA:908,(anonymous_15)
FNDA:56,(anonymous_16)
FNDA:1,(anonymous_17)
FNDA:5,(anonymous_18)
FNDA:1,(anonymous_19)
FNDA:14,(anonymous_20)
FNDA:5,(anonymous_21)
FNDA:14,(anonymous_22)
FNDA:1,(anonymous_23)
FNDA:5,(anonymous_24)
FNDA:3,(anonymous_25)
FNDA:1920,(anonymous_26)
FNDA:2,(anonymous_27)
FNDA:0,(anonymous_28)
FNDA:14,(anonymous_29)
FNDA:54,(anonymous_30)
FNDA:65,(anonymous_31)
FNDA:132,(anonymous_32)
FNDA:182,(anonymous_33)
FNDA:143,(anonymous_34)
FNDA:130,(anonymous_35)
FNDA:1,(anonymous_36)
FNDA:1,(anonymous_37)
FNDA:117,(anonymous_38)
FNDA:1,(anonymous_39)
FNDA:1,(anonymous_40)
FNDA:56,(anonymous_41)
FNDA:0,(anonymous_42)
FNDA:12,(anonymous_43)
FNDA:0,(anonymous_44)
FNDA:0,(anonymous_45)
FNDA:0,(anonymous_46)
FNDA:0,(anonymous_47)
FNDA:1,(anonymous_48)
FNDA:0,(anonymous_49)
FNDA:1,(anonymous_50)
DA:47,1
DA:48,13
DA:49,13
DA:50,12
DA:51,11
DA:52,99
DA:53,11
DA:54,11
DA:55,11
DA:56,11
DA:57,110
DA:58,11
DA:59,11
DA:60,11
DA:69,1
DA:70,1
DA:71,1
DA:72,1
DA:73,0
DA:74,0
DA:75,0
DA:76,0
DA:77,0
DA:79,0
DA:80,0
DA:81,0
DA:82,0
DA:94,14
DA:103,1
DA:104,132
DA:116,1
DA:117,14
DA:130,1
DA:131,143
DA:142,1
DA:143,56
DA:158,1
DA:159,345
DA:160,345
DA:161,345
DA:162,345
DA:163,345
DA:164,345
DA:165,314
DA:166,244
DA:167,230
DA:172,1
DA:193,1
DA:194,18
DA:199,1
DA:201,1
DA:202,960
DA:203,960
DA:204,960
DA:206,960
DA:207,960
DA:208,960
DA:209,960
DA:210,960
DA:211,960
DA:212,960
DA:213,960
DA:215,960
DA:219,960
DA:220,908
DA:221,908
DA:233,960
DA:234,56
DA:235,56
DA:236,56
DA:237,56
DA:238,7
DA:239,7
DA:240,7
DA:241,7
DA:242,6
DA:243,6
DA:244,1
DA:245,1
DA:247,5
DA:248,5
DA:257,1
DA:258,1
DA:260,7
DA:274,960
DA:275,14
DA:276,14
DA:278,14
DA:279,14
DA:280,14
DA:281,14
DA:282,1
DA:284,14
DA:285,14
DA:287,14
DA:288,13
DA:290,1
DA:291,1
DA:294,14
DA:295,14
DA:305,960
DA:306,5
DA:307,5
DA:309,5
DA:310,1
DA:312,5
DA:313,5
DA:314,5
DA:315,5
DA:317,5
DA:318,5
DA:323,960
DA:324,14
DA:327,960
DA:340,960
DA:341,5
DA:342,5
DA:344,4
DA:345,4
DA:346,4
DA:365,2
DA:366,3
DA:368,2
DA:370,4
DA:376,960
DA:380,960
DA:428,1920
DA:464,2
DA:503,0
DA:514,14
DA:536,54
DA:548,65
DA:563,132
DA:579,182
DA:592,143
DA:607,130
DA:616,1
DA:647,117
DA:656,1
DA:696,56
DA:723,0
DA:735,12
DA:751,0
DA:762,0
DA:776,0
DA:788,0
DA:810,1
DA:818,0
DA:894,1
LF:149
LH:133
BRDA:49,0,0,1
BRDA:49,0,1,12
BRDA:50,1,0,1
BRDA:50,1,1,11
BRDA:54,2,0,0
BRDA:54,2,1,11
BRDA:54,3,0,11
BRDA:54,3,1,11
BRDA:55,4,0,0
BRDA:55,4,1,11
BRDA:59,5,0,0
BRDA:59,5,1,11
BRDA:59,6,0,11
BRDA:59,6,1,11
BRDA:71,7,0,0
BRDA:71,7,1,1
BRDA:72,8,0,1
BRDA:72,8,1,0
BRDA:77,9,0,0
BRDA:77,9,1,0
BRDA:83,10,0,0
BRDA:83,10,1,0
BRDA:160,11,0,244
BRDA:160,11,1,101
BRDA:161,12,0,342
BRDA:161,12,1,3
BRDA:162,13,0,314
BRDA:162,13,1,31
BRDA:163,14,0,230
BRDA:163,14,1,115
BRDA:164,15,0,31
BRDA:164,15,1,314
BRDA:165,16,0,70
BRDA:165,16,1,244
BRDA:166,17,0,14
BRDA:166,17,1,230
BRDA:237,18,0,7
BRDA:237,18,1,49
BRDA:243,19,0,1
BRDA:243,19,1,5
BRDA:250,20,0,5
BRDA:250,20,1,0
BRDA:251,21,0,5
BRDA:251,21,1,0
BRDA:252,22,0,5
BRDA:252,22,1,0
BRDA:253,23,0,5
BRDA:253,23,1,0
BRDA:278,24,0,1
BRDA:278,24,1,13
BRDA:279,25,0,1
BRDA:279,25,1,13
BRDA:280,26,0,1
BRDA:280,26,1,13
BRDA:281,27,0,1
BRDA:281,27,1,13
BRDA:281,28,0,14
BRDA:281,28,1,13
BRDA:284,29,0,1
BRDA:284,29,1,13
BRDA:285,30,0,0
BRDA:285,30,1,14
BRDA:287,31,0,13
BRDA:287,31,1,1
BRDA:288,32,0,2
BRDA:288,32,1,11
BRDA:290,33,0,1
BRDA:290,33,1,0
BRDA:291,34,0,1
BRDA:291,34,1,0
BRDA:309,35,0,1
BRDA:309,35,1,4
BRDA:309,36,0,5
BRDA:309,36,1,4
BRDA:312,37,0,1
BRDA:312,37,1,4
BRDA:313,38,0,1
BRDA:313,38,1,4
BRDA:314,39,0,1
BRDA:314,39,1,4
BRDA:315,40,0,1
BRDA:315,40,1,4
BRDA:324,41,0,11
BRDA:324,41,1,3
BRDA:324,42,0,14
BRDA:324,42,1,14
BRDA:342,43,0,1
BRDA:342,43,1,4
BRDA:353,44,0,4
BRDA:353,44,1,0
BRDA:354,45,0,0
BRDA:354,45,1,4
BRDA:355,46,0,0
BRDA:355,46,1,4
BRDA:363,47,0,5
BRDA:363,47,1,4
BRDA:368,48,0,2
BRDA:368,48,1,1
BRDA:376,49,0,345
BRDA:376,49,1,615
BRDA:453,50,0,960
BRDA:453,50,1,864
BRDA:464,51,0,2
BRDA:464,51,1,2
BRDA:495,52,0,864
BRDA:495,52,1,71
BRDA:516,53,0,71
BRDA:516,53,1,70
BRDA:556,54,0,864
BRDA:556,54,1,793
BRDA:565,55,0,793
BRDA:565,55,1,791
BRDA:574,56,0,793
BRDA:574,56,1,71
BRDA:594,57,0,864
BRDA:594,57,1,863
BRDA:605,58,0,2
BRDA:605,58,1,862
BRDA:609,59,0,864
BRDA:609,59,1,863
BRDA:618,60,0,2
BRDA:618,60,1,862
BRDA:624,61,0,864
BRDA:624,61,1,249
BRDA:645,62,0,1
BRDA:645,62,1,863
BRDA:658,63,0,1
BRDA:658,63,1,863
BRDA:687,64,0,960
BRDA:687,64,1,96
BRDA:698,65,0,96
BRDA:698,65,1,93
BRDA:704,66,0,96
BRDA:704,66,1,7
BRDA:705,67,0,96
BRDA:705,67,1,25
BRDA:706,68,0,96
BRDA:706,68,1,2
BRDA:810,69,0,1
BRDA:810,69,1,0
BRDA:827,70,0,1
BRDA:827,70,1,95
BRDA:834,71,0,96
BRDA:834,71,1,1
BRDA:867,72,0,4
BRDA:867,72,1,92
BRDA:880,73,0,4
BRDA:880,73,1,92
BRF:148
BRH:128
end_of_record
TN:
SF:src/components/ThankYouPage.jsx
FN:21,(anonymous_0)
FN:21,(anonymous_1)
FN:28,(anonymous_2)
FN:34,(anonymous_3)
FN:35,(anonymous_4)
FN:79,(anonymous_5)
FN:110,(anonymous_6)
FNF:7
FNH:4
FNDA:10,(anonymous_0)
FNDA:10,(anonymous_1)
FNDA:0,(anonymous_2)
FNDA:10,(anonymous_3)
FNDA:10,(anonymous_4)
FNDA:0,(anonymous_5)
FNDA:0,(anonymous_6)
DA:21,1
DA:22,10
DA:23,10
DA:24,10
DA:26,10
DA:28,10
DA:29,0
DA:34,10
DA:35,10
DA:38,10
DA:80,0
DA:110,0
LF:12
LH:9
BRDA:21,0,0,10
BRDA:26,1,0,10
BRDA:26,1,1,10
BRDA:62,2,0,10
BRDA:62,2,1,0
BRF:5
BRH:4
end_of_record
TN:
SF:src/contexts/AuthContext.jsx
FN:33,(anonymous_0)
FN:40,(anonymous_1)
FN:65,(anonymous_2)
FN:78,(anonymous_3)
FN:103,(anonymous_4)
FNF:5
FNH:5
FNDA:9,(anonymous_0)
FNDA:5,(anonymous_1)
FNDA:2,(anonymous_2)
FNDA:1,(anonymous_3)
FNDA:13,(anonymous_4)
DA:22,1
DA:33,1
DA:35,9
DA:37,9
DA:40,9
DA:41,5
DA:42,5
DA:44,5
DA:45,2
DA:46,2
DA:47,2
DA:50,1
DA:51,1
DA:54,3
DA:55,3
DA:65,9
DA:66,2
DA:67,2
DA:68,2
DA:69,2
DA:78,9
DA:79,1
DA:80,1
DA:81,1
DA:82,1
DA:85,9
DA:103,1
DA:104,13
DA:105,13
DA:106,9
LF:30
LH:30
BRDA:44,0,0,2
BRDA:44,0,1,3
BRDA:44,1,0,5
BRDA:44,1,1,2
BRDA:86,2,0,9
BRDA:86,2,1,3
BRDA:105,3,0,4
BRDA:105,3,1,9
BRF:8
BRH:8
end_of_record
TN:
SF:src/contexts/DatabaseContext.jsx
FN:15,(anonymous_0)
FN:19,(anonymous_1)
FN:22,(anonymous_2)
FN:23,(anonymous_3)
FN:52,(anonymous_4)
FNF:5
FNH:5
FNDA:5,(anonymous_0)
FNDA:3,(anonymous_1)
FNDA:1,(anonymous_2)
FNDA:1,(anonymous_3)
FNDA:2,(anonymous_4)
DA:13,1
DA:15,1
DA:16,5
DA:17,5
DA:19,5
DA:21,3
DA:22,1
DA:24,1
DA:25,1
DA:29,5
DA:30,1
DA:37,4
DA:38,3
DA:45,1
DA:52,2
LF:15
LH:15
BRDA:29,0,0,1
BRDA:29,0,1,4
BRDA:37,1,0,3
BRDA:37,1,1,1
BRF:4
BRH:4
end_of_record
TN:
SF:src/contexts/LanguageContext.jsx
FN:151,(anonymous_0)
FN:155,(anonymous_1)
FN:168,(anonymous_2)
FN:169,(anonymous_3)
FN:183,(anonymous_4)
FN:203,(anonymous_5)
FN:205,(anonymous_6)
FN:226,(anonymous_7)
FNF:8
FNH:8
FNDA:9,(anonymous_0)
FNDA:5,(anonymous_1)
FNDA:2,(anonymous_2)
FNDA:2,(anonymous_3)
FNDA:2,(anonymous_4)
FNDA:4,(anonymous_5)
FNDA:2,(anonymous_6)
FNDA:13,(anonymous_7)
DA:3,1
DA:147,1
DA:149,1
DA:151,1
DA:152,9
DA:155,9
DA:156,5
DA:157,5
DA:158,1
DA:168,9
DA:169,2
DA:170,2
DA:171,2
DA:172,2
DA:183,9
DA:184,2
DA:185,1
DA:186,1
DA:203,9
DA:204,4
DA:205,4
DA:206,2
DA:208,4
DA:211,9
DA:226,1
DA:227,13
DA:228,13
DA:229,4
DA:231,9
LF:29
LH:29
BRDA:157,0,0,1
BRDA:157,0,1,4
BRDA:157,1,0,5
BRDA:157,1,1,1
BRDA:170,2,0,1
BRDA:170,2,1,1
BRDA:184,3,0,1
BRDA:184,3,1,1
BRDA:203,4,0,4
BRDA:204,5,0,4
BRDA:204,5,1,1
BRDA:228,6,0,4
BRDA:228,6,1,9
BRF:13
BRH:13
end_of_record
TN:
SF:src/db/api.js
FN:10,http
FN:24,(anonymous_1)
FN:39,(anonymous_2)
FN:42,(anonymous_3)
FN:47,(anonymous_4)
FN:50,(anonymous_5)
FN:53,(anonymous_6)
FN:58,(anonymous_7)
FN:61,(anonymous_8)
FN:64,(anonymous_9)
FNF:10
FNH:9
FNDA:21,http
FNDA:0,(anonymous_1)
FNDA:13,(anonymous_2)
FNDA:1,(anonymous_3)
FNDA:1,(anonymous_4)
FNDA:1,(anonymous_5)
FNDA:1,(anonymous_6)
FNDA:2,(anonymous_7)
FNDA:1,(anonymous_8)
FNDA:1,(anonymous_9)
DA:8,2
DA:11,21
DA:12,21
DA:14,21
DA:21,21
DA:23,21
DA:24,21
DA:26,21
DA:27,1
DA:28,1
DA:31,21
DA:32,2
DA:34,19
DA:39,2
DA:40,13
DA:42,2
DA:43,1
DA:47,2
DA:48,1
DA:50,2
DA:51,1
DA:53,2
DA:54,1
DA:58,2
DA:59,2
DA:61,2
DA:62,1
DA:64,2
DA:65,1
LF:29
LH:29
BRDA:11,0,0,21
BRDA:11,0,1,0
BRDA:12,1,0,21
BRDA:12,1,1,19
BRDA:18,2,0,2
BRDA:18,2,1,19
BRDA:18,3,0,21
BRDA:18,3,1,3
BRDA:21,4,0,5
BRDA:21,4,1,16
BRDA:26,5,0,1
BRDA:26,5,1,20
BRDA:26,6,0,21
BRDA:26,6,1,1
BRDA:31,7,0,2
BRDA:31,7,1,19
BRDA:32,8,0,2
BRDA:32,8,1,0
BRDA:40,9,0,1
BRDA:40,9,1,12
BRF:20
BRH:18
end_of_record
