TN:
SF:src/App.jsx
FN:123,(anonymous_0)
FN:214,(anonymous_1)
FN:399,(anonymous_2)
FN:408,(anonymous_3)
FN:413,(anonymous_4)
FN:415,(anonymous_5)
FN:416,(anonymous_6)
FN:417,(anonymous_7)
FN:420,(anonymous_8)
FN:432,(anonymous_9)
FN:433,(anonymous_10)
FN:435,(anonymous_11)
FN:441,(anonymous_12)
FN:442,(anonymous_13)
FN:444,(anonymous_14)
FN:472,(anonymous_15)
FN:480,(anonymous_16)
FN:505,(anonymous_17)
FNF:18
FNH:13
FNDA:14,(anonymous_0)
FNDA:0,(anonymous_1)
FNDA:1,(anonymous_2)
FNDA:14,(anonymous_3)
FNDA:6,(anonymous_4)
FNDA:5,(anonymous_5)
FNDA:5,(anonymous_6)
FNDA:2,(anonymous_7)
FNDA:1,(anonymous_8)
FNDA:1,(anonymous_9)
FNDA:1,(anonymous_10)
FNDA:0,(anonymous_11)
FNDA:1,(anonymous_12)
FNDA:1,(anonymous_13)
FNDA:0,(anonymous_14)
FNDA:0,(anonymous_15)
FNDA:0,(anonymous_16)
FNDA:6,(anonymous_17)
DA:33,1
DA:123,1
DA:124,14
DA:125,14
DA:127,14
DA:214,0
DA:399,1
DA:400,1
DA:401,1
DA:402,1
DA:403,1
DA:405,0
DA:408,1
DA:409,14
DA:410,14
DA:411,14
DA:413,14
DA:415,14
DA:416,5
DA:417,5
DA:418,5
DA:419,1
DA:420,1
DA:421,1
DA:426,4
DA:427,4
DA:432,14
DA:433,1
DA:434,1
DA:435,1
DA:436,0
DA:441,14
DA:442,1
DA:443,1
DA:444,1
DA:448,14
DA:472,0
DA:480,0
DA:505,1
DA:506,6
LF:40
LH:35
BRDA:264,0,0,0
BRDA:264,0,1,14
BRDA:402,1,0,1
BRDA:402,1,1,0
BRDA:418,2,0,1
BRDA:418,2,1,4
BRDA:421,3,0,1
BRDA:421,3,1,0
BRDA:436,4,0,0
BRDA:436,4,1,0
BRF:10
BRH:5
end_of_record
TN:
SF:src/components/Cart.jsx
FN:19,(anonymous_0)
FN:21,(anonymous_1)
FN:22,(anonymous_2)
FN:23,(anonymous_3)
FN:27,(anonymous_4)
FN:32,(anonymous_5)
FN:76,(anonymous_6)
FNF:7
FNH:4
FNDA:10,(anonymous_0)
FNDA:0,(anonymous_1)
FNDA:0,(anonymous_2)
FNDA:0,(anonymous_3)
FNDA:16,(anonymous_4)
FNDA:16,(anonymous_5)
FNDA:16,(anonymous_6)
DA:19,1
DA:25,10
DA:26,10
DA:27,10
DA:28,16
DA:32,16
DA:34,10
DA:77,16
LF:8
LH:8
BRDA:20,0,0,10
BRDA:21,1,0,0
BRDA:22,2,0,0
BRDA:23,3,0,0
BRDA:26,4,0,9
BRDA:26,4,1,1
BRDA:40,5,0,2
BRDA:40,5,1,8
BRDA:83,6,0,16
BRDA:83,6,1,8
BRF:10
BRH:7
end_of_record
TN:
SF:src/components/CartItem.jsx
FN:16,(anonymous_0)
FN:18,(anonymous_1)
FN:19,(anonymous_2)
FN:74,(anonymous_3)
FN:97,(anonymous_4)
FNF:5
FNH:5
FNDA:8,(anonymous_0)
FNDA:1,(anonymous_1)
FNDA:1,(anonymous_2)
FNDA:4,(anonymous_3)
FNDA:3,(anonymous_4)
DA:16,1
DA:17,8
DA:18,8
DA:19,8
DA:20,8
DA:27,8
DA:75,4
DA:76,4
DA:97,3
LF:9
LH:9
BRDA:18,0,0,8
BRDA:18,0,1,7
BRDA:18,0,2,1
BRDA:19,1,0,8
BRDA:19,1,1,7
BRDA:19,1,2,1
BRDA:22,2,0,8
BRDA:22,2,1,1
BRDA:23,3,0,8
BRDA:23,3,1,1
BRDA:24,4,0,7
BRDA:24,4,1,1
BRDA:25,5,0,7
BRDA:25,5,1,1
BRDA:25,6,0,8
BRDA:25,6,1,8
BRDA:76,7,0,3
BRDA:76,7,1,1
BRF:18
BRH:18
end_of_record
TN:
SF:src/components/Catalog.jsx
FN:17,(anonymous_0)
FN:17,(anonymous_1)
FN:17,(anonymous_2)
FN:24,(anonymous_3)
FN:30,(anonymous_4)
FN:31,(anonymous_5)
FN:45,(anonymous_6)
FN:47,(anonymous_7)
FN:69,(anonymous_8)
FN:80,(anonymous_9)
FN:86,(anonymous_10)
FN:102,(anonymous_11)
FNF:12
FNH:6
FNDA:25,(anonymous_0)
FNDA:0,(anonymous_1)
FNDA:0,(anonymous_2)
FNDA:24,(anonymous_3)
FNDA:10,(anonymous_4)
FNDA:10,(anonymous_5)
FNDA:0,(anonymous_6)
FNDA:0,(anonymous_7)
FNDA:6,(anonymous_8)
FNDA:24,(anonymous_9)
FNDA:0,(anonymous_10)
FNDA:0,(anonymous_11)
DA:17,1
DA:18,25
DA:19,25
DA:20,25
DA:21,25
DA:24,25
DA:25,24
DA:26,10
DA:30,25
DA:31,10
DA:32,10
DA:33,10
DA:34,10
DA:35,10
DA:37,0
DA:39,10
DA:42,10
DA:45,25
DA:47,25
DA:48,0
DA:50,0
DA:51,0
DA:54,25
DA:69,6
DA:81,24
DA:86,0
DA:103,0
LF:27
LH:21
BRDA:17,0,0,0
BRDA:17,1,0,25
BRDA:17,2,0,0
BRDA:25,3,0,10
BRDA:25,3,1,14
BRDA:25,4,0,24
BRDA:25,4,1,10
BRDA:35,5,0,10
BRDA:35,5,1,0
BRDA:50,6,0,0
BRDA:50,6,1,0
BRDA:51,7,0,0
BRDA:51,7,1,0
BRDA:61,8,0,24
BRDA:61,8,1,0
BRDA:85,9,0,14
BRDA:85,9,1,10
BRDA:87,10,0,14
BRDA:87,10,1,10
BRDA:95,11,0,20
BRDA:95,11,1,4
BRDA:110,12,0,25
BRDA:110,12,1,4
BRDA:110,12,2,4
BRF:24
BRH:16
end_of_record
TN:
SF:src/components/CheckoutButton.jsx
FN:11,(anonymous_0)
FN:19,(anonymous_1)
FN:39,(anonymous_2)
FN:43,(anonymous_3)
FNF:4
FNH:4
FNDA:11,(anonymous_0)
FNDA:5,(anonymous_1)
FNDA:3,(anonymous_2)
FNDA:3,(anonymous_3)
DA:11,1
DA:12,11
DA:13,11
DA:14,11
DA:15,11
DA:16,11
DA:17,11
DA:19,11
DA:20,5
DA:21,0
DA:22,0
DA:25,5
DA:26,2
DA:28,2
DA:29,2
DA:32,3
DA:34,3
DA:38,5
DA:39,3
DA:43,3
DA:45,5
DA:46,2
DA:47,2
DA:54,1
DA:58,11
LF:25
LH:23
BRDA:11,0,0,11
BRDA:16,1,0,11
BRDA:16,1,1,1
BRDA:16,1,2,0
BRDA:17,2,0,10
BRDA:17,2,1,1
BRDA:20,3,0,0
BRDA:20,3,1,5
BRDA:25,4,0,2
BRDA:25,4,1,3
BRDA:34,5,0,3
BRDA:34,5,1,0
BRDA:34,6,0,3
BRDA:34,6,1,3
BRDA:40,7,0,3
BRDA:40,7,1,3
BRDA:41,8,0,3
BRDA:41,8,1,1
BRDA:43,9,0,3
BRDA:43,9,1,3
BRDA:43,9,2,3
BRDA:43,9,3,3
BRDA:54,10,0,1
BRDA:54,10,1,0
BRDA:64,11,0,5
BRDA:64,11,1,6
BRDA:69,12,0,5
BRDA:69,12,1,6
BRF:28
BRH:24
end_of_record
TN:
SF:src/components/Login.jsx
FN:26,(anonymous_0)
FN:53,(anonymous_1)
FN:151,(anonymous_2)
FN:165,(anonymous_3)
FN:177,(anonymous_4)
FN:184,(anonymous_5)
FN:184,(anonymous_6)
FNF:7
FNH:7
FNDA:135,(anonymous_0)
FNDA:8,(anonymous_1)
FNDA:1,(anonymous_2)
FNDA:78,(anonymous_3)
FNDA:30,(anonymous_4)
FNDA:2,(anonymous_5)
FNDA:2,(anonymous_6)
DA:26,1
DA:27,135
DA:28,135
DA:29,135
DA:32,135
DA:33,135
DA:35,135
DA:36,135
DA:37,135
DA:38,135
DA:39,135
DA:53,135
DA:54,8
DA:55,8
DA:57,8
DA:58,2
DA:59,2
DA:62,6
DA:63,6
DA:64,6
DA:65,5
DA:66,8
DA:68,8
DA:69,1
DA:72,4
DA:83,4
DA:84,4
DA:86,2
DA:88,6
DA:92,135
DA:151,1
DA:165,78
DA:177,30
DA:184,2
LF:34
LH:34
BRDA:33,0,0,135
BRDA:33,0,1,114
BRDA:57,1,0,2
BRDA:57,1,1,6
BRDA:57,2,0,8
BRDA:57,2,1,6
BRDA:65,3,0,5
BRDA:65,3,1,1
BRDA:68,4,0,1
BRDA:68,4,1,7
BRDA:86,5,0,2
BRDA:86,5,1,1
BRDA:146,6,0,135
BRDA:146,6,1,4
BRDA:174,7,0,1
BRDA:174,7,1,134
BRDA:186,8,0,1
BRDA:186,8,1,134
BRDA:219,9,0,6
BRDA:219,9,1,129
BRDA:236,10,0,6
BRDA:236,10,1,129
BRF:22
BRH:22
end_of_record
TN:
SF:src/components/PaymentsPage.jsx
FN:29,detectCardBrand
FN:49,(anonymous_1)
FN:49,(anonymous_2)
FN:66,(anonymous_3)
FN:71,(anonymous_4)
FN:76,(anonymous_5)
FN:82,(anonymous_6)
FN:82,(anonymous_7)
FN:83,(anonymous_8)
FN:86,(anonymous_9)
FN:104,(anonymous_10)
FN:144,(anonymous_11)
FN:195,(anonymous_12)
FN:206,(anonymous_13)
FN:208,(anonymous_14)
FN:208,(anonymous_15)
FN:218,(anonymous_16)
FNF:17
FNH:13
FNDA:5,detectCardBrand
FNDA:13,(anonymous_1)
FNDA:1,(anonymous_2)
FNDA:5,(anonymous_3)
FNDA:5,(anonymous_4)
FNDA:13,(anonymous_5)
FNDA:50,(anonymous_6)
FNDA:0,(anonymous_7)
FNDA:0,(anonymous_8)
FNDA:3,(anonymous_9)
FNDA:3,(anonymous_10)
FNDA:2,(anonymous_11)
FNDA:1,(anonymous_12)
FNDA:0,(anonymous_13)
FNDA:4,(anonymous_14)
FNDA:3,(anonymous_15)
FNDA:0,(anonymous_16)
DA:27,2
DA:30,5
DA:31,5
DA:32,5
DA:33,5
DA:34,5
DA:35,5
DA:36,5
DA:37,5
DA:38,5
DA:41,2
DA:49,2
DA:50,13
DA:51,13
DA:52,13
DA:54,13
DA:55,13
DA:57,13
DA:59,13
DA:60,13
DA:61,13
DA:62,13
DA:63,13
DA:64,13
DA:66,13
DA:67,5
DA:71,13
DA:72,5
DA:73,5
DA:76,13
DA:77,13
DA:78,13
DA:79,10
DA:82,50
DA:83,0
DA:86,13
DA:87,3
DA:92,3
DA:93,2
DA:94,2
DA:95,2
DA:96,2
DA:97,2
DA:98,2
DA:101,3
DA:104,13
DA:105,3
DA:106,0
DA:107,0
DA:108,0
DA:111,3
DA:112,0
DA:113,0
DA:114,0
DA:116,0
DA:117,0
DA:118,0
DA:122,3
DA:123,3
DA:125,3
DA:126,3
DA:127,3
DA:129,3
DA:130,1
DA:131,1
DA:134,2
DA:135,0
DA:136,0
DA:138,0
DA:139,0
DA:140,0
DA:144,2
DA:145,2
DA:146,1
DA:148,1
DA:151,2
DA:152,2
DA:163,0
DA:165,3
DA:169,13
DA:170,0
DA:179,13
DA:195,1
DA:206,0
DA:208,4
DA:209,3
DA:218,0
LF:87
LH:68
BRDA:29,0,0,5
BRDA:31,1,0,0
BRDA:31,1,1,5
BRDA:32,2,0,0
BRDA:32,2,1,5
BRDA:33,3,0,0
BRDA:33,3,1,5
BRDA:34,4,0,0
BRDA:34,4,1,5
BRDA:35,5,0,0
BRDA:35,5,1,5
BRDA:36,6,0,0
BRDA:36,6,1,5
BRDA:37,7,0,0
BRDA:37,7,1,5
BRDA:49,8,0,1
BRDA:55,9,0,13
BRDA:55,9,1,0
BRDA:57,10,0,13
BRDA:57,10,1,0
BRDA:63,11,0,13
BRDA:63,11,1,0
BRDA:72,12,0,5
BRDA:72,12,1,0
BRDA:77,13,0,0
BRDA:77,13,1,13
BRDA:78,14,0,3
BRDA:78,14,1,10
BRDA:92,15,0,2
BRDA:92,15,1,1
BRDA:92,16,0,3
BRDA:92,16,1,1
BRDA:97,17,0,2
BRDA:97,17,1,0
BRDA:105,18,0,0
BRDA:105,18,1,3
BRDA:111,19,0,0
BRDA:111,19,1,3
BRDA:112,20,0,0
BRDA:112,20,1,0
BRDA:112,21,0,0
BRDA:112,21,1,0
BRDA:112,21,2,0
BRDA:116,22,0,0
BRDA:116,22,1,0
BRDA:126,23,0,0
BRDA:126,23,1,3
BRDA:129,24,0,1
BRDA:129,24,1,2
BRDA:134,25,0,0
BRDA:134,25,1,2
BRDA:138,26,0,0
BRDA:138,26,1,0
BRDA:145,27,0,1
BRDA:145,27,1,1
BRDA:157,28,0,1
BRDA:157,28,1,1
BRDA:163,29,0,0
BRDA:163,29,1,0
BRDA:169,30,0,0
BRDA:169,30,1,13
BRDA:199,31,0,13
BRDA:199,31,1,1
BRDA:227,32,0,13
BRDA:227,32,1,3
BRDA:227,32,2,10
BRDA:254,33,0,10
BRDA:254,33,1,10
BRDA:269,34,0,13
BRDA:269,34,1,0
BRDA:273,35,0,13
BRDA:273,35,1,3
BRDA:286,36,0,3
BRDA:286,36,1,10
BRF:74
BRH:44
end_of_record
TN:
SF:src/components/Product.jsx
FN:21,(anonymous_0)
FN:21,(anonymous_1)
FN:48,(anonymous_2)
FN:72,(anonymous_3)
FN:91,(anonymous_4)
FN:93,(anonymous_5)
FN:106,(anonymous_6)
FNF:7
FNH:4
FNDA:10,(anonymous_0)
FNDA:1,(anonymous_1)
FNDA:0,(anonymous_2)
FNDA:0,(anonymous_3)
FNDA:0,(anonymous_4)
FNDA:100,(anonymous_5)
FNDA:1,(anonymous_6)
DA:21,2
DA:22,10
DA:23,10
DA:24,10
DA:25,10
DA:34,10
DA:48,0
DA:72,0
DA:91,0
DA:94,100
DA:106,1
LF:11
LH:8
BRDA:21,0,0,10
BRDA:21,1,0,1
BRDA:26,2,0,10
BRDA:26,2,1,0
BRDA:27,3,0,10
BRDA:27,3,1,10
BRDA:28,4,0,10
BRDA:28,4,1,0
BRDA:29,5,0,10
BRDA:29,5,1,0
BRDA:30,6,0,10
BRDA:30,6,1,0
BRDA:31,7,0,10
BRDA:31,7,1,0
BRF:14
BRH:9
end_of_record
TN:
SF:src/components/ProductDetails.jsx
FN:28,(anonymous_0)
FN:36,(anonymous_1)
FN:37,(anonymous_2)
FN:69,(anonymous_3)
FN:82,(anonymous_4)
FN:172,(anonymous_5)
FN:174,(anonymous_6)
FN:187,(anonymous_7)
FNF:8
FNH:8
FNDA:19,(anonymous_0)
FNDA:7,(anonymous_1)
FNDA:7,(anonymous_2)
FNDA:1,(anonymous_3)
FNDA:1,(anonymous_4)
FNDA:1,(anonymous_5)
FNDA:90,(anonymous_6)
FNDA:1,(anonymous_7)
DA:28,1
DA:29,19
DA:30,19
DA:31,19
DA:32,19
DA:33,19
DA:34,19
DA:36,19
DA:37,7
DA:38,7
DA:39,7
DA:40,7
DA:41,5
DA:43,1
DA:45,6
DA:48,7
DA:51,19
DA:52,7
DA:61,12
DA:62,3
DA:69,1
DA:78,9
DA:82,1
DA:172,1
DA:175,90
DA:187,1
LF:26
LH:26
BRDA:51,0,0,7
BRDA:51,0,1,12
BRDA:61,1,0,3
BRDA:61,1,1,9
BRDA:129,2,0,9
BRDA:129,2,1,3
BRDA:139,3,0,19
BRDA:139,3,1,3
BRDA:149,4,0,19
BRDA:149,4,1,3
BRF:10
BRH:10
end_of_record
TN:
SF:src/components/Register.jsx
FN:47,(anonymous_0)
FN:69,(anonymous_1)
FN:73,(anonymous_2)
FN:74,(anonymous_3)
FN:75,(anonymous_4)
FN:94,(anonymous_5)
FN:103,(anonymous_6)
FN:116,(anonymous_7)
FN:130,(anonymous_8)
FN:142,(anonymous_9)
FN:158,(anonymous_10)
FN:194,(anonymous_11)
FN:201,(anonymous_12)
FN:219,(anonymous_13)
FN:220,(anonymous_14)
FN:221,(anonymous_15)
FN:233,(anonymous_16)
FN:245,(anonymous_17)
FN:248,(anonymous_18)
FN:258,(anonymous_19)
FN:274,(anonymous_20)
FN:305,(anonymous_21)
FN:323,(anonymous_22)
FN:327,(anonymous_23)
FN:340,(anonymous_24)
FN:366,(anonymous_25)
FN:427,(anonymous_26)
FN:464,(anonymous_27)
FN:503,(anonymous_28)
FN:514,(anonymous_29)
FN:536,(anonymous_30)
FN:548,(anonymous_31)
FN:563,(anonymous_32)
FN:579,(anonymous_33)
FN:592,(anonymous_34)
FN:607,(anonymous_35)
FN:616,(anonymous_36)
FN:616,(anonymous_37)
FN:647,(anonymous_38)
FN:656,(anonymous_39)
FN:656,(anonymous_40)
FN:696,(anonymous_41)
FN:723,(anonymous_42)
FN:735,(anonymous_43)
FN:751,(anonymous_44)
FN:762,(anonymous_45)
FN:776,(anonymous_46)
FN:788,(anonymous_47)
FN:810,(anonymous_48)
FN:818,(anonymous_49)
FN:894,(anonymous_50)
FNF:51
FNH:41
FNDA:13,(anonymous_0)
FNDA:1,(anonymous_1)
FNDA:0,(anonymous_2)
FNDA:0,(anonymous_3)
FNDA:0,(anonymous_4)
FNDA:14,(anonymous_5)
FNDA:132,(anonymous_6)
FNDA:14,(anonymous_7)
FNDA:143,(anonymous_8)
FNDA:56,(anonymous_9)
FNDA:345,(anonymous_10)
FNDA:18,(anonymous_11)
FNDA:960,(anonymous_12)
FNDA:908,(anonymous_13)
FNDA:908,(anonymous_14)
FNDA:908,(anonymous_15)
FNDA:56,(anonymous_16)
FNDA:1,(anonymous_17)
FNDA:5,(anonymous_18)
FNDA:1,(anonymous_19)
FNDA:14,(anonymous_20)
FNDA:5,(anonymous_21)
FNDA:14,(anonymous_22)
FNDA:1,(anonymous_23)
FNDA:5,(anonymous_24)
FNDA:3,(anonymous_25)
FNDA:1920,(anonymous_26)
FNDA:2,(anonymous_27)
FNDA:0,(anonymous_28)
FNDA:14,(anonymous_29)
FNDA:54,(anonymous_30)
FNDA:65,(anonymous_31)
FNDA:132,(anonymous_32)
FNDA:182,(anonymous_33)
FNDA:143,(anonymous_34)
FNDA:130,(anonymous_35)
FNDA:1,(anonymous_36)
FNDA:1,(anonymous_37)
FNDA:117,(anonymous_38)
FNDA:1,(anonymous_39)
FNDA:1,(anonymous_40)
FNDA:56,(anonymous_41)
FNDA:0,(anonymous_42)
FNDA:12,(anonymous_43)
FNDA:0,(anonymous_44)
FNDA:0,(anonymous_45)
FNDA:0,(anonymous_46)
FNDA:0,(anonymous_47)
FNDA:1,(anonymous_48)
FNDA:0,(anonymous_49)
FNDA:1,(anonymous_50)
DA:47,1
DA:48,13
DA:49,13
DA:50,12
DA:51,11
DA:52,99
DA:53,11
DA:54,11
DA:55,11
DA:56,11
DA:57,110
DA:58,11
DA:59,11
DA:60,11
DA:69,1
DA:70,1
DA:71,1
DA:72,1
DA:73,0
DA:74,0
DA:75,0
DA:76,0
DA:77,0
DA:79,0
DA:80,0
DA:81,0
DA:82,0
DA:94,14
DA:103,1
DA:104,132
DA:116,1
DA:117,14
DA:130,1
DA:131,143
DA:142,1
DA:143,56
DA:158,1
DA:159,345
DA:160,345
DA:161,345
DA:162,345
DA:163,345
DA:164,345
DA:165,314
DA:166,244
DA:167,230
DA:172,1
DA:193,1
DA:194,18
DA:199,1
DA:201,1
DA:202,960
DA:203,960
DA:204,960
DA:206,960
DA:207,960
DA:208,960
DA:209,960
DA:210,960
DA:211,960
DA:212,960
DA:213,960
DA:215,960
DA:219,960
DA:220,908
DA:221,908
DA:233,960
DA:234,56
DA:235,56
DA:236,56
DA:237,56
DA:238,7
DA:239,7
DA:240,7
DA:241,7
DA:242,6
DA:243,6
DA:244,1
DA:245,1
DA:247,5
DA:248,5
DA:257,1
DA:258,1
DA:260,7
DA:274,960
DA:275,14
DA:276,14
DA:278,14
DA:279,14
DA:280,14
DA:281,14
DA:282,1
DA:284,14
DA:285,14
DA:287,14
DA:288,13
DA:290,1
DA:291,1
DA:294,14
DA:295,14
DA:305,960
DA:306,5
DA:307,5
DA:309,5
DA:310,1
DA:312,5
DA:313,5
DA:314,5
DA:315,5
DA:317,5
DA:318,5
DA:323,960
DA:324,14
DA:327,960
DA:340,960
DA:341,5
DA:342,5
DA:344,4
DA:345,4
DA:346,4
DA:365,2
DA:366,3
DA:368,2
DA:370,4
DA:376,960
DA:380,960
DA:428,1920
DA:464,2
DA:503,0
DA:514,14
DA:536,54
DA:548,65
DA:563,132
DA:579,182
DA:592,143
DA:607,130
DA:616,1
DA:647,117
DA:656,1
DA:696,56
DA:723,0
DA:735,12
DA:751,0
DA:762,0
DA:776,0
DA:788,0
DA:810,1
DA:818,0
DA:894,1
LF:149
LH:133
BRDA:49,0,0,1
BRDA:49,0,1,12
BRDA:50,1,0,1
BRDA:50,1,1,11
BRDA:54,2,0,0
BRDA:54,2,1,11
BRDA:54,3,0,11
BRDA:54,3,1,11
BRDA:55,4,0,0
BRDA:55,4,1,11
BRDA:59,5,0,0
BRDA:59,5,1,11
BRDA:59,6,0,11
BRDA:59,6,1,11
BRDA:71,7,0,0
BRDA:71,7,1,1
BRDA:72,8,0,1
BRDA:72,8,1,0
BRDA:77,9,0,0
BRDA:77,9,1,0
BRDA:83,10,0,0
BRDA:83,10,1,0
BRDA:160,11,0,244
BRDA:160,11,1,101
BRDA:161,12,0,342
BRDA:161,12,1,3
BRDA:162,13,0,314
BRDA:162,13,1,31
BRDA:163,14,0,230
BRDA:163,14,1,115
BRDA:164,15,0,31
BRDA:164,15,1,314
BRDA:165,16,0,70
BRDA:165,16,1,244
BRDA:166,17,0,14
BRDA:166,17,1,230
BRDA:237,18,0,7
BRDA:237,18,1,49
BRDA:243,19,0,1
BRDA:243,19,1,5
BRDA:250,20,0,5
BRDA:250,20,1,0
BRDA:251,21,0,5
BRDA:251,21,1,0
BRDA:252,22,0,5
BRDA:252,22,1,0
BRDA:253,23,0,5
BRDA:253,23,1,0
BRDA:278,24,0,1
BRDA:278,24,1,13
BRDA:279,25,0,1
BRDA:279,25,1,13
BRDA:280,26,0,1
BRDA:280,26,1,13
BRDA:281,27,0,1
BRDA:281,27,1,13
BRDA:281,28,0,14
BRDA:281,28,1,13
BRDA:284,29,0,1
BRDA:284,29,1,13
BRDA:285,30,0,0
BRDA:285,30,1,14
BRDA:287,31,0,13
BRDA:287,31,1,1
BRDA:288,32,0,2
BRDA:288,32,1,11
BRDA:290,33,0,1
BRDA:290,33,1,0
BRDA:291,34,0,1
BRDA:291,34,1,0
BRDA:309,35,0,1
BRDA:309,35,1,4
BRDA:309,36,0,5
BRDA:309,36,1,4
BRDA:312,37,0,1
BRDA:312,37,1,4
BRDA:313,38,0,1
BRDA:313,38,1,4
BRDA:314,39,0,1
BRDA:314,39,1,4
BRDA:315,40,0,1
BRDA:315,40,1,4
BRDA:324,41,0,11
BRDA:324,41,1,3
BRDA:324,42,0,14
BRDA:324,42,1,14
BRDA:342,43,0,1
BRDA:342,43,1,4
BRDA:353,44,0,4
BRDA:353,44,1,0
BRDA:354,45,0,0
BRDA:354,45,1,4
BRDA:355,46,0,0
BRDA:355,46,1,4
BRDA:363,47,0,5
BRDA:363,47,1,4
BRDA:368,48,0,2
BRDA:368,48,1,1
BRDA:376,49,0,345
BRDA:376,49,1,615
BRDA:453,50,0,960
BRDA:453,50,1,864
BRDA:464,51,0,2
BRDA:464,51,1,2
BRDA:495,52,0,864
BRDA:495,52,1,71
BRDA:516,53,0,71
BRDA:516,53,1,70
BRDA:556,54,0,864
BRDA:556,54,1,793
BRDA:565,55,0,793
BRDA:565,55,1,791
BRDA:574,56,0,793
BRDA:574,56,1,71
BRDA:594,57,0,864
BRDA:594,57,1,863
BRDA:605,58,0,2
BRDA:605,58,1,862
BRDA:609,59,0,864
BRDA:609,59,1,863
BRDA:618,60,0,2
BRDA:618,60,1,862
BRDA:624,61,0,864
BRDA:624,61,1,249
BRDA:645,62,0,1
BRDA:645,62,1,863
BRDA:658,63,0,1
BRDA:658,63,1,863
BRDA:687,64,0,960
BRDA:687,64,1,96
BRDA:698,65,0,96
BRDA:698,65,1,93
BRDA:704,66,0,96
BRDA:704,66,1,7
BRDA:705,67,0,96
BRDA:705,67,1,25
BRDA:706,68,0,96
BRDA:706,68,1,2
BRDA:810,69,0,1
BRDA:810,69,1,0
BRDA:827,70,0,1
BRDA:827,70,1,95
BRDA:834,71,0,96
BRDA:834,71,1,1
BRDA:867,72,0,4
BRDA:867,72,1,92
BRDA:880,73,0,4
BRDA:880,73,1,92
BRF:148
BRH:128
end_of_record
TN:
SF:src/components/ThankYouPage.jsx
FN:23,(anonymous_0)
FN:23,(anonymous_1)
FN:31,(anonymous_2)
FN:33,(anonymous_3)
FN:36,(anonymous_4)
FN:42,(anonymous_5)
FN:43,(anonymous_6)
FN:46,(anonymous_7)
FN:59,(anonymous_8)
FN:179,(anonymous_9)
FN:210,(anonymous_10)
FNF:11
FNH:4
FNDA:10,(anonymous_0)
FNDA:10,(anonymous_1)
FNDA:0,(anonymous_2)
FNDA:0,(anonymous_3)
FNDA:0,(anonymous_4)
FNDA:10,(anonymous_5)
FNDA:10,(anonymous_6)
FNDA:0,(anonymous_7)
FNDA:0,(anonymous_8)
FNDA:0,(anonymous_9)
FNDA:0,(anonymous_10)
DA:23,1
DA:24,10
DA:25,10
DA:26,10
DA:28,10
DA:29,10
DA:30,10
DA:31,10
DA:32,10
DA:33,10
DA:34,10
DA:36,10
DA:37,0
DA:42,10
DA:43,10
DA:46,10
DA:47,0
DA:48,0
DA:50,0
DA:51,0
DA:52,0
DA:59,10
DA:60,0
DA:61,0
DA:63,0
DA:64,0
DA:65,0
DA:72,10
DA:180,0
DA:210,0
LF:30
LH:17
BRDA:23,0,0,10
BRDA:28,1,0,10
BRDA:28,1,1,10
BRDA:29,2,0,10
BRDA:29,2,1,0
BRDA:30,3,0,0
BRDA:30,3,1,10
BRDA:32,4,0,10
BRDA:32,4,1,10
BRDA:34,5,0,10
BRDA:34,5,1,10
BRDA:48,6,0,0
BRDA:48,6,1,0
BRDA:51,7,0,0
BRDA:51,7,1,0
BRDA:51,8,0,0
BRDA:51,8,1,0
BRDA:61,9,0,0
BRDA:61,9,1,0
BRDA:64,10,0,0
BRDA:64,10,1,0
BRDA:64,11,0,0
BRDA:64,11,1,0
BRDA:96,12,0,10
BRDA:96,12,1,0
BRDA:103,13,0,0
BRDA:103,13,1,0
BRDA:112,14,0,0
BRDA:112,14,1,0
BRDA:115,15,0,0
BRDA:115,15,1,0
BRDA:126,16,0,10
BRDA:126,16,1,0
BRDA:140,17,0,0
BRDA:140,17,1,0
BRDA:152,18,0,0
BRDA:152,18,1,0
BRDA:162,19,0,10
BRDA:162,19,1,0
BRF:39
BRH:12
end_of_record
TN:
SF:src/components/payment/CardBrandChips.jsx
FN:17,(anonymous_0)
FN:20,(anonymous_1)
FNF:2
FNH:2
FNDA:10,(anonymous_0)
FNDA:100,(anonymous_1)
DA:4,2
DA:17,2
DA:18,10
DA:21,100
LF:4
LH:4
BRDA:17,0,0,10
BRDA:25,1,0,0
BRDA:25,1,1,100
BRDA:26,2,0,0
BRDA:26,2,1,100
BRF:5
BRH:3
end_of_record
TN:
SF:src/components/payment/PaymentMethodSelector.jsx
FN:11,(anonymous_0)
FN:14,(anonymous_1)
FN:26,(anonymous_2)
FNF:3
FNH:3
FNDA:13,(anonymous_0)
FNDA:52,(anonymous_1)
FNDA:1,(anonymous_2)
DA:4,2
DA:11,2
DA:12,13
DA:15,52
DA:16,52
DA:26,1
LF:6
LH:6
BRDA:22,0,0,13
BRDA:22,0,1,39
BRDA:23,1,0,13
BRDA:23,1,1,39
BRF:4
BRH:4
end_of_record
TN:
SF:src/contexts/AuthContext.jsx
FN:33,(anonymous_0)
FN:40,(anonymous_1)
FN:65,(anonymous_2)
FN:78,(anonymous_3)
FN:103,(anonymous_4)
FNF:5
FNH:5
FNDA:9,(anonymous_0)
FNDA:5,(anonymous_1)
FNDA:2,(anonymous_2)
FNDA:1,(anonymous_3)
FNDA:13,(anonymous_4)
DA:22,1
DA:33,1
DA:35,9
DA:37,9
DA:40,9
DA:41,5
DA:42,5
DA:44,5
DA:45,2
DA:46,2
DA:47,2
DA:50,1
DA:51,1
DA:54,3
DA:55,3
DA:65,9
DA:66,2
DA:67,2
DA:68,2
DA:69,2
DA:78,9
DA:79,1
DA:80,1
DA:81,1
DA:82,1
DA:85,9
DA:103,1
DA:104,13
DA:105,13
DA:106,9
LF:30
LH:30
BRDA:44,0,0,2
BRDA:44,0,1,3
BRDA:44,1,0,5
BRDA:44,1,1,2
BRDA:86,2,0,9
BRDA:86,2,1,3
BRDA:105,3,0,4
BRDA:105,3,1,9
BRF:8
BRH:8
end_of_record
TN:
SF:src/contexts/DatabaseContext.jsx
FN:15,(anonymous_0)
FN:19,(anonymous_1)
FN:22,(anonymous_2)
FN:23,(anonymous_3)
FN:52,(anonymous_4)
FNF:5
FNH:5
FNDA:5,(anonymous_0)
FNDA:3,(anonymous_1)
FNDA:1,(anonymous_2)
FNDA:1,(anonymous_3)
FNDA:2,(anonymous_4)
DA:13,1
DA:15,1
DA:16,5
DA:17,5
DA:19,5
DA:21,3
DA:22,1
DA:24,1
DA:25,1
DA:29,5
DA:30,1
DA:37,4
DA:38,3
DA:45,1
DA:52,2
LF:15
LH:15
BRDA:29,0,0,1
BRDA:29,0,1,4
BRDA:37,1,0,3
BRDA:37,1,1,1
BRF:4
BRH:4
end_of_record
TN:
SF:src/contexts/LanguageContext.jsx
FN:235,(anonymous_0)
FN:239,(anonymous_1)
FN:252,(anonymous_2)
FN:253,(anonymous_3)
FN:267,(anonymous_4)
FN:287,(anonymous_5)
FN:289,(anonymous_6)
FN:310,(anonymous_7)
FNF:8
FNH:8
FNDA:9,(anonymous_0)
FNDA:5,(anonymous_1)
FNDA:2,(anonymous_2)
FNDA:2,(anonymous_3)
FNDA:2,(anonymous_4)
FNDA:4,(anonymous_5)
FNDA:2,(anonymous_6)
FNDA:13,(anonymous_7)
DA:3,1
DA:231,1
DA:233,1
DA:235,1
DA:236,9
DA:239,9
DA:240,5
DA:241,5
DA:242,1
DA:252,9
DA:253,2
DA:254,2
DA:255,2
DA:256,2
DA:267,9
DA:268,2
DA:269,1
DA:270,1
DA:287,9
DA:288,4
DA:289,4
DA:290,2
DA:292,4
DA:295,9
DA:310,1
DA:311,13
DA:312,13
DA:313,4
DA:315,9
LF:29
LH:29
BRDA:241,0,0,1
BRDA:241,0,1,4
BRDA:241,1,0,5
BRDA:241,1,1,1
BRDA:254,2,0,1
BRDA:254,2,1,1
BRDA:268,3,0,1
BRDA:268,3,1,1
BRDA:287,4,0,4
BRDA:288,5,0,4
BRDA:288,5,1,1
BRDA:312,6,0,4
BRDA:312,6,1,9
BRF:13
BRH:13
end_of_record
TN:
SF:src/db/api.js
FN:10,http
FN:25,(anonymous_1)
FN:40,(anonymous_2)
FN:43,(anonymous_3)
FN:48,(anonymous_4)
FN:51,(anonymous_5)
FN:54,(anonymous_6)
FN:59,(anonymous_7)
FN:62,(anonymous_8)
FN:65,(anonymous_9)
FN:70,(anonymous_10)
FN:99,(anonymous_11)
FN:101,(anonymous_12)
FN:111,(anonymous_13)
FN:114,(anonymous_14)
FN:117,(anonymous_15)
FNF:16
FNH:9
FNDA:21,http
FNDA:0,(anonymous_1)
FNDA:13,(anonymous_2)
FNDA:1,(anonymous_3)
FNDA:1,(anonymous_4)
FNDA:1,(anonymous_5)
FNDA:1,(anonymous_6)
FNDA:2,(anonymous_7)
FNDA:1,(anonymous_8)
FNDA:1,(anonymous_9)
FNDA:0,(anonymous_10)
FNDA:0,(anonymous_11)
FNDA:0,(anonymous_12)
FNDA:0,(anonymous_13)
FNDA:0,(anonymous_14)
FNDA:0,(anonymous_15)
DA:8,3
DA:11,21
DA:12,21
DA:14,21
DA:22,21
DA:24,21
DA:25,21
DA:27,21
DA:28,1
DA:29,1
DA:32,21
DA:33,2
DA:35,19
DA:40,3
DA:41,13
DA:43,3
DA:44,1
DA:48,3
DA:49,1
DA:51,3
DA:52,1
DA:54,3
DA:55,1
DA:59,3
DA:60,2
DA:62,3
DA:63,1
DA:65,3
DA:66,1
DA:70,3
DA:79,0
DA:80,0
DA:81,0
DA:84,0
DA:99,3
DA:100,0
DA:101,0
DA:102,0
DA:103,0
DA:107,0
DA:108,0
DA:111,3
DA:112,0
DA:114,3
DA:115,0
DA:117,3
DA:118,0
LF:47
LH:34
BRDA:10,0,0,21
BRDA:11,1,0,21
BRDA:11,1,1,0
BRDA:12,2,0,21
BRDA:12,2,1,19
BRDA:18,3,0,2
BRDA:18,3,1,19
BRDA:18,4,0,21
BRDA:18,4,1,3
BRDA:22,5,0,5
BRDA:22,5,1,16
BRDA:27,6,0,1
BRDA:27,6,1,20
BRDA:27,7,0,21
BRDA:27,7,1,1
BRDA:32,8,0,2
BRDA:32,8,1,19
BRDA:33,9,0,2
BRDA:33,9,1,0
BRDA:41,10,0,1
BRDA:41,10,1,12
BRDA:70,11,0,0
BRDA:71,12,0,0
BRDA:72,13,0,0
BRDA:73,14,0,0
BRDA:74,15,0,0
BRDA:75,16,0,0
BRDA:76,17,0,0
BRDA:77,18,0,0
BRDA:80,19,0,0
BRDA:80,19,1,0
BRDA:99,20,0,0
BRDA:102,21,0,0
BRDA:102,21,1,0
BRDA:102,22,0,0
BRDA:102,22,1,0
BRDA:102,22,2,0
BRDA:108,23,0,0
BRDA:108,23,1,0
BRDA:114,24,0,0
BRF:40
BRH:19
end_of_record
