<?xml version="1.0" encoding="UTF-8" ?>
<testsuites name="vitest tests" tests="126" failures="0" errors="0" time="48.695840762">
    <testsuite name="src/__tests__/App.test.jsx" timestamp="2026-03-24T20:46:06.567Z" hostname="runnervm46oaq" tests="5" failures="0" errors="0" skipped="0" time="0.901064606">
        <testcase classname="src/__tests__/App.test.jsx" name="App Component - Integration Behaviors &gt; renderiza navbar, rota inicial e atualiza search" time="0.42236942">
        </testcase>
        <testcase classname="src/__tests__/App.test.jsx" name="App Component - Integration Behaviors &gt; adiciona item no carrinho e incrementa badge" time="0.108605503">
        </testcase>
        <testcase classname="src/__tests__/App.test.jsx" name="App Component - Integration Behaviors &gt; adiciona item existente e dispara toast de atualização de quantidade" time="0.170489364">
        </testcase>
        <testcase classname="src/__tests__/App.test.jsx" name="App Component - Integration Behaviors &gt; na rota /cart, atualiza e remove item via callbacks" time="0.145617991">
        </testcase>
        <testcase classname="src/__tests__/App.test.jsx" name="App Component - Integration Behaviors &gt; protege rota /thank-you e redireciona para login quando não autenticado" time="0.048999281">
        </testcase>
    </testsuite>
    <testsuite name="src/__tests__/validation.test.js" timestamp="2026-03-24T20:46:06.569Z" hostname="runnervm46oaq" tests="3" failures="0" errors="0" skipped="0" time="0.003721634">
        <testcase classname="src/__tests__/validation.test.js" name="Validation - Basic Vitest Functionality &gt; should pass a basic math test" time="0.001761931">
        </testcase>
        <testcase classname="src/__tests__/validation.test.js" name="Validation - Basic Vitest Functionality &gt; should pass a string test" time="0.000206237">
        </testcase>
        <testcase classname="src/__tests__/validation.test.js" name="Validation - Basic Vitest Functionality &gt; should pass when values are truthy" time="0.000182551">
        </testcase>
    </testsuite>
    <testsuite name="src/__tests__/components/Cart.test.jsx" timestamp="2026-03-24T20:46:06.569Z" hostname="runnervm46oaq" tests="10" failures="0" errors="0" skipped="0" time="0.728223407">
        <testcase classname="src/__tests__/components/Cart.test.jsx" name="Cart Component &gt; TC_CART_001: renderiza estado vazio com CTA para catálogo" time="0.329031087">
        </testcase>
        <testcase classname="src/__tests__/components/Cart.test.jsx" name="Cart Component &gt; TC_CART_002: renderiza lista de itens quando carrinho tem produtos" time="0.053964043">
        </testcase>
        <testcase classname="src/__tests__/components/Cart.test.jsx" name="Cart Component &gt; TC_CART_003: calcula subtotal e total corretamente" time="0.021937977">
        </testcase>
        <testcase classname="src/__tests__/components/Cart.test.jsx" name="Cart Component &gt; TC_CART_004: passa callbacks de update/remove para CartItem" time="0.012129476">
        </testcase>
        <testcase classname="src/__tests__/components/Cart.test.jsx" name="Cart Component &gt; TC_CART_005: passa cartItems e setCartItems para CheckoutButton" time="0.019443903">
        </testcase>
        <testcase classname="src/__tests__/components/Cart.test.jsx" name="Cart Component &gt; TC_CART_006: botão continuar comprando aponta para home" time="0.094501603">
        </testcase>
        <testcase classname="src/__tests__/components/Cart.test.jsx" name="Cart Component &gt; TC_CART_007: normaliza cartItems inválido para array vazio" time="0.009867513">
        </testcase>
        <testcase classname="src/__tests__/components/Cart.test.jsx" name="Cart Component &gt; TC_CART_008: renderiza título e resumo de pedido em carrinho preenchido" time="0.022791143">
        </testcase>
        <testcase classname="src/__tests__/components/Cart.test.jsx" name="Cart Component &gt; TC_CART_009: exibe contagem total de itens no resumo" time="0.017706807">
        </testcase>
        <testcase classname="src/__tests__/components/Cart.test.jsx" name="Cart Component &gt; TC_CART_010: mantém render estável com interações básicas" time="0.143548153">
        </testcase>
    </testsuite>
    <testsuite name="src/__tests__/components/CartItem.test.jsx" timestamp="2026-03-24T20:46:06.571Z" hostname="runnervm46oaq" tests="8" failures="0" errors="0" skipped="0" time="0.868533629">
        <testcase classname="src/__tests__/components/CartItem.test.jsx" name="CartItem Component &gt; TC_CI_001: renderiza nome, preço unitário e total da linha" time="0.344366449">
        </testcase>
        <testcase classname="src/__tests__/components/CartItem.test.jsx" name="CartItem Component &gt; TC_CI_002: normaliza item inválido para valores seguros" time="0.048171268">
        </testcase>
        <testcase classname="src/__tests__/components/CartItem.test.jsx" name="CartItem Component &gt; TC_CI_003: chama onChange quando quantidade válida (&gt;0)" time="0.045727209">
        </testcase>
        <testcase classname="src/__tests__/components/CartItem.test.jsx" name="CartItem Component &gt; TC_CI_004: não chama onChange para quantidade inválida (&lt;=0)" time="0.027332533">
        </testcase>
        <testcase classname="src/__tests__/components/CartItem.test.jsx" name="CartItem Component &gt; TC_CI_005: prioriza onUpdateCart quando ambos callbacks de update existem" time="0.034547349">
        </testcase>
        <testcase classname="src/__tests__/components/CartItem.test.jsx" name="CartItem Component &gt; TC_CI_006: chama onRemove ao clicar no botão delete" time="0.207199528">
        </testcase>
        <testcase classname="src/__tests__/components/CartItem.test.jsx" name="CartItem Component &gt; TC_CI_007: prioriza onRemoveFromCart quando ambos callbacks de remoção existem" time="0.08506981">
        </testcase>
        <testcase classname="src/__tests__/components/CartItem.test.jsx" name="CartItem Component &gt; TC_CI_008: funciona sem callbacks explícitos (fallback noop)" time="0.070908571">
        </testcase>
    </testsuite>
    <testsuite name="src/__tests__/components/Catalog.test.jsx" timestamp="2026-03-24T20:46:06.572Z" hostname="runnervm46oaq" tests="10" failures="0" errors="0" skipped="0" time="0.910566033">
        <testcase classname="src/__tests__/components/Catalog.test.jsx" name="Catalog Component &gt; Rendering &gt; TC_CAT_001: Lista todos produtos (mock API)" time="0.340880425">
            <system-err>
Warning: An update to Catalog inside a test was not wrapped in act(...).

When testing, code that causes React state updates should be wrapped into act(...):

act(() =&gt; {
  /* fire events that update state */
});
/* assert on the output */

This ensures that you&apos;re testing the behavior the user would see in the browser. Learn more at https://reactjs.org/link/wrap-tests-with-act
    at Catalog (/home/runner/work/tester.com/tester.com/src/components/Catalog.jsx:17:20)
    at Router (/home/runner/work/tester.com/tester.com/node_modules/react-router/dist/umd/react-router.development.js:1075:17)
    at BrowserRouter (/home/runner/work/tester.com/tester.com/node_modules/react-router-dom/dist/umd/react-router-dom.development.js:585:7)
Warning: An update to Catalog inside a test was not wrapped in act(...).

When testing, code that causes React state updates should be wrapped into act(...):

act(() =&gt; {
  /* fire events that update state */
});
/* assert on the output */

This ensures that you&apos;re testing the behavior the user would see in the browser. Learn more at https://reactjs.org/link/wrap-tests-with-act
    at Catalog (/home/runner/work/tester.com/tester.com/src/components/Catalog.jsx:17:20)
    at Router (/home/runner/work/tester.com/tester.com/node_modules/react-router/dist/umd/react-router.development.js:1075:17)
    at BrowserRouter (/home/runner/work/tester.com/tester.com/node_modules/react-router-dom/dist/umd/react-router-dom.development.js:585:7)

            </system-err>
        </testcase>
        <testcase classname="src/__tests__/components/Catalog.test.jsx" name="Catalog Component &gt; Rendering &gt; TC_CAT_002: Renderiza container principal" time="0.025097987">
            <system-err>
Warning: An update to Catalog inside a test was not wrapped in act(...).

When testing, code that causes React state updates should be wrapped into act(...):

act(() =&gt; {
  /* fire events that update state */
});
/* assert on the output */

This ensures that you&apos;re testing the behavior the user would see in the browser. Learn more at https://reactjs.org/link/wrap-tests-with-act
    at Catalog (/home/runner/work/tester.com/tester.com/src/components/Catalog.jsx:17:20)
    at Router (/home/runner/work/tester.com/tester.com/node_modules/react-router/dist/umd/react-router.development.js:1075:17)
    at BrowserRouter (/home/runner/work/tester.com/tester.com/node_modules/react-router-dom/dist/umd/react-router-dom.development.js:585:7)
Warning: An update to Catalog inside a test was not wrapped in act(...).

When testing, code that causes React state updates should be wrapped into act(...):

act(() =&gt; {
  /* fire events that update state */
});
/* assert on the output */

This ensures that you&apos;re testing the behavior the user would see in the browser. Learn more at https://reactjs.org/link/wrap-tests-with-act
    at Catalog (/home/runner/work/tester.com/tester.com/src/components/Catalog.jsx:17:20)
    at Router (/home/runner/work/tester.com/tester.com/node_modules/react-router/dist/umd/react-router.development.js:1075:17)
    at BrowserRouter (/home/runner/work/tester.com/tester.com/node_modules/react-router-dom/dist/umd/react-router-dom.development.js:585:7)

            </system-err>
        </testcase>
        <testcase classname="src/__tests__/components/Catalog.test.jsx" name="Catalog Component &gt; Rendering &gt; TC_CAT_003: Ordena por preço ASC/DESC" time="0.029645995">
            <system-err>
Warning: An update to Catalog inside a test was not wrapped in act(...).

When testing, code that causes React state updates should be wrapped into act(...):

act(() =&gt; {
  /* fire events that update state */
});
/* assert on the output */

This ensures that you&apos;re testing the behavior the user would see in the browser. Learn more at https://reactjs.org/link/wrap-tests-with-act
    at Catalog (/home/runner/work/tester.com/tester.com/src/components/Catalog.jsx:17:20)
    at Router (/home/runner/work/tester.com/tester.com/node_modules/react-router/dist/umd/react-router.development.js:1075:17)
    at BrowserRouter (/home/runner/work/tester.com/tester.com/node_modules/react-router-dom/dist/umd/react-router-dom.development.js:585:7)
Warning: An update to Catalog inside a test was not wrapped in act(...).

When testing, code that causes React state updates should be wrapped into act(...):

act(() =&gt; {
  /* fire events that update state */
});
/* assert on the output */

This ensures that you&apos;re testing the behavior the user would see in the browser. Learn more at https://reactjs.org/link/wrap-tests-with-act
    at Catalog (/home/runner/work/tester.com/tester.com/src/components/Catalog.jsx:17:20)
    at Router (/home/runner/work/tester.com/tester.com/node_modules/react-router/dist/umd/react-router.development.js:1075:17)
    at BrowserRouter (/home/runner/work/tester.com/tester.com/node_modules/react-router-dom/dist/umd/react-router-dom.development.js:585:7)

            </system-err>
        </testcase>
        <testcase classname="src/__tests__/components/Catalog.test.jsx" name="Catalog Component &gt; Rendering &gt; TC_CAT_004: Paginação renderiza" time="0.035992418">
            <system-err>
Warning: An update to Catalog inside a test was not wrapped in act(...).

When testing, code that causes React state updates should be wrapped into act(...):

act(() =&gt; {
  /* fire events that update state */
});
/* assert on the output */

This ensures that you&apos;re testing the behavior the user would see in the browser. Learn more at https://reactjs.org/link/wrap-tests-with-act
    at Catalog (/home/runner/work/tester.com/tester.com/src/components/Catalog.jsx:17:20)
    at Router (/home/runner/work/tester.com/tester.com/node_modules/react-router/dist/umd/react-router.development.js:1075:17)
    at BrowserRouter (/home/runner/work/tester.com/tester.com/node_modules/react-router-dom/dist/umd/react-router-dom.development.js:585:7)
Warning: An update to Catalog inside a test was not wrapped in act(...).

When testing, code that causes React state updates should be wrapped into act(...):

act(() =&gt; {
  /* fire events that update state */
});
/* assert on the output */

This ensures that you&apos;re testing the behavior the user would see in the browser. Learn more at https://reactjs.org/link/wrap-tests-with-act
    at Catalog (/home/runner/work/tester.com/tester.com/src/components/Catalog.jsx:17:20)
    at Router (/home/runner/work/tester.com/tester.com/node_modules/react-router/dist/umd/react-router.development.js:1075:17)
    at BrowserRouter (/home/runner/work/tester.com/tester.com/node_modules/react-router-dom/dist/umd/react-router-dom.development.js:585:7)

            </system-err>
        </testcase>
        <testcase classname="src/__tests__/components/Catalog.test.jsx" name="Catalog Component &gt; Rendering &gt; TC_CAT_005: Renderiza search input" time="0.040383172">
            <system-err>
Warning: An update to Catalog inside a test was not wrapped in act(...).

When testing, code that causes React state updates should be wrapped into act(...):

act(() =&gt; {
  /* fire events that update state */
});
/* assert on the output */

This ensures that you&apos;re testing the behavior the user would see in the browser. Learn more at https://reactjs.org/link/wrap-tests-with-act
    at Catalog (/home/runner/work/tester.com/tester.com/src/components/Catalog.jsx:17:20)
    at Router (/home/runner/work/tester.com/tester.com/node_modules/react-router/dist/umd/react-router.development.js:1075:17)
    at BrowserRouter (/home/runner/work/tester.com/tester.com/node_modules/react-router-dom/dist/umd/react-router-dom.development.js:585:7)
Warning: An update to Catalog inside a test was not wrapped in act(...).

When testing, code that causes React state updates should be wrapped into act(...):

act(() =&gt; {
  /* fire events that update state */
});
/* assert on the output */

This ensures that you&apos;re testing the behavior the user would see in the browser. Learn more at https://reactjs.org/link/wrap-tests-with-act
    at Catalog (/home/runner/work/tester.com/tester.com/src/components/Catalog.jsx:17:20)
    at Router (/home/runner/work/tester.com/tester.com/node_modules/react-router/dist/umd/react-router.development.js:1075:17)
    at BrowserRouter (/home/runner/work/tester.com/tester.com/node_modules/react-router-dom/dist/umd/react-router-dom.development.js:585:7)

            </system-err>
        </testcase>
        <testcase classname="src/__tests__/components/Catalog.test.jsx" name="Catalog Component &gt; Filtering &amp; Sorting &gt; TC_CAT_006: Aplica filtro por categoria" time="0.037679236">
            <system-err>
Warning: An update to Catalog inside a test was not wrapped in act(...).

When testing, code that causes React state updates should be wrapped into act(...):

act(() =&gt; {
  /* fire events that update state */
});
/* assert on the output */

This ensures that you&apos;re testing the behavior the user would see in the browser. Learn more at https://reactjs.org/link/wrap-tests-with-act
    at Catalog (/home/runner/work/tester.com/tester.com/src/components/Catalog.jsx:17:20)
    at Router (/home/runner/work/tester.com/tester.com/node_modules/react-router/dist/umd/react-router.development.js:1075:17)
    at BrowserRouter (/home/runner/work/tester.com/tester.com/node_modules/react-router-dom/dist/umd/react-router-dom.development.js:585:7)
Warning: An update to Catalog inside a test was not wrapped in act(...).

When testing, code that causes React state updates should be wrapped into act(...):

act(() =&gt; {
  /* fire events that update state */
});
/* assert on the output */

This ensures that you&apos;re testing the behavior the user would see in the browser. Learn more at https://reactjs.org/link/wrap-tests-with-act
    at Catalog (/home/runner/work/tester.com/tester.com/src/components/Catalog.jsx:17:20)
    at Router (/home/runner/work/tester.com/tester.com/node_modules/react-router/dist/umd/react-router.development.js:1075:17)
    at BrowserRouter (/home/runner/work/tester.com/tester.com/node_modules/react-router-dom/dist/umd/react-router-dom.development.js:585:7)

            </system-err>
        </testcase>
        <testcase classname="src/__tests__/components/Catalog.test.jsx" name="Catalog Component &gt; Filtering &amp; Sorting &gt; TC_CAT_007: Busca por termo (debounce mock)" time="0.295935945">
        </testcase>
        <testcase classname="src/__tests__/components/Catalog.test.jsx" name="Catalog Component &gt; Filtering &amp; Sorting &gt; TC_CAT_008: Exibe loader enquanto carrega" time="0.038498758">
            <system-err>
Warning: An update to Catalog inside a test was not wrapped in act(...).

When testing, code that causes React state updates should be wrapped into act(...):

act(() =&gt; {
  /* fire events that update state */
});
/* assert on the output */

This ensures that you&apos;re testing the behavior the user would see in the browser. Learn more at https://reactjs.org/link/wrap-tests-with-act
    at Catalog (/home/runner/work/tester.com/tester.com/src/components/Catalog.jsx:17:20)
    at Router (/home/runner/work/tester.com/tester.com/node_modules/react-router/dist/umd/react-router.development.js:1075:17)
    at BrowserRouter (/home/runner/work/tester.com/tester.com/node_modules/react-router-dom/dist/umd/react-router-dom.development.js:585:7)
Warning: An update to Catalog inside a test was not wrapped in act(...).

When testing, code that causes React state updates should be wrapped into act(...):

act(() =&gt; {
  /* fire events that update state */
});
/* assert on the output */

This ensures that you&apos;re testing the behavior the user would see in the browser. Learn more at https://reactjs.org/link/wrap-tests-with-act
    at Catalog (/home/runner/work/tester.com/tester.com/src/components/Catalog.jsx:17:20)
    at Router (/home/runner/work/tester.com/tester.com/node_modules/react-router/dist/umd/react-router.development.js:1075:17)
    at BrowserRouter (/home/runner/work/tester.com/tester.com/node_modules/react-router-dom/dist/umd/react-router-dom.development.js:585:7)

            </system-err>
        </testcase>
        <testcase classname="src/__tests__/components/Catalog.test.jsx" name="Catalog Component &gt; Filtering &amp; Sorting &gt; TC_CAT_009: Clique produto redireciona para detalhe" time="0.038317153">
            <system-err>
Warning: An update to Catalog inside a test was not wrapped in act(...).

When testing, code that causes React state updates should be wrapped into act(...):

act(() =&gt; {
  /* fire events that update state */
});
/* assert on the output */

This ensures that you&apos;re testing the behavior the user would see in the browser. Learn more at https://reactjs.org/link/wrap-tests-with-act
    at Catalog (/home/runner/work/tester.com/tester.com/src/components/Catalog.jsx:17:20)
    at Router (/home/runner/work/tester.com/tester.com/node_modules/react-router/dist/umd/react-router.development.js:1075:17)
    at BrowserRouter (/home/runner/work/tester.com/tester.com/node_modules/react-router-dom/dist/umd/react-router-dom.development.js:585:7)
Warning: An update to Catalog inside a test was not wrapped in act(...).

When testing, code that causes React state updates should be wrapped into act(...):

act(() =&gt; {
  /* fire events that update state */
});
/* assert on the output */

This ensures that you&apos;re testing the behavior the user would see in the browser. Learn more at https://reactjs.org/link/wrap-tests-with-act
    at Catalog (/home/runner/work/tester.com/tester.com/src/components/Catalog.jsx:17:20)
    at Router (/home/runner/work/tester.com/tester.com/node_modules/react-router/dist/umd/react-router.development.js:1075:17)
    at BrowserRouter (/home/runner/work/tester.com/tester.com/node_modules/react-router-dom/dist/umd/react-router-dom.development.js:585:7)

            </system-err>
        </testcase>
        <testcase classname="src/__tests__/components/Catalog.test.jsx" name="Catalog Component &gt; Filtering &amp; Sorting &gt; TC_CAT_010: Erro na API mostra fallback" time="0.024299349">
            <system-err>
Warning: An update to Catalog inside a test was not wrapped in act(...).

When testing, code that causes React state updates should be wrapped into act(...):

act(() =&gt; {
  /* fire events that update state */
});
/* assert on the output */

This ensures that you&apos;re testing the behavior the user would see in the browser. Learn more at https://reactjs.org/link/wrap-tests-with-act
    at Catalog (/home/runner/work/tester.com/tester.com/src/components/Catalog.jsx:17:20)
    at Router (/home/runner/work/tester.com/tester.com/node_modules/react-router/dist/umd/react-router.development.js:1075:17)
    at BrowserRouter (/home/runner/work/tester.com/tester.com/node_modules/react-router-dom/dist/umd/react-router-dom.development.js:585:7)
Warning: An update to Catalog inside a test was not wrapped in act(...).

When testing, code that causes React state updates should be wrapped into act(...):

act(() =&gt; {
  /* fire events that update state */
});
/* assert on the output */

This ensures that you&apos;re testing the behavior the user would see in the browser. Learn more at https://reactjs.org/link/wrap-tests-with-act
    at Catalog (/home/runner/work/tester.com/tester.com/src/components/Catalog.jsx:17:20)
    at Router (/home/runner/work/tester.com/tester.com/node_modules/react-router/dist/umd/react-router.development.js:1075:17)
    at BrowserRouter (/home/runner/work/tester.com/tester.com/node_modules/react-router-dom/dist/umd/react-router-dom.development.js:585:7)

            </system-err>
        </testcase>
    </testsuite>
    <testsuite name="src/__tests__/components/Checkout.test.jsx" timestamp="2026-03-24T20:46:06.575Z" hostname="runnervm46oaq" tests="10" failures="0" errors="0" skipped="0" time="0.732550525">
        <testcase classname="src/__tests__/components/Checkout.test.jsx" name="Checkout/CheckoutButton Component &gt; TC_CHK_001: botão inicia desabilitado com carrinho vazio" time="0.322325413">
        </testcase>
        <testcase classname="src/__tests__/components/Checkout.test.jsx" name="Checkout/CheckoutButton Component &gt; TC_CHK_002: usa LockIcon quando usuário não autenticado" time="0.005312845">
        </testcase>
        <testcase classname="src/__tests__/components/Checkout.test.jsx" name="Checkout/CheckoutButton Component &gt; TC_CHK_003: usa ShoppingCartCheckoutIcon quando autenticado por isLoggedIn" time="0.051605289">
        </testcase>
        <testcase classname="src/__tests__/components/Checkout.test.jsx" name="Checkout/CheckoutButton Component &gt; TC_CHK_004: usa fallback isAuthenticated quando isLoggedIn não existe" time="0.043409291">
        </testcase>
        <testcase classname="src/__tests__/components/Checkout.test.jsx" name="Checkout/CheckoutButton Component &gt; TC_CHK_005: com carrinho vazio não permite checkout (permanece desabilitado)" time="0.0539324">
        </testcase>
        <testcase classname="src/__tests__/components/Checkout.test.jsx" name="Checkout/CheckoutButton Component &gt; TC_CHK_006: deslogado com itens redireciona para login com next" time="0.096831952">
        </testcase>
        <testcase classname="src/__tests__/components/Checkout.test.jsx" name="Checkout/CheckoutButton Component &gt; TC_CHK_007: logado com itens navega para /thank-you com state" time="0.055660902">
        </testcase>
        <testcase classname="src/__tests__/components/Checkout.test.jsx" name="Checkout/CheckoutButton Component &gt; TC_CHK_008: normaliza cartItems inválido e mantém desabilitado" time="0.013568074">
        </testcase>
        <testcase classname="src/__tests__/components/Checkout.test.jsx" name="Checkout/CheckoutButton Component &gt; TC_CHK_009: codifica pathname especial no parâmetro next" time="0.034744341">
        </testcase>
        <testcase classname="src/__tests__/components/Checkout.test.jsx" name="Checkout/CheckoutButton Component &gt; TC_CHK_010: não chama setCartItems no fluxo atual de checkout" time="0.049941984">
        </testcase>
    </testsuite>
    <testsuite name="src/__tests__/components/Login.test.jsx" timestamp="2026-03-24T20:46:06.576Z" hostname="runnervm46oaq" tests="10" failures="0" errors="0" skipped="0" time="5.609847208">
        <testcase classname="src/__tests__/components/Login.test.jsx" name="Login Component &gt; TC_LOGIN_001: renderiza campos, botão de submit e link de registro" time="0.850457475">
        </testcase>
        <testcase classname="src/__tests__/components/Login.test.jsx" name="Login Component &gt; TC_LOGIN_002: valida campos obrigatórios e exibe alerta de erro" time="0.254960064">
        </testcase>
        <testcase classname="src/__tests__/components/Login.test.jsx" name="Login Component &gt; TC_LOGIN_003: alterna visibilidade da senha" time="0.305567851">
        </testcase>
        <testcase classname="src/__tests__/components/Login.test.jsx" name="Login Component &gt; TC_LOGIN_004: realiza login com sucesso, normaliza email e navega para ?next" time="0.838181909">
        </testcase>
        <testcase classname="src/__tests__/components/Login.test.jsx" name="Login Component &gt; TC_LOGIN_005: usa fallback de rota &quot;/&quot; quando ?next não existe" time="0.673642286">
        </testcase>
        <testcase classname="src/__tests__/components/Login.test.jsx" name="Login Component &gt; TC_LOGIN_006: trata resposta sem token como erro de autenticação inválida" time="0.610154462">
        </testcase>
        <testcase classname="src/__tests__/components/Login.test.jsx" name="Login Component &gt; TC_LOGIN_007: usa mensagem fallback quando erro não possui message" time="0.605221372">
        </testcase>
        <testcase classname="src/__tests__/components/Login.test.jsx" name="Login Component &gt; TC_LOGIN_008: exibe estado de loading durante requisição e limpa no finally" time="0.612631938">
        </testcase>
        <testcase classname="src/__tests__/components/Login.test.jsx" name="Login Component &gt; TC_LOGIN_009: fecha alerta de erro pelo onClose do Alert" time="0.281618472">
        </testcase>
        <testcase classname="src/__tests__/components/Login.test.jsx" name="Login Component &gt; TC_LOGIN_010: aceita payload de login sem campo user (fallback para objeto raiz)" time="0.572740218">
        </testcase>
    </testsuite>
    <testsuite name="src/__tests__/components/Product.test.jsx" timestamp="2026-03-24T20:46:06.578Z" hostname="runnervm46oaq" tests="10" failures="0" errors="0" skipped="0" time="0.768186085">
        <testcase classname="src/__tests__/components/Product.test.jsx" name="Product Component (Card) &gt; Product Display &gt; TC_PROD_001: Renderiza imagem produto" time="0.374105691">
        </testcase>
        <testcase classname="src/__tests__/components/Product.test.jsx" name="Product Component (Card) &gt; Product Display &gt; TC_PROD_002: Renderiza nome e preço" time="0.046693661">
        </testcase>
        <testcase classname="src/__tests__/components/Product.test.jsx" name="Product Component (Card) &gt; Product Display &gt; TC_PROD_003: Renderiza rating/estrelas" time="0.043418916">
        </testcase>
        <testcase classname="src/__tests__/components/Product.test.jsx" name="Product Component (Card) &gt; Product Display &gt; TC_PROD_004: Exibe badge &quot;sale&quot; se desconto" time="0.038848639">
        </testcase>
        <testcase classname="src/__tests__/components/Product.test.jsx" name="Product Component (Card) &gt; Product Display &gt; TC_PROD_005: Componente renderiza sem erros" time="0.043676227">
        </testcase>
        <testcase classname="src/__tests__/components/Product.test.jsx" name="Product Component (Card) &gt; Product Interactions &gt; TC_PROD_006: Click abre detalhe (mock navigate)" time="0.039128414">
        </testcase>
        <testcase classname="src/__tests__/components/Product.test.jsx" name="Product Component (Card) &gt; Product Interactions &gt; TC_PROD_007: Add to cart via ícone (mock dispatch)" time="0.042002925">
        </testcase>
        <testcase classname="src/__tests__/components/Product.test.jsx" name="Product Component (Card) &gt; Product Interactions &gt; TC_PROD_008: Hover mostra botões ações" time="0.047879334">
        </testcase>
        <testcase classname="src/__tests__/components/Product.test.jsx" name="Product Component (Card) &gt; Product Interactions &gt; TC_PROD_009: Wishlist toggle salva (mock localStorage)" time="0.03641129">
        </testcase>
        <testcase classname="src/__tests__/components/Product.test.jsx" name="Product Component (Card) &gt; Product Interactions &gt; TC_PROD_010: Imagem fallback se quebrada" time="0.050273982">
        </testcase>
    </testsuite>
    <testsuite name="src/__tests__/components/ProductDetails.test.jsx" timestamp="2026-03-24T20:46:06.579Z" hostname="runnervm46oaq" tests="6" failures="0" errors="0" skipped="0" time="1.699850903">
        <testcase classname="src/__tests__/components/ProductDetails.test.jsx" name="ProductDetails Component &gt; TC_PD_001: mostra estado de carregamento enquanto busca o produto" time="0.078378343">
        </testcase>
        <testcase classname="src/__tests__/components/ProductDetails.test.jsx" name="ProductDetails Component &gt; TC_PD_002: renderiza fallback de produto não encontrado e permite voltar" time="0.357082557">
        </testcase>
        <testcase classname="src/__tests__/components/ProductDetails.test.jsx" name="ProductDetails Component &gt; TC_PD_003: em erro de API, registra console.error e exibe tela de não encontrado" time="0.015147087">
        </testcase>
        <testcase classname="src/__tests__/components/ProductDetails.test.jsx" name="ProductDetails Component &gt; TC_PD_004: renderiza detalhes completos e chama addToCart com quantidade alterada" time="0.933038068">
        </testcase>
        <testcase classname="src/__tests__/components/ProductDetails.test.jsx" name="ProductDetails Component &gt; TC_PD_005: não renderiza linhas opcionais quando manufacturer/line/model não existem" time="0.120341338">
        </testcase>
        <testcase classname="src/__tests__/components/ProductDetails.test.jsx" name="ProductDetails Component &gt; TC_PD_006: busca novamente quando o id da rota muda" time="0.192392023">
        </testcase>
    </testsuite>
    <testsuite name="src/__tests__/components/Register.test.jsx" timestamp="2026-03-24T20:46:06.580Z" hostname="runnervm46oaq" tests="19" failures="0" errors="0" skipped="0" time="35.886560172">
        <testcase classname="src/__tests__/components/Register.test.jsx" name="Register Component &gt; Register flows &gt; TC_REG_001: Renderiza step inicial com botão próximo e link de login" time="1.086084606">
            <system-err>
MUI Grid: The `item` prop has been removed and is no longer necessary. You can safely remove it.

MUI Grid: The `xs` prop has been removed. See https://mui.com/material-ui/migration/upgrade-to-grid-v2/ for migration instructions.

MUI Grid: The `sm` prop has been removed. See https://mui.com/material-ui/migration/upgrade-to-grid-v2/ for migration instructions.


            </system-err>
        </testcase>
        <testcase classname="src/__tests__/components/Register.test.jsx" name="Register Component &gt; Register flows &gt; TC_REG_002: Mostra erros obrigatórios ao avançar sem preencher" time="0.452673828">
        </testcase>
        <testcase classname="src/__tests__/components/Register.test.jsx" name="Register Component &gt; Register flows &gt; TC_REG_003: Alterna para PJ e exibe campos de Razão Social/CNPJ" time="0.42337832">
        </testcase>
        <testcase classname="src/__tests__/components/Register.test.jsx" name="Register Component &gt; Register flows &gt; TC_REG_004: Avança para step 1 quando dados PF são válidos" time="3.579778373">
        </testcase>
        <testcase classname="src/__tests__/components/Register.test.jsx" name="Register Component &gt; Register flows &gt; TC_REG_005: Bloqueia avanço com CPF inválido" time="3.21476407">
        </testcase>
        <testcase classname="src/__tests__/components/Register.test.jsx" name="Register Component &gt; Register flows &gt; TC_REG_006: Exibe força da senha dinamicamente" time="0.629168632">
        </testcase>
        <testcase classname="src/__tests__/components/Register.test.jsx" name="Register Component &gt; Register flows &gt; TC_REG_007: Auto-preenche endereço via CEP" time="3.907415432">
        </testcase>
        <testcase classname="src/__tests__/components/Register.test.jsx" name="Register Component &gt; Register flows &gt; TC_REG_008: Submete com sucesso e chama registerUser com payload normalizado" time="3.901946235">
        </testcase>
        <testcase classname="src/__tests__/components/Register.test.jsx" name="Register Component &gt; Register flows &gt; TC_REG_009: Mostra toast de erro quando registerUser falha" time="2.295376122">
        </testcase>
        <testcase classname="src/__tests__/components/Register.test.jsx" name="Register Component &gt; Register flows &gt; TC_REG_010: No step 1, voltar retorna para step 0" time="1.92462455">
        </testcase>
        <testcase classname="src/__tests__/components/Register.test.jsx" name="Register Component &gt; Register flows &gt; TC_REG_011: Em PJ, bloqueia avanço sem Razão Social/CNPJ válidos" time="2.158324241">
        </testcase>
        <testcase classname="src/__tests__/components/Register.test.jsx" name="Register Component &gt; Register flows &gt; TC_REG_012: CEP não encontrado exibe erro específico" time="1.925674283">
        </testcase>
        <testcase classname="src/__tests__/components/Register.test.jsx" name="Register Component &gt; Register flows &gt; TC_REG_013: Falha de rede no CEP exibe erro genérico" time="1.931250669">
        </testcase>
        <testcase classname="src/__tests__/components/Register.test.jsx" name="Register Component &gt; Register flows &gt; TC_REG_014: Exige campos obrigatórios do step 1 no submit" time="1.854706257">
        </testcase>
        <testcase classname="src/__tests__/components/Register.test.jsx" name="Register Component &gt; Register flows &gt; TC_REG_015: Sucesso no cadastro navega para home após timeout" time="2.212506037">
        </testcase>
        <testcase classname="src/__tests__/components/Register.test.jsx" name="Register Component &gt; Register flows &gt; TC_REG_016: Erro de submit sem message usa fallback padrão" time="2.188166552">
        </testcase>
        <testcase classname="src/__tests__/components/Register.test.jsx" name="Register Component &gt; Register flows &gt; TC_REG_017: Upload de comprovante exibe nome do arquivo selecionado" time="1.812210464">
        </testcase>
        <testcase classname="src/__tests__/components/Register.test.jsx" name="Register Component &gt; Register flows &gt; TC_REG_018: Link &quot;Fazer login&quot; chama navigate para /login" time="0.105697405">
        </testcase>
        <testcase classname="src/__tests__/components/Register.test.jsx" name="Register Component &gt; Register flows &gt; TC_REG_019: Toggles de senha/confirmar alternam tipo do input" time="0.278174052">
        </testcase>
    </testsuite>
    <testsuite name="src/__tests__/components/ThankYouPage.test.jsx" timestamp="2026-03-24T20:46:06.583Z" hostname="runnervm46oaq" tests="10" failures="0" errors="0" skipped="0" time="0.307958688">
        <testcase classname="src/__tests__/components/ThankYouPage.test.jsx" name="ThankYouPage Component &gt; Page Content &gt; TC_TY_001: Renderiza mensagem sucesso" time="0.210248925">
        </testcase>
        <testcase classname="src/__tests__/components/ThankYouPage.test.jsx" name="ThankYouPage Component &gt; Page Content &gt; TC_TY_002: Exibe order ID/número do pedido" time="0.013758702">
        </testcase>
        <testcase classname="src/__tests__/components/ThankYouPage.test.jsx" name="ThankYouPage Component &gt; Page Content &gt; TC_TY_003: Exibe resumo pedido (itens, total)" time="0.01159051">
        </testcase>
        <testcase classname="src/__tests__/components/ThankYouPage.test.jsx" name="ThankYouPage Component &gt; Page Content &gt; TC_TY_004: Exibe email confirmação" time="0.010031531">
        </testcase>
        <testcase classname="src/__tests__/components/ThankYouPage.test.jsx" name="ThankYouPage Component &gt; Page Content &gt; TC_TY_005: Botão voltar ao catálogo funciona" time="0.009832523">
        </testcase>
        <testcase classname="src/__tests__/components/ThankYouPage.test.jsx" name="ThankYouPage Component &gt; Page Actions &gt; TC_TY_006: Download invoice PDF (mock window.print)" time="0.00934915">
        </testcase>
        <testcase classname="src/__tests__/components/ThankYouPage.test.jsx" name="ThankYouPage Component &gt; Page Actions &gt; TC_TY_007: Link track ordem leva ao histórico" time="0.009164028">
        </testcase>
        <testcase classname="src/__tests__/components/ThankYouPage.test.jsx" name="ThankYouPage Component &gt; Page Actions &gt; TC_TY_008: Compartilhar pedido (mock social share)" time="0.009334272">
        </testcase>
        <testcase classname="src/__tests__/components/ThankYouPage.test.jsx" name="ThankYouPage Component &gt; Page Actions &gt; TC_TY_009: Dados persistem mesmo com reload (mock sessionStorage)" time="0.009794596">
        </testcase>
        <testcase classname="src/__tests__/components/ThankYouPage.test.jsx" name="ThankYouPage Component &gt; Page Actions &gt; TC_TY_010: Página renderiza sem erros" time="0.009706229">
        </testcase>
    </testsuite>
    <testsuite name="src/__tests__/contexts/AuthContext.test.jsx" timestamp="2026-03-24T20:46:06.584Z" hostname="runnervm46oaq" tests="6" failures="0" errors="0" skipped="0" time="0.072886566">
        <testcase classname="src/__tests__/contexts/AuthContext.test.jsx" name="AuthContext &gt; TC_AUTH_001: lança erro quando useAuth é usado fora do provider" time="0.03939167">
            <system-err>
The above error occurred in the &lt;TestComponent&gt; component:

    at TestComponent (/home/runner/work/tester.com/tester.com/node_modules/@testing-library/react/dist/pure.js:328:5)

Consider adding an error boundary to your tree to customize error handling behavior.
Visit https://reactjs.org/link/error-boundaries to learn more about error boundaries.

            </system-err>
        </testcase>
        <testcase classname="src/__tests__/contexts/AuthContext.test.jsx" name="AuthContext &gt; TC_AUTH_002: inicia deslogado sem dados persistidos" time="0.007228491">
        </testcase>
        <testcase classname="src/__tests__/contexts/AuthContext.test.jsx" name="AuthContext &gt; TC_AUTH_003: restaura sessão válida do localStorage no mount" time="0.011320715">
        </testcase>
        <testcase classname="src/__tests__/contexts/AuthContext.test.jsx" name="AuthContext &gt; TC_AUTH_004: limpa storage quando auth_user está corrompido" time="0.005344807">
        </testcase>
        <testcase classname="src/__tests__/contexts/AuthContext.test.jsx" name="AuthContext &gt; TC_AUTH_005: login persiste usuário/token e atualiza estado" time="0.002333147">
        </testcase>
        <testcase classname="src/__tests__/contexts/AuthContext.test.jsx" name="AuthContext &gt; TC_AUTH_006: logout remove sessão de estado e storage" time="0.002745447">
        </testcase>
    </testsuite>
    <testsuite name="src/__tests__/contexts/DatabaseContext.test.jsx" timestamp="2026-03-24T20:46:06.585Z" hostname="runnervm46oaq" tests="4" failures="0" errors="0" skipped="0" time="0.101996838">
        <testcase classname="src/__tests__/contexts/DatabaseContext.test.jsx" name="DatabaseContext &gt; TC_DB_001: useDatabase fora do provider retorna contexto padrão" time="0.021164689">
        </testcase>
        <testcase classname="src/__tests__/contexts/DatabaseContext.test.jsx" name="DatabaseContext &gt; TC_DB_002: exibe loading enquanto inicialização não conclui" time="0.036636827">
        </testcase>
        <testcase classname="src/__tests__/contexts/DatabaseContext.test.jsx" name="DatabaseContext &gt; TC_DB_003: em sucesso, renderiza children e ready=true no contexto" time="0.024505694">
        </testcase>
        <testcase classname="src/__tests__/contexts/DatabaseContext.test.jsx" name="DatabaseContext &gt; TC_DB_004: em falha, mostra fallback de erro e registra console.error" time="0.015171915">
        </testcase>
    </testsuite>
    <testsuite name="src/__tests__/contexts/LanguageContext.test.jsx" timestamp="2026-03-24T20:46:06.586Z" hostname="runnervm46oaq" tests="6" failures="0" errors="0" skipped="0" time="0.085438449">
        <testcase classname="src/__tests__/contexts/LanguageContext.test.jsx" name="LanguageContext &gt; TC_LANG_001: lança erro quando useLanguage é chamado fora do provider" time="0.055075348">
            <system-err>
The above error occurred in the &lt;TestComponent&gt; component:

    at TestComponent (/home/runner/work/tester.com/tester.com/node_modules/@testing-library/react/dist/pure.js:328:5)

Consider adding an error boundary to your tree to customize error handling behavior.
Visit https://reactjs.org/link/error-boundaries to learn more about error boundaries.

            </system-err>
        </testcase>
        <testcase classname="src/__tests__/contexts/LanguageContext.test.jsx" name="LanguageContext &gt; TC_LANG_002: inicia em pt por padrão e traduz chave conhecida" time="0.009227645">
        </testcase>
        <testcase classname="src/__tests__/contexts/LanguageContext.test.jsx" name="LanguageContext &gt; TC_LANG_003: restaura idioma salvo no localStorage ao montar" time="0.011354947">
        </testcase>
        <testcase classname="src/__tests__/contexts/LanguageContext.test.jsx" name="LanguageContext &gt; TC_LANG_004: toggleLanguage alterna idioma e persiste em localStorage" time="0.002246498">
        </testcase>
        <testcase classname="src/__tests__/contexts/LanguageContext.test.jsx" name="LanguageContext &gt; TC_LANG_005: setAppLanguage troca para idioma válido e ignora inválido" time="0.001655856">
        </testcase>
        <testcase classname="src/__tests__/contexts/LanguageContext.test.jsx" name="LanguageContext &gt; TC_LANG_006: t faz interpolação e fallback para a própria chave" time="0.001408803">
        </testcase>
    </testsuite>
    <testsuite name="src/__tests__/db/api.test.js" timestamp="2026-03-24T20:46:06.587Z" hostname="runnervm46oaq" tests="9" failures="0" errors="0" skipped="0" time="0.018456019">
        <testcase classname="src/__tests__/db/api.test.js" name="db/api.js &gt; getProducts chama endpoint padrão" time="0.007917331">
        </testcase>
        <testcase classname="src/__tests__/db/api.test.js" name="db/api.js &gt; getProducts com categoria aplica querystring codificada" time="0.00097883">
        </testcase>
        <testcase classname="src/__tests__/db/api.test.js" name="db/api.js &gt; getProductById chama endpoint por id" time="0.000626406">
        </testcase>
        <testcase classname="src/__tests__/db/api.test.js" name="db/api.js &gt; registerUser envia POST sem Authorization mesmo com token" time="0.001183354">
        </testcase>
        <testcase classname="src/__tests__/db/api.test.js" name="db/api.js &gt; loginUser e getUserByEmail fazem POST correto" time="0.00082937">
        </testcase>
        <testcase classname="src/__tests__/db/api.test.js" name="db/api.js &gt; getCartItems inclui Authorization quando token existe" time="0.00047615">
        </testcase>
        <testcase classname="src/__tests__/db/api.test.js" name="db/api.js &gt; upsertCartItem e removeCartItem chamam endpoints de carrinho" time="0.00068974">
        </testcase>
        <testcase classname="src/__tests__/db/api.test.js" name="db/api.js &gt; lança erro com mensagem de API quando res.ok = false" time="0.001861737">
        </testcase>
        <testcase classname="src/__tests__/db/api.test.js" name="db/api.js &gt; em 401 remove auth_user/auth_token do localStorage" time="0.001077592">
        </testcase>
    </testsuite>
</testsuites>
