<?xml version="1.0" encoding="UTF-8" ?>
<testsuites name="vitest tests" tests="126" failures="0" errors="0" time="53.713129966">
    <testsuite name="src/__tests__/App.test.jsx" timestamp="2026-03-23T22:19:39.689Z" hostname="runnervm46oaq" tests="5" failures="0" errors="0" skipped="0" time="0.927240966">
        <testcase classname="src/__tests__/App.test.jsx" name="App Component - Integration Behaviors &gt; renderiza navbar, rota inicial e atualiza search" time="0.484880424">
        </testcase>
        <testcase classname="src/__tests__/App.test.jsx" name="App Component - Integration Behaviors &gt; adiciona item no carrinho e incrementa badge" time="0.090186187">
        </testcase>
        <testcase classname="src/__tests__/App.test.jsx" name="App Component - Integration Behaviors &gt; adiciona item existente e dispara toast de atualização de quantidade" time="0.179112052">
        </testcase>
        <testcase classname="src/__tests__/App.test.jsx" name="App Component - Integration Behaviors &gt; na rota /cart, atualiza e remove item via callbacks" time="0.119224945">
        </testcase>
        <testcase classname="src/__tests__/App.test.jsx" name="App Component - Integration Behaviors &gt; protege rota /thank-you e redireciona para login quando não autenticado" time="0.04848792">
        </testcase>
    </testsuite>
    <testsuite name="src/__tests__/validation.test.js" timestamp="2026-03-23T22:19:39.691Z" hostname="runnervm46oaq" tests="3" failures="0" errors="0" skipped="0" time="0.004292419">
        <testcase classname="src/__tests__/validation.test.js" name="Validation - Basic Vitest Functionality &gt; should pass a basic math test" time="0.002000783">
        </testcase>
        <testcase classname="src/__tests__/validation.test.js" name="Validation - Basic Vitest Functionality &gt; should pass a string test" time="0.000247152">
        </testcase>
        <testcase classname="src/__tests__/validation.test.js" name="Validation - Basic Vitest Functionality &gt; should pass when values are truthy" time="0.000219361">
        </testcase>
    </testsuite>
    <testsuite name="src/__tests__/components/Cart.test.jsx" timestamp="2026-03-23T22:19:39.692Z" hostname="runnervm46oaq" tests="10" failures="0" errors="0" skipped="0" time="0.803177989">
        <testcase classname="src/__tests__/components/Cart.test.jsx" name="Cart Component &gt; TC_CART_001: renderiza estado vazio com CTA para catálogo" time="0.391579384">
        </testcase>
        <testcase classname="src/__tests__/components/Cart.test.jsx" name="Cart Component &gt; TC_CART_002: renderiza lista de itens quando carrinho tem produtos" time="0.055236546">
        </testcase>
        <testcase classname="src/__tests__/components/Cart.test.jsx" name="Cart Component &gt; TC_CART_003: calcula subtotal e total corretamente" time="0.01902391">
        </testcase>
        <testcase classname="src/__tests__/components/Cart.test.jsx" name="Cart Component &gt; TC_CART_004: passa callbacks de update/remove para CartItem" time="0.018437302">
        </testcase>
        <testcase classname="src/__tests__/components/Cart.test.jsx" name="Cart Component &gt; TC_CART_005: passa cartItems e setCartItems para CheckoutButton" time="0.021897866">
        </testcase>
        <testcase classname="src/__tests__/components/Cart.test.jsx" name="Cart Component &gt; TC_CART_006: botão continuar comprando aponta para home" time="0.10038628">
        </testcase>
        <testcase classname="src/__tests__/components/Cart.test.jsx" name="Cart Component &gt; TC_CART_007: normaliza cartItems inválido para array vazio" time="0.009265523">
        </testcase>
        <testcase classname="src/__tests__/components/Cart.test.jsx" name="Cart Component &gt; TC_CART_008: renderiza título e resumo de pedido em carrinho preenchido" time="0.015718426">
        </testcase>
        <testcase classname="src/__tests__/components/Cart.test.jsx" name="Cart Component &gt; TC_CART_009: exibe contagem total de itens no resumo" time="0.020275862">
        </testcase>
        <testcase classname="src/__tests__/components/Cart.test.jsx" name="Cart Component &gt; TC_CART_010: mantém render estável com interações básicas" time="0.147632359">
        </testcase>
    </testsuite>
    <testsuite name="src/__tests__/components/CartItem.test.jsx" timestamp="2026-03-23T22:19:39.694Z" hostname="runnervm46oaq" tests="8" failures="0" errors="0" skipped="0" time="0.849346977">
        <testcase classname="src/__tests__/components/CartItem.test.jsx" name="CartItem Component &gt; TC_CI_001: renderiza nome, preço unitário e total da linha" time="0.322426253">
        </testcase>
        <testcase classname="src/__tests__/components/CartItem.test.jsx" name="CartItem Component &gt; TC_CI_002: normaliza item inválido para valores seguros" time="0.045439127">
        </testcase>
        <testcase classname="src/__tests__/components/CartItem.test.jsx" name="CartItem Component &gt; TC_CI_003: chama onChange quando quantidade válida (&gt;0)" time="0.037776511">
        </testcase>
        <testcase classname="src/__tests__/components/CartItem.test.jsx" name="CartItem Component &gt; TC_CI_004: não chama onChange para quantidade inválida (&lt;=0)" time="0.037441038">
        </testcase>
        <testcase classname="src/__tests__/components/CartItem.test.jsx" name="CartItem Component &gt; TC_CI_005: prioriza onUpdateCart quando ambos callbacks de update existem" time="0.02635229">
        </testcase>
        <testcase classname="src/__tests__/components/CartItem.test.jsx" name="CartItem Component &gt; TC_CI_006: chama onRemove ao clicar no botão delete" time="0.205914066">
        </testcase>
        <testcase classname="src/__tests__/components/CartItem.test.jsx" name="CartItem Component &gt; TC_CI_007: prioriza onRemoveFromCart quando ambos callbacks de remoção existem" time="0.088568369">
        </testcase>
        <testcase classname="src/__tests__/components/CartItem.test.jsx" name="CartItem Component &gt; TC_CI_008: funciona sem callbacks explícitos (fallback noop)" time="0.080610351">
        </testcase>
    </testsuite>
    <testsuite name="src/__tests__/components/Catalog.test.jsx" timestamp="2026-03-23T22:19:39.695Z" hostname="runnervm46oaq" tests="10" failures="0" errors="0" skipped="0" time="0.883473337">
        <testcase classname="src/__tests__/components/Catalog.test.jsx" name="Catalog Component &gt; Rendering &gt; TC_CAT_001: Lista todos produtos (mock API)" time="0.298362128">
            <system-err>
Warning: An update to Catalog inside a test was not wrapped in act(...).

When testing, code that causes React state updates should be wrapped into act(...):

act(() =&gt; {
  /* fire events that update state */
});
/* assert on the output */

This ensures that you&apos;re testing the behavior the user would see in the browser. Learn more at https://reactjs.org/link/wrap-tests-with-act
    at Catalog (/home/runner/work/tester.com/tester.com/src/components/Catalog.jsx:17:20)
    at Router (/home/runner/work/tester.com/tester.com/node_modules/react-router/dist/umd/react-router.development.js:1075:17)
    at BrowserRouter (/home/runner/work/tester.com/tester.com/node_modules/react-router-dom/dist/umd/react-router-dom.development.js:585:7)
Warning: An update to Catalog inside a test was not wrapped in act(...).

When testing, code that causes React state updates should be wrapped into act(...):

act(() =&gt; {
  /* fire events that update state */
});
/* assert on the output */

This ensures that you&apos;re testing the behavior the user would see in the browser. Learn more at https://reactjs.org/link/wrap-tests-with-act
    at Catalog (/home/runner/work/tester.com/tester.com/src/components/Catalog.jsx:17:20)
    at Router (/home/runner/work/tester.com/tester.com/node_modules/react-router/dist/umd/react-router.development.js:1075:17)
    at BrowserRouter (/home/runner/work/tester.com/tester.com/node_modules/react-router-dom/dist/umd/react-router-dom.development.js:585:7)

            </system-err>
        </testcase>
        <testcase classname="src/__tests__/components/Catalog.test.jsx" name="Catalog Component &gt; Rendering &gt; TC_CAT_002: Renderiza container principal" time="0.036335566">
            <system-err>
Warning: An update to Catalog inside a test was not wrapped in act(...).

When testing, code that causes React state updates should be wrapped into act(...):

act(() =&gt; {
  /* fire events that update state */
});
/* assert on the output */

This ensures that you&apos;re testing the behavior the user would see in the browser. Learn more at https://reactjs.org/link/wrap-tests-with-act
    at Catalog (/home/runner/work/tester.com/tester.com/src/components/Catalog.jsx:17:20)
    at Router (/home/runner/work/tester.com/tester.com/node_modules/react-router/dist/umd/react-router.development.js:1075:17)
    at BrowserRouter (/home/runner/work/tester.com/tester.com/node_modules/react-router-dom/dist/umd/react-router-dom.development.js:585:7)
Warning: An update to Catalog inside a test was not wrapped in act(...).

When testing, code that causes React state updates should be wrapped into act(...):

act(() =&gt; {
  /* fire events that update state */
});
/* assert on the output */

This ensures that you&apos;re testing the behavior the user would see in the browser. Learn more at https://reactjs.org/link/wrap-tests-with-act
    at Catalog (/home/runner/work/tester.com/tester.com/src/components/Catalog.jsx:17:20)
    at Router (/home/runner/work/tester.com/tester.com/node_modules/react-router/dist/umd/react-router.development.js:1075:17)
    at BrowserRouter (/home/runner/work/tester.com/tester.com/node_modules/react-router-dom/dist/umd/react-router-dom.development.js:585:7)

            </system-err>
        </testcase>
        <testcase classname="src/__tests__/components/Catalog.test.jsx" name="Catalog Component &gt; Rendering &gt; TC_CAT_003: Ordena por preço ASC/DESC" time="0.038075902">
            <system-err>
Warning: An update to Catalog inside a test was not wrapped in act(...).

When testing, code that causes React state updates should be wrapped into act(...):

act(() =&gt; {
  /* fire events that update state */
});
/* assert on the output */

This ensures that you&apos;re testing the behavior the user would see in the browser. Learn more at https://reactjs.org/link/wrap-tests-with-act
    at Catalog (/home/runner/work/tester.com/tester.com/src/components/Catalog.jsx:17:20)
    at Router (/home/runner/work/tester.com/tester.com/node_modules/react-router/dist/umd/react-router.development.js:1075:17)
    at BrowserRouter (/home/runner/work/tester.com/tester.com/node_modules/react-router-dom/dist/umd/react-router-dom.development.js:585:7)
Warning: An update to Catalog inside a test was not wrapped in act(...).

When testing, code that causes React state updates should be wrapped into act(...):

act(() =&gt; {
  /* fire events that update state */
});
/* assert on the output */

This ensures that you&apos;re testing the behavior the user would see in the browser. Learn more at https://reactjs.org/link/wrap-tests-with-act
    at Catalog (/home/runner/work/tester.com/tester.com/src/components/Catalog.jsx:17:20)
    at Router (/home/runner/work/tester.com/tester.com/node_modules/react-router/dist/umd/react-router.development.js:1075:17)
    at BrowserRouter (/home/runner/work/tester.com/tester.com/node_modules/react-router-dom/dist/umd/react-router-dom.development.js:585:7)

            </system-err>
        </testcase>
        <testcase classname="src/__tests__/components/Catalog.test.jsx" name="Catalog Component &gt; Rendering &gt; TC_CAT_004: Paginação renderiza" time="0.050622153">
            <system-err>
Warning: An update to Catalog inside a test was not wrapped in act(...).

When testing, code that causes React state updates should be wrapped into act(...):

act(() =&gt; {
  /* fire events that update state */
});
/* assert on the output */

This ensures that you&apos;re testing the behavior the user would see in the browser. Learn more at https://reactjs.org/link/wrap-tests-with-act
    at Catalog (/home/runner/work/tester.com/tester.com/src/components/Catalog.jsx:17:20)
    at Router (/home/runner/work/tester.com/tester.com/node_modules/react-router/dist/umd/react-router.development.js:1075:17)
    at BrowserRouter (/home/runner/work/tester.com/tester.com/node_modules/react-router-dom/dist/umd/react-router-dom.development.js:585:7)
Warning: An update to Catalog inside a test was not wrapped in act(...).

When testing, code that causes React state updates should be wrapped into act(...):

act(() =&gt; {
  /* fire events that update state */
});
/* assert on the output */

This ensures that you&apos;re testing the behavior the user would see in the browser. Learn more at https://reactjs.org/link/wrap-tests-with-act
    at Catalog (/home/runner/work/tester.com/tester.com/src/components/Catalog.jsx:17:20)
    at Router (/home/runner/work/tester.com/tester.com/node_modules/react-router/dist/umd/react-router.development.js:1075:17)
    at BrowserRouter (/home/runner/work/tester.com/tester.com/node_modules/react-router-dom/dist/umd/react-router-dom.development.js:585:7)

            </system-err>
        </testcase>
        <testcase classname="src/__tests__/components/Catalog.test.jsx" name="Catalog Component &gt; Rendering &gt; TC_CAT_005: Renderiza search input" time="0.039145443">
            <system-err>
Warning: An update to Catalog inside a test was not wrapped in act(...).

When testing, code that causes React state updates should be wrapped into act(...):

act(() =&gt; {
  /* fire events that update state */
});
/* assert on the output */

This ensures that you&apos;re testing the behavior the user would see in the browser. Learn more at https://reactjs.org/link/wrap-tests-with-act
    at Catalog (/home/runner/work/tester.com/tester.com/src/components/Catalog.jsx:17:20)
    at Router (/home/runner/work/tester.com/tester.com/node_modules/react-router/dist/umd/react-router.development.js:1075:17)
    at BrowserRouter (/home/runner/work/tester.com/tester.com/node_modules/react-router-dom/dist/umd/react-router-dom.development.js:585:7)
Warning: An update to Catalog inside a test was not wrapped in act(...).

When testing, code that causes React state updates should be wrapped into act(...):

act(() =&gt; {
  /* fire events that update state */
});
/* assert on the output */

This ensures that you&apos;re testing the behavior the user would see in the browser. Learn more at https://reactjs.org/link/wrap-tests-with-act
    at Catalog (/home/runner/work/tester.com/tester.com/src/components/Catalog.jsx:17:20)
    at Router (/home/runner/work/tester.com/tester.com/node_modules/react-router/dist/umd/react-router.development.js:1075:17)
    at BrowserRouter (/home/runner/work/tester.com/tester.com/node_modules/react-router-dom/dist/umd/react-router-dom.development.js:585:7)

            </system-err>
        </testcase>
        <testcase classname="src/__tests__/components/Catalog.test.jsx" name="Catalog Component &gt; Filtering &amp; Sorting &gt; TC_CAT_006: Aplica filtro por categoria" time="0.036504808">
            <system-err>
Warning: An update to Catalog inside a test was not wrapped in act(...).

When testing, code that causes React state updates should be wrapped into act(...):

act(() =&gt; {
  /* fire events that update state */
});
/* assert on the output */

This ensures that you&apos;re testing the behavior the user would see in the browser. Learn more at https://reactjs.org/link/wrap-tests-with-act
    at Catalog (/home/runner/work/tester.com/tester.com/src/components/Catalog.jsx:17:20)
    at Router (/home/runner/work/tester.com/tester.com/node_modules/react-router/dist/umd/react-router.development.js:1075:17)
    at BrowserRouter (/home/runner/work/tester.com/tester.com/node_modules/react-router-dom/dist/umd/react-router-dom.development.js:585:7)
Warning: An update to Catalog inside a test was not wrapped in act(...).

When testing, code that causes React state updates should be wrapped into act(...):

act(() =&gt; {
  /* fire events that update state */
});
/* assert on the output */

This ensures that you&apos;re testing the behavior the user would see in the browser. Learn more at https://reactjs.org/link/wrap-tests-with-act
    at Catalog (/home/runner/work/tester.com/tester.com/src/components/Catalog.jsx:17:20)
    at Router (/home/runner/work/tester.com/tester.com/node_modules/react-router/dist/umd/react-router.development.js:1075:17)
    at BrowserRouter (/home/runner/work/tester.com/tester.com/node_modules/react-router-dom/dist/umd/react-router-dom.development.js:585:7)

            </system-err>
        </testcase>
        <testcase classname="src/__tests__/components/Catalog.test.jsx" name="Catalog Component &gt; Filtering &amp; Sorting &gt; TC_CAT_007: Busca por termo (debounce mock)" time="0.292611774">
        </testcase>
        <testcase classname="src/__tests__/components/Catalog.test.jsx" name="Catalog Component &gt; Filtering &amp; Sorting &gt; TC_CAT_008: Exibe loader enquanto carrega" time="0.028741642">
            <system-err>
Warning: An update to Catalog inside a test was not wrapped in act(...).

When testing, code that causes React state updates should be wrapped into act(...):

act(() =&gt; {
  /* fire events that update state */
});
/* assert on the output */

This ensures that you&apos;re testing the behavior the user would see in the browser. Learn more at https://reactjs.org/link/wrap-tests-with-act
    at Catalog (/home/runner/work/tester.com/tester.com/src/components/Catalog.jsx:17:20)
    at Router (/home/runner/work/tester.com/tester.com/node_modules/react-router/dist/umd/react-router.development.js:1075:17)
    at BrowserRouter (/home/runner/work/tester.com/tester.com/node_modules/react-router-dom/dist/umd/react-router-dom.development.js:585:7)
Warning: An update to Catalog inside a test was not wrapped in act(...).

When testing, code that causes React state updates should be wrapped into act(...):

act(() =&gt; {
  /* fire events that update state */
});
/* assert on the output */

This ensures that you&apos;re testing the behavior the user would see in the browser. Learn more at https://reactjs.org/link/wrap-tests-with-act
    at Catalog (/home/runner/work/tester.com/tester.com/src/components/Catalog.jsx:17:20)
    at Router (/home/runner/work/tester.com/tester.com/node_modules/react-router/dist/umd/react-router.development.js:1075:17)
    at BrowserRouter (/home/runner/work/tester.com/tester.com/node_modules/react-router-dom/dist/umd/react-router-dom.development.js:585:7)

            </system-err>
        </testcase>
        <testcase classname="src/__tests__/components/Catalog.test.jsx" name="Catalog Component &gt; Filtering &amp; Sorting &gt; TC_CAT_009: Clique produto redireciona para detalhe" time="0.029301977">
            <system-err>
Warning: An update to Catalog inside a test was not wrapped in act(...).

When testing, code that causes React state updates should be wrapped into act(...):

act(() =&gt; {
  /* fire events that update state */
});
/* assert on the output */

This ensures that you&apos;re testing the behavior the user would see in the browser. Learn more at https://reactjs.org/link/wrap-tests-with-act
    at Catalog (/home/runner/work/tester.com/tester.com/src/components/Catalog.jsx:17:20)
    at Router (/home/runner/work/tester.com/tester.com/node_modules/react-router/dist/umd/react-router.development.js:1075:17)
    at BrowserRouter (/home/runner/work/tester.com/tester.com/node_modules/react-router-dom/dist/umd/react-router-dom.development.js:585:7)
Warning: An update to Catalog inside a test was not wrapped in act(...).

When testing, code that causes React state updates should be wrapped into act(...):

act(() =&gt; {
  /* fire events that update state */
});
/* assert on the output */

This ensures that you&apos;re testing the behavior the user would see in the browser. Learn more at https://reactjs.org/link/wrap-tests-with-act
    at Catalog (/home/runner/work/tester.com/tester.com/src/components/Catalog.jsx:17:20)
    at Router (/home/runner/work/tester.com/tester.com/node_modules/react-router/dist/umd/react-router.development.js:1075:17)
    at BrowserRouter (/home/runner/work/tester.com/tester.com/node_modules/react-router-dom/dist/umd/react-router-dom.development.js:585:7)

            </system-err>
        </testcase>
        <testcase classname="src/__tests__/components/Catalog.test.jsx" name="Catalog Component &gt; Filtering &amp; Sorting &gt; TC_CAT_010: Erro na API mostra fallback" time="0.027682224">
            <system-err>
Warning: An update to Catalog inside a test was not wrapped in act(...).

When testing, code that causes React state updates should be wrapped into act(...):

act(() =&gt; {
  /* fire events that update state */
});
/* assert on the output */

This ensures that you&apos;re testing the behavior the user would see in the browser. Learn more at https://reactjs.org/link/wrap-tests-with-act
    at Catalog (/home/runner/work/tester.com/tester.com/src/components/Catalog.jsx:17:20)
    at Router (/home/runner/work/tester.com/tester.com/node_modules/react-router/dist/umd/react-router.development.js:1075:17)
    at BrowserRouter (/home/runner/work/tester.com/tester.com/node_modules/react-router-dom/dist/umd/react-router-dom.development.js:585:7)
Warning: An update to Catalog inside a test was not wrapped in act(...).

When testing, code that causes React state updates should be wrapped into act(...):

act(() =&gt; {
  /* fire events that update state */
});
/* assert on the output */

This ensures that you&apos;re testing the behavior the user would see in the browser. Learn more at https://reactjs.org/link/wrap-tests-with-act
    at Catalog (/home/runner/work/tester.com/tester.com/src/components/Catalog.jsx:17:20)
    at Router (/home/runner/work/tester.com/tester.com/node_modules/react-router/dist/umd/react-router.development.js:1075:17)
    at BrowserRouter (/home/runner/work/tester.com/tester.com/node_modules/react-router-dom/dist/umd/react-router-dom.development.js:585:7)

            </system-err>
        </testcase>
    </testsuite>
    <testsuite name="src/__tests__/components/Checkout.test.jsx" timestamp="2026-03-23T22:19:39.699Z" hostname="runnervm46oaq" tests="10" failures="0" errors="0" skipped="0" time="0.81881606">
        <testcase classname="src/__tests__/components/Checkout.test.jsx" name="Checkout/CheckoutButton Component &gt; TC_CHK_001: botão inicia desabilitado com carrinho vazio" time="0.365676636">
        </testcase>
        <testcase classname="src/__tests__/components/Checkout.test.jsx" name="Checkout/CheckoutButton Component &gt; TC_CHK_002: usa LockIcon quando usuário não autenticado" time="0.005054095">
        </testcase>
        <testcase classname="src/__tests__/components/Checkout.test.jsx" name="Checkout/CheckoutButton Component &gt; TC_CHK_003: usa ShoppingCartCheckoutIcon quando autenticado por isLoggedIn" time="0.038676775">
        </testcase>
        <testcase classname="src/__tests__/components/Checkout.test.jsx" name="Checkout/CheckoutButton Component &gt; TC_CHK_004: usa fallback isAuthenticated quando isLoggedIn não existe" time="0.036691534">
        </testcase>
        <testcase classname="src/__tests__/components/Checkout.test.jsx" name="Checkout/CheckoutButton Component &gt; TC_CHK_005: com carrinho vazio não permite checkout (permanece desabilitado)" time="0.04449962">
        </testcase>
        <testcase classname="src/__tests__/components/Checkout.test.jsx" name="Checkout/CheckoutButton Component &gt; TC_CHK_006: deslogado com itens redireciona para login com next" time="0.126647121">
        </testcase>
        <testcase classname="src/__tests__/components/Checkout.test.jsx" name="Checkout/CheckoutButton Component &gt; TC_CHK_007: logado com itens navega para /thank-you com state" time="0.066877012">
        </testcase>
        <testcase classname="src/__tests__/components/Checkout.test.jsx" name="Checkout/CheckoutButton Component &gt; TC_CHK_008: normaliza cartItems inválido e mantém desabilitado" time="0.025829653">
        </testcase>
        <testcase classname="src/__tests__/components/Checkout.test.jsx" name="Checkout/CheckoutButton Component &gt; TC_CHK_009: codifica pathname especial no parâmetro next" time="0.056291219">
        </testcase>
        <testcase classname="src/__tests__/components/Checkout.test.jsx" name="Checkout/CheckoutButton Component &gt; TC_CHK_010: não chama setCartItems no fluxo atual de checkout" time="0.047698305">
        </testcase>
    </testsuite>
    <testsuite name="src/__tests__/components/Login.test.jsx" timestamp="2026-03-23T22:19:39.701Z" hostname="runnervm46oaq" tests="10" failures="0" errors="0" skipped="0" time="6.148835996">
        <testcase classname="src/__tests__/components/Login.test.jsx" name="Login Component &gt; TC_LOGIN_001: renderiza campos, botão de submit e link de registro" time="0.847557148">
        </testcase>
        <testcase classname="src/__tests__/components/Login.test.jsx" name="Login Component &gt; TC_LOGIN_002: valida campos obrigatórios e exibe alerta de erro" time="0.322533414">
        </testcase>
        <testcase classname="src/__tests__/components/Login.test.jsx" name="Login Component &gt; TC_LOGIN_003: alterna visibilidade da senha" time="0.411910439">
        </testcase>
        <testcase classname="src/__tests__/components/Login.test.jsx" name="Login Component &gt; TC_LOGIN_004: realiza login com sucesso, normaliza email e navega para ?next" time="0.857833756">
        </testcase>
        <testcase classname="src/__tests__/components/Login.test.jsx" name="Login Component &gt; TC_LOGIN_005: usa fallback de rota &quot;/&quot; quando ?next não existe" time="0.737155446">
        </testcase>
        <testcase classname="src/__tests__/components/Login.test.jsx" name="Login Component &gt; TC_LOGIN_006: trata resposta sem token como erro de autenticação inválida" time="0.677896586">
        </testcase>
        <testcase classname="src/__tests__/components/Login.test.jsx" name="Login Component &gt; TC_LOGIN_007: usa mensagem fallback quando erro não possui message" time="0.635277049">
        </testcase>
        <testcase classname="src/__tests__/components/Login.test.jsx" name="Login Component &gt; TC_LOGIN_008: exibe estado de loading durante requisição e limpa no finally" time="0.780870009">
        </testcase>
        <testcase classname="src/__tests__/components/Login.test.jsx" name="Login Component &gt; TC_LOGIN_009: fecha alerta de erro pelo onClose do Alert" time="0.252373654">
        </testcase>
        <testcase classname="src/__tests__/components/Login.test.jsx" name="Login Component &gt; TC_LOGIN_010: aceita payload de login sem campo user (fallback para objeto raiz)" time="0.620637271">
        </testcase>
    </testsuite>
    <testsuite name="src/__tests__/components/Product.test.jsx" timestamp="2026-03-23T22:19:39.703Z" hostname="runnervm46oaq" tests="10" failures="0" errors="0" skipped="0" time="0.772740877">
        <testcase classname="src/__tests__/components/Product.test.jsx" name="Product Component (Card) &gt; Product Display &gt; TC_PROD_001: Renderiza imagem produto" time="0.351282978">
        </testcase>
        <testcase classname="src/__tests__/components/Product.test.jsx" name="Product Component (Card) &gt; Product Display &gt; TC_PROD_002: Renderiza nome e preço" time="0.058512403">
        </testcase>
        <testcase classname="src/__tests__/components/Product.test.jsx" name="Product Component (Card) &gt; Product Display &gt; TC_PROD_003: Renderiza rating/estrelas" time="0.043422745">
        </testcase>
        <testcase classname="src/__tests__/components/Product.test.jsx" name="Product Component (Card) &gt; Product Display &gt; TC_PROD_004: Exibe badge &quot;sale&quot; se desconto" time="0.040529823">
        </testcase>
        <testcase classname="src/__tests__/components/Product.test.jsx" name="Product Component (Card) &gt; Product Display &gt; TC_PROD_005: Componente renderiza sem erros" time="0.051287488">
        </testcase>
        <testcase classname="src/__tests__/components/Product.test.jsx" name="Product Component (Card) &gt; Product Interactions &gt; TC_PROD_006: Click abre detalhe (mock navigate)" time="0.050731094">
        </testcase>
        <testcase classname="src/__tests__/components/Product.test.jsx" name="Product Component (Card) &gt; Product Interactions &gt; TC_PROD_007: Add to cart via ícone (mock dispatch)" time="0.040448465">
        </testcase>
        <testcase classname="src/__tests__/components/Product.test.jsx" name="Product Component (Card) &gt; Product Interactions &gt; TC_PROD_008: Hover mostra botões ações" time="0.04563295">
        </testcase>
        <testcase classname="src/__tests__/components/Product.test.jsx" name="Product Component (Card) &gt; Product Interactions &gt; TC_PROD_009: Wishlist toggle salva (mock localStorage)" time="0.04021662">
        </testcase>
        <testcase classname="src/__tests__/components/Product.test.jsx" name="Product Component (Card) &gt; Product Interactions &gt; TC_PROD_010: Imagem fallback se quebrada" time="0.045243408">
        </testcase>
    </testsuite>
    <testsuite name="src/__tests__/components/ProductDetails.test.jsx" timestamp="2026-03-23T22:19:39.705Z" hostname="runnervm46oaq" tests="6" failures="0" errors="0" skipped="0" time="1.853852836">
        <testcase classname="src/__tests__/components/ProductDetails.test.jsx" name="ProductDetails Component &gt; TC_PD_001: mostra estado de carregamento enquanto busca o produto" time="0.080941302">
        </testcase>
        <testcase classname="src/__tests__/components/ProductDetails.test.jsx" name="ProductDetails Component &gt; TC_PD_002: renderiza fallback de produto não encontrado e permite voltar" time="0.365648925">
        </testcase>
        <testcase classname="src/__tests__/components/ProductDetails.test.jsx" name="ProductDetails Component &gt; TC_PD_003: em erro de API, registra console.error e exibe tela de não encontrado" time="0.016810986">
        </testcase>
        <testcase classname="src/__tests__/components/ProductDetails.test.jsx" name="ProductDetails Component &gt; TC_PD_004: renderiza detalhes completos e chama addToCart com quantidade alterada" time="0.967444626">
        </testcase>
        <testcase classname="src/__tests__/components/ProductDetails.test.jsx" name="ProductDetails Component &gt; TC_PD_005: não renderiza linhas opcionais quando manufacturer/line/model não existem" time="0.164282659">
        </testcase>
        <testcase classname="src/__tests__/components/ProductDetails.test.jsx" name="ProductDetails Component &gt; TC_PD_006: busca novamente quando o id da rota muda" time="0.253952441">
        </testcase>
    </testsuite>
    <testsuite name="src/__tests__/components/Register.test.jsx" timestamp="2026-03-23T22:19:39.706Z" hostname="runnervm46oaq" tests="19" failures="0" errors="0" skipped="0" time="40.078477146">
        <testcase classname="src/__tests__/components/Register.test.jsx" name="Register Component &gt; Register flows &gt; TC_REG_001: Renderiza step inicial com botão próximo e link de login" time="1.187313427">
            <system-err>
MUI Grid: The `item` prop has been removed and is no longer necessary. You can safely remove it.

MUI Grid: The `xs` prop has been removed. See https://mui.com/material-ui/migration/upgrade-to-grid-v2/ for migration instructions.

MUI Grid: The `sm` prop has been removed. See https://mui.com/material-ui/migration/upgrade-to-grid-v2/ for migration instructions.


            </system-err>
        </testcase>
        <testcase classname="src/__tests__/components/Register.test.jsx" name="Register Component &gt; Register flows &gt; TC_REG_002: Mostra erros obrigatórios ao avançar sem preencher" time="0.477080548">
        </testcase>
        <testcase classname="src/__tests__/components/Register.test.jsx" name="Register Component &gt; Register flows &gt; TC_REG_003: Alterna para PJ e exibe campos de Razão Social/CNPJ" time="0.52423668">
        </testcase>
        <testcase classname="src/__tests__/components/Register.test.jsx" name="Register Component &gt; Register flows &gt; TC_REG_004: Avança para step 1 quando dados PF são válidos" time="3.664099498">
        </testcase>
        <testcase classname="src/__tests__/components/Register.test.jsx" name="Register Component &gt; Register flows &gt; TC_REG_005: Bloqueia avanço com CPF inválido" time="3.670662006">
        </testcase>
        <testcase classname="src/__tests__/components/Register.test.jsx" name="Register Component &gt; Register flows &gt; TC_REG_006: Exibe força da senha dinamicamente" time="0.829983606">
        </testcase>
        <testcase classname="src/__tests__/components/Register.test.jsx" name="Register Component &gt; Register flows &gt; TC_REG_007: Auto-preenche endereço via CEP" time="3.855385638">
        </testcase>
        <testcase classname="src/__tests__/components/Register.test.jsx" name="Register Component &gt; Register flows &gt; TC_REG_008: Submete com sucesso e chama registerUser com payload normalizado" time="4.393022464">
        </testcase>
        <testcase classname="src/__tests__/components/Register.test.jsx" name="Register Component &gt; Register flows &gt; TC_REG_009: Mostra toast de erro quando registerUser falha" time="2.909027992">
        </testcase>
        <testcase classname="src/__tests__/components/Register.test.jsx" name="Register Component &gt; Register flows &gt; TC_REG_010: No step 1, voltar retorna para step 0" time="2.198342037">
        </testcase>
        <testcase classname="src/__tests__/components/Register.test.jsx" name="Register Component &gt; Register flows &gt; TC_REG_011: Em PJ, bloqueia avanço sem Razão Social/CNPJ válidos" time="2.376438628">
        </testcase>
        <testcase classname="src/__tests__/components/Register.test.jsx" name="Register Component &gt; Register flows &gt; TC_REG_012: CEP não encontrado exibe erro específico" time="2.317163759">
        </testcase>
        <testcase classname="src/__tests__/components/Register.test.jsx" name="Register Component &gt; Register flows &gt; TC_REG_013: Falha de rede no CEP exibe erro genérico" time="2.153248908">
        </testcase>
        <testcase classname="src/__tests__/components/Register.test.jsx" name="Register Component &gt; Register flows &gt; TC_REG_014: Exige campos obrigatórios do step 1 no submit" time="2.073251498">
        </testcase>
        <testcase classname="src/__tests__/components/Register.test.jsx" name="Register Component &gt; Register flows &gt; TC_REG_015: Sucesso no cadastro navega para home após timeout" time="2.497727282">
        </testcase>
        <testcase classname="src/__tests__/components/Register.test.jsx" name="Register Component &gt; Register flows &gt; TC_REG_016: Erro de submit sem message usa fallback padrão" time="2.47340879">
        </testcase>
        <testcase classname="src/__tests__/components/Register.test.jsx" name="Register Component &gt; Register flows &gt; TC_REG_017: Upload de comprovante exibe nome do arquivo selecionado" time="2.030347718">
        </testcase>
        <testcase classname="src/__tests__/components/Register.test.jsx" name="Register Component &gt; Register flows &gt; TC_REG_018: Link &quot;Fazer login&quot; chama navigate para /login" time="0.11457686">
        </testcase>
        <testcase classname="src/__tests__/components/Register.test.jsx" name="Register Component &gt; Register flows &gt; TC_REG_019: Toggles de senha/confirmar alternam tipo do input" time="0.32854349">
        </testcase>
    </testsuite>
    <testsuite name="src/__tests__/components/ThankYouPage.test.jsx" timestamp="2026-03-23T22:19:39.710Z" hostname="runnervm46oaq" tests="10" failures="0" errors="0" skipped="0" time="0.31438425">
        <testcase classname="src/__tests__/components/ThankYouPage.test.jsx" name="ThankYouPage Component &gt; Page Content &gt; TC_TY_001: Renderiza mensagem sucesso" time="0.227090475">
        </testcase>
        <testcase classname="src/__tests__/components/ThankYouPage.test.jsx" name="ThankYouPage Component &gt; Page Content &gt; TC_TY_002: Exibe order ID/número do pedido" time="0.009623982">
        </testcase>
        <testcase classname="src/__tests__/components/ThankYouPage.test.jsx" name="ThankYouPage Component &gt; Page Content &gt; TC_TY_003: Exibe resumo pedido (itens, total)" time="0.00801897">
        </testcase>
        <testcase classname="src/__tests__/components/ThankYouPage.test.jsx" name="ThankYouPage Component &gt; Page Content &gt; TC_TY_004: Exibe email confirmação" time="0.013365727">
        </testcase>
        <testcase classname="src/__tests__/components/ThankYouPage.test.jsx" name="ThankYouPage Component &gt; Page Content &gt; TC_TY_005: Botão voltar ao catálogo funciona" time="0.007020167">
        </testcase>
        <testcase classname="src/__tests__/components/ThankYouPage.test.jsx" name="ThankYouPage Component &gt; Page Actions &gt; TC_TY_006: Download invoice PDF (mock window.print)" time="0.006350659">
        </testcase>
        <testcase classname="src/__tests__/components/ThankYouPage.test.jsx" name="ThankYouPage Component &gt; Page Actions &gt; TC_TY_007: Link track ordem leva ao histórico" time="0.00809421">
        </testcase>
        <testcase classname="src/__tests__/components/ThankYouPage.test.jsx" name="ThankYouPage Component &gt; Page Actions &gt; TC_TY_008: Compartilhar pedido (mock social share)" time="0.006367832">
        </testcase>
        <testcase classname="src/__tests__/components/ThankYouPage.test.jsx" name="ThankYouPage Component &gt; Page Actions &gt; TC_TY_009: Dados persistem mesmo com reload (mock sessionStorage)" time="0.0117261">
        </testcase>
        <testcase classname="src/__tests__/components/ThankYouPage.test.jsx" name="ThankYouPage Component &gt; Page Actions &gt; TC_TY_010: Página renderiza sem erros" time="0.011823744">
        </testcase>
    </testsuite>
    <testsuite name="src/__tests__/contexts/AuthContext.test.jsx" timestamp="2026-03-23T22:19:39.711Z" hostname="runnervm46oaq" tests="6" failures="0" errors="0" skipped="0" time="0.062925393">
        <testcase classname="src/__tests__/contexts/AuthContext.test.jsx" name="AuthContext &gt; TC_AUTH_001: lança erro quando useAuth é usado fora do provider" time="0.037014386">
            <system-err>
The above error occurred in the &lt;TestComponent&gt; component:

    at TestComponent (/home/runner/work/tester.com/tester.com/node_modules/@testing-library/react/dist/pure.js:328:5)

Consider adding an error boundary to your tree to customize error handling behavior.
Visit https://reactjs.org/link/error-boundaries to learn more about error boundaries.

            </system-err>
        </testcase>
        <testcase classname="src/__tests__/contexts/AuthContext.test.jsx" name="AuthContext &gt; TC_AUTH_002: inicia deslogado sem dados persistidos" time="0.005611318">
        </testcase>
        <testcase classname="src/__tests__/contexts/AuthContext.test.jsx" name="AuthContext &gt; TC_AUTH_003: restaura sessão válida do localStorage no mount" time="0.010118684">
        </testcase>
        <testcase classname="src/__tests__/contexts/AuthContext.test.jsx" name="AuthContext &gt; TC_AUTH_004: limpa storage quando auth_user está corrompido" time="0.001994712">
        </testcase>
        <testcase classname="src/__tests__/contexts/AuthContext.test.jsx" name="AuthContext &gt; TC_AUTH_005: login persiste usuário/token e atualiza estado" time="0.001861803">
        </testcase>
        <testcase classname="src/__tests__/contexts/AuthContext.test.jsx" name="AuthContext &gt; TC_AUTH_006: logout remove sessão de estado e storage" time="0.00188132">
        </testcase>
    </testsuite>
    <testsuite name="src/__tests__/contexts/DatabaseContext.test.jsx" timestamp="2026-03-23T22:19:39.713Z" hostname="runnervm46oaq" tests="4" failures="0" errors="0" skipped="0" time="0.117069175">
        <testcase classname="src/__tests__/contexts/DatabaseContext.test.jsx" name="DatabaseContext &gt; TC_DB_001: useDatabase fora do provider retorna contexto padrão" time="0.023717254">
        </testcase>
        <testcase classname="src/__tests__/contexts/DatabaseContext.test.jsx" name="DatabaseContext &gt; TC_DB_002: exibe loading enquanto inicialização não conclui" time="0.039171833">
        </testcase>
        <testcase classname="src/__tests__/contexts/DatabaseContext.test.jsx" name="DatabaseContext &gt; TC_DB_003: em sucesso, renderiza children e ready=true no contexto" time="0.026781246">
        </testcase>
        <testcase classname="src/__tests__/contexts/DatabaseContext.test.jsx" name="DatabaseContext &gt; TC_DB_004: em falha, mostra fallback de erro e registra console.error" time="0.022759954">
        </testcase>
    </testsuite>
    <testsuite name="src/__tests__/contexts/LanguageContext.test.jsx" timestamp="2026-03-23T22:19:39.714Z" hostname="runnervm46oaq" tests="6" failures="0" errors="0" skipped="0" time="0.064458602">
        <testcase classname="src/__tests__/contexts/LanguageContext.test.jsx" name="LanguageContext &gt; TC_LANG_001: lança erro quando useLanguage é chamado fora do provider" time="0.034795311">
            <system-err>
The above error occurred in the &lt;TestComponent&gt; component:

    at TestComponent (/home/runner/work/tester.com/tester.com/node_modules/@testing-library/react/dist/pure.js:328:5)

Consider adding an error boundary to your tree to customize error handling behavior.
Visit https://reactjs.org/link/error-boundaries to learn more about error boundaries.

            </system-err>
        </testcase>
        <testcase classname="src/__tests__/contexts/LanguageContext.test.jsx" name="LanguageContext &gt; TC_LANG_002: inicia em pt por padrão e traduz chave conhecida" time="0.006577603">
        </testcase>
        <testcase classname="src/__tests__/contexts/LanguageContext.test.jsx" name="LanguageContext &gt; TC_LANG_003: restaura idioma salvo no localStorage ao montar" time="0.009652355">
        </testcase>
        <testcase classname="src/__tests__/contexts/LanguageContext.test.jsx" name="LanguageContext &gt; TC_LANG_004: toggleLanguage alterna idioma e persiste em localStorage" time="0.004542759">
        </testcase>
        <testcase classname="src/__tests__/contexts/LanguageContext.test.jsx" name="LanguageContext &gt; TC_LANG_005: setAppLanguage troca para idioma válido e ignora inválido" time="0.002727254">
        </testcase>
        <testcase classname="src/__tests__/contexts/LanguageContext.test.jsx" name="LanguageContext &gt; TC_LANG_006: t faz interpolação e fallback para a própria chave" time="0.002341055">
        </testcase>
    </testsuite>
    <testsuite name="src/__tests__/db/api.test.js" timestamp="2026-03-23T22:19:39.715Z" hostname="runnervm46oaq" tests="9" failures="0" errors="0" skipped="0" time="0.014037943">
        <testcase classname="src/__tests__/db/api.test.js" name="db/api.js &gt; getProducts chama endpoint padrão" time="0.005980789">
        </testcase>
        <testcase classname="src/__tests__/db/api.test.js" name="db/api.js &gt; getProducts com categoria aplica querystring codificada" time="0.000660806">
        </testcase>
        <testcase classname="src/__tests__/db/api.test.js" name="db/api.js &gt; getProductById chama endpoint por id" time="0.000407222">
        </testcase>
        <testcase classname="src/__tests__/db/api.test.js" name="db/api.js &gt; registerUser envia POST sem Authorization mesmo com token" time="0.000826667">
        </testcase>
        <testcase classname="src/__tests__/db/api.test.js" name="db/api.js &gt; loginUser e getUserByEmail fazem POST correto" time="0.000619899">
        </testcase>
        <testcase classname="src/__tests__/db/api.test.js" name="db/api.js &gt; getCartItems inclui Authorization quando token existe" time="0.0003578">
        </testcase>
        <testcase classname="src/__tests__/db/api.test.js" name="db/api.js &gt; upsertCartItem e removeCartItem chamam endpoints de carrinho" time="0.000487422">
        </testcase>
        <testcase classname="src/__tests__/db/api.test.js" name="db/api.js &gt; lança erro com mensagem de API quando res.ok = false" time="0.001704939">
        </testcase>
        <testcase classname="src/__tests__/db/api.test.js" name="db/api.js &gt; em 401 remove auth_user/auth_token do localStorage" time="0.000830734">
        </testcase>
    </testsuite>
</testsuites>
